#
# A fatal error has been detected by the Java Runtime Environment:
#
#  SIGSEGV (0xb) at pc=0x000000010c9ab70f, pid=48007, tid=775
#
# JRE version: Java(TM) SE Runtime Environment (8.0_60-b27) (build 1.8.0_60-b27)
# Java VM: Java HotSpot(TM) 64-Bit Server VM (25.60-b23 mixed mode bsd-amd64 compressed oops)
# Problematic frame:
# V  [libjvm.dylib+0x3ab70f]
#
# Failed to write core dump. Core dumps have been disabled. To enable core dumping, try "ulimit -c unlimited" before starting Java again
#
# If you would like to submit a bug report, please visit:
#   http://bugreport.java.com/bugreport/crash.jsp
# The crash happened outside the Java Virtual Machine in native code.
# See problematic frame for where to report the bug.
#

---------------  T H R E A D  ---------------

Current thread (0x00007ff2330d5000):  JavaThread "JavaFX Application Thread" [_thread_in_native, id=775, stack(0x00007fff53e8f000,0x00007fff5468f000)]

siginfo: si_signo: 11 (SIGSEGV), si_code: 1 (SEGV_MAPERR), si_addr: 0x000000000000000d

Registers:
RAX=0xddc091ffa63100ea, RBX=0x00007ff2330d5000, RCX=0x00007ff2343016e8, RDX=0x0000000000000000
RSP=0x00007fff54688a30, RBP=0x00007fff54688a80, RSI=0x0000000000000008, RDI=0x0000000000000005
R8 =0x0000000000000726, R9 =0x00007ff2330d5000, R10=0x000000011838d6b8, R11=0x000000011838d698
R12=0x00007ff23264df58, R13=0x00000006c00de168, R14=0x0000000000000000, R15=0x0000000000000005
RIP=0x000000010c9ab70f, EFLAGS=0x0000000000010206, ERR=0x0000000000000004
  TRAPNO=0x000000000000000e

Top of Stack: (sp=0x00007fff54688a30)
0x00007fff54688a30:   0000000000000031 00007ff23264df50
0x00007fff54688a40:   00007fff54688a60 00007ff2330d5000
0x00007fff54688a50:   000000076c3f2608 ddc091ffa63100ea
0x00007fff54688a60:   00007ff2330d5000 00007ff23264df58
0x00007fff54688a70:   0000000000000000 0000000000000005
0x00007fff54688a80:   00007fff54688af0 000000010c8efa9e
0x00007fff54688a90:   0000011bc001b780 0000002500000726
0x00007fff54688aa0:   00007ff23264deb0 00007ff234301300
0x00007fff54688ab0:   00007ff234301310 00007ff2343016e8
0x00007fff54688ac0:   00000000000003d8 000000000000011b
0x00007fff54688ad0:   0000000000000025 00000006c00de168
0x00007fff54688ae0:   00007ff2330d5000 0000000000250000
0x00007fff54688af0:   00007fff54688b60 000000010c8efec9
0x00007fff54688b00:   0000000000000011 0000072600000000
0x00007fff54688b10:   000000076c487308 00007ff23264df30
0x00007fff54688b20:   00007ff23264df38 00007ff23264df40
0x00007fff54688b30:   00007ff23264df48 0000000000000002
0x00007fff54688b40:   00007ff2330d5000 00007fff54688c30
0x00007fff54688b50:   00007fff54688bd0 00007ff2330d51f8
0x00007fff54688b60:   00007fff54688bc0 000000010c94c423
0x00007fff54688b70:   000000010ce25610 000000010c6b2ef6
0x00007fff54688b80:   0000000000000000 0000000000000000
0x00007fff54688b90:   00007ff2330d5000 00007ff2330d5000
0x00007fff54688ba0:   0000000116fa68e8 0000000000000000
0x00007fff54688bb0:   0000000000000000 00007ff2330d5000
0x00007fff54688bc0:   00007fff54688c10 000000011838d728
0x00007fff54688bd0:   000000076c3f20c0 00007ff2330d5000
0x00007fff54688be0:   00007fff54688c00 000000010c7f1992
0x00007fff54688bf0:   0000000000000012 0000000000000012
0x00007fff54688c00:   00007fff54688c30 000000010c8e66a4
0x00007fff54688c10:   00007fff54688ca0 0000000117fa49d0
0x00007fff54688c20:   00000000000000bd 0000000117fa49d0 

Instructions: (pc=0x000000010c9ab70f)
0x000000010c9ab6ef:   f5 17 00 55 48 89 e5 41 57 41 56 41 54 53 48 83
0x000000010c9ab6ff:   ec 30 48 8b 05 40 4b 45 00 48 8b 00 48 89 45 d8
0x000000010c9ab70f:   83 7f 08 00 48 89 fb 0f 8e c3 00 00 00 0f b7 83
0x000000010c9ab71f:   0e 01 00 00 a8 08 0f 84 b4 00 00 00 48 8b 7b 68 

Register to memory mapping:

RAX=0xddc091ffa63100ea is an unknown value
RBX=0x00007ff2330d5000 is a thread
RCX=0x00007ff2343016e8 is an unknown value
RDX=0x0000000000000000 is an unknown value
RSP=0x00007fff54688a30 is pointing into the stack for thread: 0x00007ff2330d5000
RBP=0x00007fff54688a80 is pointing into the stack for thread: 0x00007ff2330d5000
RSI=0x0000000000000008 is an unknown value
RDI=0x0000000000000005 is an unknown value
R8 =0x0000000000000726 is an unknown value
R9 =0x00007ff2330d5000 is a thread
R10=0x000000011838d6b8 is at entry_point+56 in (nmethod*)0x000000011838d510
R11=0x000000011838d698 is at entry_point+24 in (nmethod*)0x000000011838d510
R12=0x00007ff23264df58 is an unknown value
R13=0x00000006c00de168 is an oop
java.lang.Class 
 - klass: 'java/lang/Class'
R14=0x0000000000000000 is an unknown value
R15=0x0000000000000005 is an unknown value


Stack: [0x00007fff53e8f000,0x00007fff5468f000],  sp=0x00007fff54688a30,  free space=8166k
Native frames: (J=compiled Java code, j=interpreted, Vv=VM code, C=native code)
V  [libjvm.dylib+0x3ab70f]
V  [libjvm.dylib+0x2efa9e]
V  [libjvm.dylib+0x2efec9]
V  [libjvm.dylib+0x34c423]
J 1082  java.lang.Throwable.getStackTraceElement(I)Ljava/lang/StackTraceElement; (0 bytes) @ 0x000000011838d728 [0x000000011838d680+0xa8]
j  java.lang.Throwable.getOurStackTrace()[Ljava/lang/StackTraceElement;+51
j  java.lang.Throwable.printStackTrace(Ljava/lang/Throwable$PrintStreamOrWriter;)V+32
j  java.lang.Throwable.printStackTrace(Ljava/io/PrintStream;)V+9
j  java.lang.ThreadGroup.uncaughtException(Ljava/lang/Thread;Ljava/lang/Throwable;)V+82
j  java.lang.ThreadGroup.uncaughtException(Ljava/lang/Thread;Ljava/lang/Throwable;)V+13
j  com.sun.glass.ui.Application.reportException(Ljava/lang/Throwable;)V+12
v  ~StubRoutines::call_stub
V  [libjvm.dylib+0x2eab0e]
V  [libjvm.dylib+0x321820]
V  [libjvm.dylib+0x31a59a]
C  [libglass.dylib+0x467f]  -[GlassRunnable run]+0xaf
C  [Foundation+0x717ba]  __NSThreadPerformPerform+0x146
C  [CoreFoundation+0xa43e1]  __CFRUNLOOP_IS_CALLING_OUT_TO_A_SOURCE0_PERFORM_FUNCTION__+0x11
C  [CoreFoundation+0x8565c]  __CFRunLoopDoSources0+0x22c
C  [CoreFoundation+0x84b46]  __CFRunLoopRun+0x3a6
C  [CoreFoundation+0x84544]  CFRunLoopRunSpecific+0x1a4
C  [HIToolbox+0x30ebc]  RunCurrentEventLoopInMode+0xf0
C  [HIToolbox+0x30cf1]  ReceiveNextEventCommon+0x1b0
C  [HIToolbox+0x30b26]  _BlockUntilNextEventMatchingListInModeWithFilter+0x47
C  [AppKit+0x46a54]  _DPSNextEvent+0x460
C  [AppKit+0x7c27ee]  -[NSApplication(NSEvent) _nextEventMatchingEventMask:untilDate:inMode:dequeue:]+0xaec
C  [AppKit+0x3b3db]  -[NSApplication run]+0x39e
C  [libglass.dylib+0x65ec]  -[GlassApplication runLoop:]+0x72c
C  [Foundation+0x717ba]  __NSThreadPerformPerform+0x146
C  [CoreFoundation+0xa43e1]  __CFRUNLOOP_IS_CALLING_OUT_TO_A_SOURCE0_PERFORM_FUNCTION__+0x11
C  [CoreFoundation+0x8565c]  __CFRunLoopDoSources0+0x22c
C  [CoreFoundation+0x84b46]  __CFRunLoopRun+0x3a6
C  [CoreFoundation+0x84544]  CFRunLoopRunSpecific+0x1a4
C  [java+0x6463]  CreateExecutionEnvironment+0x367
C  [java+0x21ac]  JLI_Launch+0x7a0
C  [java+0x84c0]  main+0x65
C  [java+0x1a04]  start+0x34
C  0x0000000000000007

Java frames: (J=compiled Java code, j=interpreted, Vv=VM code)
J 1082  java.lang.Throwable.getStackTraceElement(I)Ljava/lang/StackTraceElement; (0 bytes) @ 0x000000011838d6b8 [0x000000011838d680+0x38]
j  java.lang.Throwable.getOurStackTrace()[Ljava/lang/StackTraceElement;+51
j  java.lang.Throwable.printStackTrace(Ljava/lang/Throwable$PrintStreamOrWriter;)V+32
j  java.lang.Throwable.printStackTrace(Ljava/io/PrintStream;)V+9
j  java.lang.ThreadGroup.uncaughtException(Ljava/lang/Thread;Ljava/lang/Throwable;)V+82
j  java.lang.ThreadGroup.uncaughtException(Ljava/lang/Thread;Ljava/lang/Throwable;)V+13
j  com.sun.glass.ui.Application.reportException(Ljava/lang/Throwable;)V+12
v  ~StubRoutines::call_stub

---------------  P R O C E S S  ---------------

Java Threads: ( => current thread )
  0x00007ff233317800 JavaThread "pool-4-thread-3" [_thread_blocked, id=82691, stack(0x00007000081a4000,0x00007000082a4000)]
  0x00007ff233316800 JavaThread "pool-4-thread-2" [_thread_blocked, id=82179, stack(0x00007000080a1000,0x00007000081a1000)]
  0x00007ff233316000 JavaThread "pool-4-thread-1" [_thread_blocked, id=81667, stack(0x0000700007f9e000,0x000070000809e000)]
  0x00007ff2330f5800 JavaThread "process reaper" daemon [_thread_blocked, id=79791, stack(0x0000700007f73000,0x0000700007f9b000)]
  0x00007ff232b32000 JavaThread "Prism Font Disposer" daemon [_thread_blocked, id=61531, stack(0x0000700007ded000,0x0000700007eed000)]
  0x00007ff23314a800 JavaThread "Thread-5" [_thread_blocked, id=58115, stack(0x0000700007cea000,0x0000700007dea000)]
  0x00007ff233947800 JavaThread "pool-2-thread-1" [_thread_blocked, id=57379, stack(0x0000700007be7000,0x0000700007ce7000)]
  0x00007ff232acf800 JavaThread "JavaFX-Launcher" [_thread_blocked, id=57095, stack(0x0000700007ae4000,0x0000700007be4000)]
  0x00007ff232ac7800 JavaThread "Thread-3" daemon [_thread_in_native, id=43011, stack(0x00007000079de000,0x0000700007a5e000)]
=>0x00007ff2330d5000 JavaThread "JavaFX Application Thread" [_thread_in_native, id=775, stack(0x00007fff53e8f000,0x00007fff5468f000)]
  0x00007ff23518b800 JavaThread "Thread-1" daemon [_thread_blocked, id=29187, stack(0x00007000076cf000,0x00007000077cf000)]
  0x00007ff233867800 JavaThread "QuantumRenderer-0" daemon [_thread_blocked, id=22787, stack(0x00007000075cc000,0x00007000076cc000)]
  0x00007ff23602c000 JavaThread "Service Thread" daemon [_thread_blocked, id=21763, stack(0x00007000073c6000,0x00007000074c6000)]
  0x00007ff236800000 JavaThread "C1 CompilerThread3" daemon [_thread_blocked, id=21251, stack(0x00007000072c3000,0x00007000073c3000)]
  0x00007ff236008800 JavaThread "C2 CompilerThread2" daemon [_thread_blocked, id=20739, stack(0x00007000071c0000,0x00007000072c0000)]
  0x00007ff233076000 JavaThread "C2 CompilerThread1" daemon [_thread_blocked, id=20227, stack(0x00007000070bd000,0x00007000071bd000)]
  0x00007ff233075800 JavaThread "C2 CompilerThread0" daemon [_thread_blocked, id=19715, stack(0x0000700006fba000,0x00007000070ba000)]
  0x00007ff23301f000 JavaThread "Monitor Ctrl-Break" daemon [_thread_in_native, id=19203, stack(0x0000700006eb7000,0x0000700006fb7000)]
  0x00007ff233800800 JavaThread "Signal Dispatcher" daemon [_thread_blocked, id=18691, stack(0x0000700006db4000,0x0000700006eb4000)]
  0x00007ff23280a000 JavaThread "Finalizer" daemon [_thread_blocked, id=14595, stack(0x0000700006cb1000,0x0000700006db1000)]
  0x00007ff233046800 JavaThread "Reference Handler" daemon [_thread_blocked, id=14083, stack(0x0000700006bae000,0x0000700006cae000)]
  0x00007ff233003000 JavaThread "main" [_thread_blocked, id=7171, stack(0x0000700006190000,0x0000700006290000)]

Other Threads:
  0x00007ff233043800 VMThread [stack: 0x0000700006aab000,0x0000700006bab000] [id=13571]
  0x00007ff233824000 WatcherThread [stack: 0x00007000074c9000,0x00007000075c9000] [id=22275]

VM state:not at safepoint (normal execution)

VM Mutex/Monitor currently owned by a thread: None

Heap:
 PSYoungGen      total 76288K, used 27409K [0x000000076ab00000, 0x0000000770000000, 0x00000007c0000000)
  eden space 65536K, 41% used [0x000000076ab00000,0x000000076c5c44d0,0x000000076eb00000)
  from space 10752K, 0% used [0x000000076f580000,0x000000076f580000,0x0000000770000000)
  to   space 10752K, 0% used [0x000000076eb00000,0x000000076eb00000,0x000000076f580000)
 ParOldGen       total 116736K, used 6915K [0x00000006c0000000, 0x00000006c7200000, 0x000000076ab00000)
  object space 116736K, 5% used [0x00000006c0000000,0x00000006c06c0cd0,0x00000006c7200000)
 Metaspace       used 22780K, capacity 24196K, committed 24240K, reserved 1071104K
  class space    used 3194K, capacity 3491K, committed 3504K, reserved 1048576K

Card table byte_map: [0x000000010d9e3000,0x000000010e1e4000] byte_map_base: 0x000000010a3e3000

Marking Bits: (ParMarkBitMap*) 0x000000010cedee20
 Begin Bits: [0x000000010e73a000, 0x000000011273a000)
 End Bits:   [0x000000011273a000, 0x000000011673a000)

Polling page: 0x000000010b5fc000

CodeCache: size=245760Kb used=10380Kb max_used=10380Kb free=235379Kb
 bounds [0x0000000117f9d000, 0x00000001189cd000, 0x0000000126f9d000]
 total_blobs=4100 nmethods=3409 adapters=603
 compilation: enabled

Compilation events (10 events):
Event: 6.625 Thread 0x00007ff236800000 nmethod 3389 0x00000001189bd150 code [0x00000001189bd2e0, 0x00000001189bd788]
Event: 6.625 Thread 0x00007ff236800000 3390       3       javafx.scene.shape.Shape$StyleableProperties$3::isSettable (23 bytes)
Event: 6.625 Thread 0x00007ff236800000 nmethod 3390 0x00000001189bd910 code [0x00000001189bda80, 0x00000001189bdd68]
Event: 6.626 Thread 0x00007ff236800000 3391       3       javafx.scene.shape.Shape$StyleableProperties$4::isSettable (9 bytes)
Event: 6.626 Thread 0x00007ff236800000 nmethod 3391 0x00000001189bde50 code [0x00000001189bdfc0, 0x00000001189be2d0]
Event: 6.626 Thread 0x00007ff236800000 3392       3       javafx.scene.shape.Shape$StyleableProperties$5::isSettable (9 bytes)
Event: 6.626 Thread 0x00007ff236800000 nmethod 3392 0x00000001189be390 code [0x00000001189be520, 0x00000001189bebb0]
Event: 6.626 Thread 0x00007ff236800000 3393       3       javafx.scene.shape.Shape$StyleableProperties$5::isSettable (23 bytes)
Event: 6.626 Thread 0x00007ff236800000 nmethod 3393 0x00000001189bed90 code [0x00000001189bef20, 0x00000001189bf3f0]
Event: 6.626 Thread 0x00007ff236800000 3394       3       javafx.scene.shape.Shape$StyleableProperties$6::isSettable (9 bytes)

GC Heap History (6 events):
Event: 1.113 GC heap before
{Heap before GC invocations=1 (full 0):
 PSYoungGen      total 76288K, used 65536K [0x000000076ab00000, 0x0000000770000000, 0x00000007c0000000)
  eden space 65536K, 100% used [0x000000076ab00000,0x000000076eb00000,0x000000076eb00000)
  from space 10752K, 0% used [0x000000076f580000,0x000000076f580000,0x0000000770000000)
  to   space 10752K, 0% used [0x000000076eb00000,0x000000076eb00000,0x000000076f580000)
 ParOldGen       total 175104K, used 0K [0x00000006c0000000, 0x00000006cab00000, 0x000000076ab00000)
  object space 175104K, 0% used [0x00000006c0000000,0x00000006c0000000,0x00000006cab00000)
 Metaspace       used 15074K, capacity 15676K, committed 15744K, reserved 1062912K
  class space    used 1964K, capacity 2145K, committed 2176K, reserved 1048576K
Event: 1.121 GC heap after
Heap after GC invocations=1 (full 0):
 PSYoungGen      total 76288K, used 5554K [0x000000076ab00000, 0x0000000770000000, 0x00000007c0000000)
  eden space 65536K, 0% used [0x000000076ab00000,0x000000076ab00000,0x000000076eb00000)
  from space 10752K, 51% used [0x000000076eb00000,0x000000076f06c920,0x000000076f580000)
  to   space 10752K, 0% used [0x000000076f580000,0x000000076f580000,0x0000000770000000)
 ParOldGen       total 175104K, used 80K [0x00000006c0000000, 0x00000006cab00000, 0x000000076ab00000)
  object space 175104K, 0% used [0x00000006c0000000,0x00000006c0014010,0x00000006cab00000)
 Metaspace       used 15074K, capacity 15676K, committed 15744K, reserved 1062912K
  class space    used 1964K, capacity 2145K, committed 2176K, reserved 1048576K
}
Event: 2.625 GC heap before
{Heap before GC invocations=2 (full 0):
 PSYoungGen      total 76288K, used 29240K [0x000000076ab00000, 0x0000000770000000, 0x00000007c0000000)
  eden space 65536K, 36% used [0x000000076ab00000,0x000000076c221868,0x000000076eb00000)
  from space 10752K, 51% used [0x000000076eb00000,0x000000076f06c920,0x000000076f580000)
  to   space 10752K, 0% used [0x000000076f580000,0x000000076f580000,0x0000000770000000)
 ParOldGen       total 175104K, used 80K [0x00000006c0000000, 0x00000006cab00000, 0x000000076ab00000)
  object space 175104K, 0% used [0x00000006c0000000,0x00000006c0014010,0x00000006cab00000)
 Metaspace       used 20092K, capacity 21236K, committed 21296K, reserved 1067008K
  class space    used 2873K, capacity 3115K, committed 3120K, reserved 1048576K
Event: 2.634 GC heap after
Heap after GC invocations=2 (full 0):
 PSYoungGen      total 76288K, used 7024K [0x000000076ab00000, 0x0000000770000000, 0x00000007c0000000)
  eden space 65536K, 0% used [0x000000076ab00000,0x000000076ab00000,0x000000076eb00000)
  from space 10752K, 65% used [0x000000076f580000,0x000000076fc5c030,0x0000000770000000)
  to   space 10752K, 0% used [0x000000076eb00000,0x000000076eb00000,0x000000076f580000)
 ParOldGen       total 175104K, used 88K [0x00000006c0000000, 0x00000006cab00000, 0x000000076ab00000)
  object space 175104K, 0% used [0x00000006c0000000,0x00000006c0016010,0x00000006cab00000)
 Metaspace       used 20092K, capacity 21236K, committed 21296K, reserved 1067008K
  class space    used 2873K, capacity 3115K, committed 3120K, reserved 1048576K
}
Event: 2.634 GC heap before
{Heap before GC invocations=3 (full 1):
 PSYoungGen      total 76288K, used 7024K [0x000000076ab00000, 0x0000000770000000, 0x00000007c0000000)
  eden space 65536K, 0% used [0x000000076ab00000,0x000000076ab00000,0x000000076eb00000)
  from space 10752K, 65% used [0x000000076f580000,0x000000076fc5c030,0x0000000770000000)
  to   space 10752K, 0% used [0x000000076eb00000,0x000000076eb00000,0x000000076f580000)
 ParOldGen       total 175104K, used 88K [0x00000006c0000000, 0x00000006cab00000, 0x000000076ab00000)
  object space 175104K, 0% used [0x00000006c0000000,0x00000006c0016010,0x00000006cab00000)
 Metaspace       used 20092K, capacity 21236K, committed 21296K, reserved 1067008K
  class space    used 2873K, capacity 3115K, committed 3120K, reserved 1048576K
Event: 2.668 GC heap after
Heap after GC invocations=3 (full 1):
 PSYoungGen      total 76288K, used 0K [0x000000076ab00000, 0x0000000770000000, 0x00000007c0000000)
  eden space 65536K, 0% used [0x000000076ab00000,0x000000076ab00000,0x000000076eb00000)
  from space 10752K, 0% used [0x000000076f580000,0x000000076f580000,0x0000000770000000)
  to   space 10752K, 0% used [0x000000076eb00000,0x000000076eb00000,0x000000076f580000)
 ParOldGen       total 116736K, used 6915K [0x00000006c0000000, 0x00000006c7200000, 0x000000076ab00000)
  object space 116736K, 5% used [0x00000006c0000000,0x00000006c06c0cd0,0x00000006c7200000)
 Metaspace       used 20092K, capacity 21236K, committed 21296K, reserved 1067008K
  class space    used 2873K, capacity 3115K, committed 3120K, reserved 1048576K
}

Deoptimization events (10 events):
Event: 4.197 Thread 0x00007ff2330d5000 Uncommon trap: reason=array_check action=maybe_recompile pc=0x000000011870b764 method=com.sun.javafx.css.CompoundSelector.applies(Ljavafx/css/Styleable;[Ljava/util/Set;I)Z @ 128
Event: 4.197 Thread 0x00007ff2330d5000 Uncommon trap: reason=array_check action=maybe_recompile pc=0x000000011870b764 method=com.sun.javafx.css.CompoundSelector.applies(Ljavafx/css/Styleable;[Ljava/util/Set;I)Z @ 128
Event: 4.198 Thread 0x00007ff2330d5000 Uncommon trap: reason=array_check action=maybe_recompile pc=0x000000011870b764 method=com.sun.javafx.css.CompoundSelector.applies(Ljavafx/css/Styleable;[Ljava/util/Set;I)Z @ 128
Event: 4.198 Thread 0x00007ff2330d5000 Uncommon trap: reason=array_check action=maybe_recompile pc=0x000000011870b764 method=com.sun.javafx.css.CompoundSelector.applies(Ljavafx/css/Styleable;[Ljava/util/Set;I)Z @ 128
Event: 4.257 Thread 0x00007ff233867800 Uncommon trap: reason=class_check action=maybe_recompile pc=0x00000001185749c0 method=java.util.WeakHashMap.eq(Ljava/lang/Object;Ljava/lang/Object;)Z @ 7
Event: 4.257 Thread 0x00007ff233867800 Uncommon trap: reason=class_check action=maybe_recompile pc=0x00000001185749c0 method=java.util.WeakHashMap.eq(Ljava/lang/Object;Ljava/lang/Object;)Z @ 7
Event: 4.258 Thread 0x00007ff233867800 Uncommon trap: reason=class_check action=maybe_recompile pc=0x00000001185749c0 method=java.util.WeakHashMap.eq(Ljava/lang/Object;Ljava/lang/Object;)Z @ 7
Event: 4.258 Thread 0x00007ff233867800 Uncommon trap: reason=class_check action=maybe_recompile pc=0x00000001185749c0 method=java.util.WeakHashMap.eq(Ljava/lang/Object;Ljava/lang/Object;)Z @ 7
Event: 4.402 Thread 0x00007ff233867800 Uncommon trap: reason=unstable_if action=reinterpret pc=0x00000001187c0e54 method=java.lang.Math.round(F)I @ 23
Event: 4.405 Thread 0x00007ff233867800 Uncommon trap: reason=unstable_if action=reinterpret pc=0x00000001187281e4 method=com.sun.javafx.geom.RectBounds.isEmpty()Z @ 21

Internal exceptions (10 events):
Event: 6.626 Thread 0x00007ff2330d5000 Exception <a 'java/lang/ClassCastException': com.sun.glass.ui.mac.MacAccessible cannot be cast to [Lcom.sun.glass.ui.mac.MacAccessible$MacRole;> (0x000000076c3ef800) thrown at [/Users/java_re/workspace/8-2-build-macosx-x86_64/jdk8u60/4407/hotspot/src/shar
Event: 6.626 Thread 0x00007ff2330d5000 Exception <a 'java/lang/StackOverflowError'> (0x000000076c3f1908) thrown at [/Users/java_re/workspace/8-2-build-macosx-x86_64/jdk8u60/4407/hotspot/src/share/vm/runtime/javaCalls.cpp, line 386]
Event: 6.626 Thread 0x00007ff2330d5000 Exception <a 'java/lang/StackOverflowError'> (0x000000076c3f1bd8) thrown at [/Users/java_re/workspace/8-2-build-macosx-x86_64/jdk8u60/4407/hotspot/src/share/vm/runtime/javaCalls.cpp, line 386]
Event: 6.626 Thread 0x00007ff2330d5000 Exception <a 'java/lang/StackOverflowError'> (0x000000076c3f1bd8) thrown at [/Users/java_re/workspace/8-2-build-macosx-x86_64/jdk8u60/4407/hotspot/src/share/vm/classfile/systemDictionary.cpp, line 1528]
Event: 6.626 Thread 0x00007ff2330d5000 Exception <a 'java/lang/StackOverflowError'> (0x000000076c3f1bf8) thrown at [/Users/java_re/workspace/8-2-build-macosx-x86_64/jdk8u60/4407/hotspot/src/share/vm/runtime/javaCalls.cpp, line 386]
Event: 6.626 Thread 0x00007ff2330d5000 Exception <a 'java/lang/StackOverflowError'> (0x000000076c3f20a0) thrown at [/Users/java_re/workspace/8-2-build-macosx-x86_64/jdk8u60/4407/hotspot/src/share/vm/runtime/javaCalls.cpp, line 386]
Event: 6.626 Thread 0x00007ff2330d5000 Exception <a 'java/lang/StackOverflowError'> (0x000000076c3f20a0) thrown at [/Users/java_re/workspace/8-2-build-macosx-x86_64/jdk8u60/4407/hotspot/src/share/vm/prims/jvm.cpp, line 1390]
Event: 6.626 Thread 0x00007ff2330d5000 Exception <a 'java/lang/StackOverflowError'> (0x000000076c3f20c0) thrown at [/Users/java_re/workspace/8-2-build-macosx-x86_64/jdk8u60/4407/hotspot/src/share/vm/runtime/javaCalls.cpp, line 386]
Event: 6.626 Thread 0x00007ff2330d5000 Exception <a 'java/lang/StackOverflowError'> (0x000000076c3f2628) thrown at [/Users/java_re/workspace/8-2-build-macosx-x86_64/jdk8u60/4407/hotspot/src/share/vm/runtime/javaCalls.cpp, line 386]
Event: 6.626 Thread 0x00007ff2330d5000 Exception <a 'java/lang/StackOverflowError'> (0x000000076c3f2648) thrown at [/Users/java_re/workspace/8-2-build-macosx-x86_64/jdk8u60/4407/hotspot/src/share/vm/runtime/javaCalls.cpp, line 386]

Events (10 events):
Event: 6.626 Executing VM operation: RevokeBias
Event: 6.626 Executing VM operation: RevokeBias done
Event: 6.626 loading class java/lang/ProcessBuilder$NullOutputStream
Event: 6.626 loading class java/lang/Throwable$WrappedPrintStream
Event: 6.626 loading class java/lang/ProcessBuilder$NullOutputStream done
Event: 6.626 loading class java/lang/Throwable$WrappedPrintStream done
Event: 6.626 loading class java/io/InterruptedIOException
Event: 6.626 loading class java/io/InterruptedIOException done
Event: 6.626 loading class java/io/InterruptedIOException
Event: 6.626 loading class java/io/InterruptedIOException done


Dynamic libraries:
0x00000000159be000 	/System/Library/Frameworks/Cocoa.framework/Versions/A/Cocoa
0x00000000159be000 	/System/Library/Frameworks/Security.framework/Versions/A/Security
0x00000000159be000 	/System/Library/Frameworks/ApplicationServices.framework/Versions/A/ApplicationServices
0x00000000159be000 	/usr/lib/libz.1.dylib
0x00000000159be000 	/usr/lib/libSystem.B.dylib
0x00000000159be000 	/usr/lib/libobjc.A.dylib
0x00000000159be000 	/System/Library/Frameworks/CoreFoundation.framework/Versions/A/CoreFoundation
0x00000000159be000 	/System/Library/Frameworks/Foundation.framework/Versions/C/Foundation
0x00000000159be000 	/System/Library/Frameworks/AppKit.framework/Versions/C/AppKit
0x00000000159be000 	/System/Library/Frameworks/CoreData.framework/Versions/A/CoreData
0x00000000159be000 	/System/Library/PrivateFrameworks/RemoteViewServices.framework/Versions/A/RemoteViewServices
0x00000000159be000 	/System/Library/PrivateFrameworks/UIFoundation.framework/Versions/A/UIFoundation
0x00000000159be000 	/System/Library/PrivateFrameworks/DFRFoundation.framework/Versions/A/DFRFoundation
0x00000000159be000 	/usr/lib/libenergytrace.dylib
0x00000000159be000 	/System/Library/PrivateFrameworks/SkyLight.framework/Versions/A/SkyLight
0x00000000159be000 	/System/Library/Frameworks/CoreGraphics.framework/Versions/A/CoreGraphics
0x00000000159be000 	/usr/lib/libScreenReader.dylib
0x00000000159be000 	/System/Library/Frameworks/Accelerate.framework/Versions/A/Accelerate
0x00000000159be000 	/System/Library/Frameworks/IOSurface.framework/Versions/A/IOSurface
0x00000000159be000 	/System/Library/Frameworks/AudioToolbox.framework/Versions/A/AudioToolbox
0x00000000159be000 	/System/Library/Frameworks/AudioUnit.framework/Versions/A/AudioUnit
0x00000000159be000 	/System/Library/PrivateFrameworks/DataDetectorsCore.framework/Versions/A/DataDetectorsCore
0x00000000159be000 	/System/Library/PrivateFrameworks/DesktopServicesPriv.framework/Versions/A/DesktopServicesPriv
0x00000000159be000 	/System/Library/Frameworks/Carbon.framework/Versions/A/Frameworks/HIToolbox.framework/Versions/A/HIToolbox
0x00000000159be000 	/usr/lib/libicucore.A.dylib
0x00000000159be000 	/System/Library/Frameworks/QuartzCore.framework/Versions/A/QuartzCore
0x00000000159be000 	/System/Library/Frameworks/Carbon.framework/Versions/A/Frameworks/SpeechRecognition.framework/Versions/A/SpeechRecognition
0x00000000159be000 	/usr/lib/libauto.dylib
0x00000000159be000 	/usr/lib/libxml2.2.dylib
0x00000000159be000 	/System/Library/PrivateFrameworks/CoreUI.framework/Versions/A/CoreUI
0x00000000159be000 	/System/Library/Frameworks/CoreAudio.framework/Versions/A/CoreAudio
0x00000000159be000 	/System/Library/Frameworks/DiskArbitration.framework/Versions/A/DiskArbitration
0x00000000159be000 	/usr/lib/liblangid.dylib
0x00000000159be000 	/System/Library/PrivateFrameworks/MultitouchSupport.framework/Versions/A/MultitouchSupport
0x00000000159be000 	/System/Library/Frameworks/IOKit.framework/Versions/A/IOKit
0x00000000159be000 	/usr/lib/libDiagnosticMessagesClient.dylib
0x00000000159be000 	/System/Library/Frameworks/CoreServices.framework/Versions/A/CoreServices
0x00000000159be000 	/System/Library/PrivateFrameworks/PerformanceAnalysis.framework/Versions/A/PerformanceAnalysis
0x00000000159be000 	/System/Library/PrivateFrameworks/GenerationalStorage.framework/Versions/A/GenerationalStorage
0x00000000159be000 	/System/Library/Frameworks/OpenGL.framework/Versions/A/OpenGL
0x00000000159be000 	/System/Library/Frameworks/CoreImage.framework/Versions/A/CoreImage
0x00000000159be000 	/System/Library/Frameworks/CoreText.framework/Versions/A/CoreText
0x00000000159be000 	/System/Library/Frameworks/ImageIO.framework/Versions/A/ImageIO
0x00000000159be000 	/System/Library/PrivateFrameworks/Backup.framework/Versions/A/Backup
0x00000000159be000 	/usr/lib/libarchive.2.dylib
0x00000000159be000 	/System/Library/Frameworks/CFNetwork.framework/Versions/A/CFNetwork
0x00000000159be000 	/System/Library/Frameworks/SystemConfiguration.framework/Versions/A/SystemConfiguration
0x00000000159be000 	/usr/lib/libCRFSuite.dylib
0x00000000159be000 	/usr/lib/libc++.1.dylib
0x00000000159be000 	/usr/lib/libc++abi.dylib
0x00000000159be000 	/usr/lib/system/libcache.dylib
0x00000000159be000 	/usr/lib/system/libcommonCrypto.dylib
0x00000000159be000 	/usr/lib/system/libcompiler_rt.dylib
0x00000000159be000 	/usr/lib/system/libcopyfile.dylib
0x00000000159be000 	/usr/lib/system/libcorecrypto.dylib
0x00000000159be000 	/usr/lib/system/libdispatch.dylib
0x00000000159be000 	/usr/lib/system/libdyld.dylib
0x00000000159be000 	/usr/lib/system/libkeymgr.dylib
0x00000000159be000 	/usr/lib/system/liblaunch.dylib
0x00000000159be000 	/usr/lib/system/libmacho.dylib
0x00000000159be000 	/usr/lib/system/libquarantine.dylib
0x00000000159be000 	/usr/lib/system/libremovefile.dylib
0x00000000159be000 	/usr/lib/system/libsystem_asl.dylib
0x00000000159be000 	/usr/lib/system/libsystem_blocks.dylib
0x00000000159be000 	/usr/lib/system/libsystem_c.dylib
0x00000000159be000 	/usr/lib/system/libsystem_configuration.dylib
0x00000000159be000 	/usr/lib/system/libsystem_coreservices.dylib
0x00000000159be000 	/usr/lib/system/libsystem_coretls.dylib
0x00000000159be000 	/usr/lib/system/libsystem_dnssd.dylib
0x00000000159be000 	/usr/lib/system/libsystem_info.dylib
0x00000000159be000 	/usr/lib/system/libsystem_kernel.dylib
0x00000000159be000 	/usr/lib/system/libsystem_m.dylib
0x00000000159be000 	/usr/lib/system/libsystem_malloc.dylib
0x00000000159be000 	/usr/lib/system/libsystem_network.dylib
0x00000000159be000 	/usr/lib/system/libsystem_networkextension.dylib
0x00000000159be000 	/usr/lib/system/libsystem_notify.dylib
0x00000000159be000 	/usr/lib/system/libsystem_platform.dylib
0x00000000159be000 	/usr/lib/system/libsystem_pthread.dylib
0x00000000159be000 	/usr/lib/system/libsystem_sandbox.dylib
0x00000000159be000 	/usr/lib/system/libsystem_secinit.dylib
0x00000000159be000 	/usr/lib/system/libsystem_symptoms.dylib
0x00000000159be000 	/usr/lib/system/libsystem_trace.dylib
0x00000000159be000 	/usr/lib/system/libunwind.dylib
0x00000000159be000 	/usr/lib/system/libxpc.dylib
0x00000000159be000 	/usr/lib/libbsm.0.dylib
0x00000000159be000 	/usr/lib/system/libkxld.dylib
0x00000000159be000 	/usr/lib/libcoretls.dylib
0x00000000159be000 	/usr/lib/libcoretls_cfhelpers.dylib
0x00000000159be000 	/usr/lib/libOpenScriptingUtil.dylib
0x00000000159be000 	/usr/lib/libpam.2.dylib
0x00000000159be000 	/usr/lib/libsqlite3.dylib
0x00000000159be000 	/usr/lib/libxar.1.dylib
0x00000000159be000 	/usr/lib/libbz2.1.0.dylib
0x00000000159be000 	/usr/lib/liblzma.5.dylib
0x00000000159be000 	/usr/lib/libnetwork.dylib
0x00000000159be000 	/usr/lib/libpcap.A.dylib
0x00000000159be000 	/System/Library/Frameworks/CoreServices.framework/Versions/A/Frameworks/FSEvents.framework/Versions/A/FSEvents
0x00000000159be000 	/System/Library/Frameworks/CoreServices.framework/Versions/A/Frameworks/CarbonCore.framework/Versions/A/CarbonCore
0x00000000159be000 	/System/Library/Frameworks/CoreServices.framework/Versions/A/Frameworks/Metadata.framework/Versions/A/Metadata
0x00000000159be000 	/System/Library/Frameworks/CoreServices.framework/Versions/A/Frameworks/OSServices.framework/Versions/A/OSServices
0x00000000159be000 	/System/Library/Frameworks/CoreServices.framework/Versions/A/Frameworks/SearchKit.framework/Versions/A/SearchKit
0x00000000159be000 	/System/Library/Frameworks/CoreServices.framework/Versions/A/Frameworks/AE.framework/Versions/A/AE
0x00000000159be000 	/System/Library/Frameworks/CoreServices.framework/Versions/A/Frameworks/LaunchServices.framework/Versions/A/LaunchServices
0x00000000159be000 	/System/Library/Frameworks/CoreServices.framework/Versions/A/Frameworks/DictionaryServices.framework/Versions/A/DictionaryServices
0x00000000159be000 	/System/Library/Frameworks/CoreServices.framework/Versions/A/Frameworks/SharedFileList.framework/Versions/A/SharedFileList
0x00000000159be000 	/System/Library/Frameworks/NetFS.framework/Versions/A/NetFS
0x00000000159be000 	/System/Library/PrivateFrameworks/NetAuth.framework/Versions/A/NetAuth
0x00000000159be000 	/System/Library/PrivateFrameworks/login.framework/Versions/A/Frameworks/loginsupport.framework/Versions/A/loginsupport
0x00000000159be000 	/System/Library/PrivateFrameworks/TCC.framework/Versions/A/TCC
0x00000000159be000 	/usr/lib/libmecabra.dylib
0x00000000159be000 	/System/Library/Frameworks/ApplicationServices.framework/Versions/A/Frameworks/ATS.framework/Versions/A/ATS
0x00000000159be000 	/System/Library/Frameworks/ApplicationServices.framework/Versions/A/Frameworks/ColorSync.framework/Versions/A/ColorSync
0x00000000159be000 	/System/Library/Frameworks/ApplicationServices.framework/Versions/A/Frameworks/HIServices.framework/Versions/A/HIServices
0x00000000159be000 	/System/Library/Frameworks/ApplicationServices.framework/Versions/A/Frameworks/LangAnalysis.framework/Versions/A/LangAnalysis
0x00000000159be000 	/System/Library/Frameworks/ApplicationServices.framework/Versions/A/Frameworks/PrintCore.framework/Versions/A/PrintCore
0x00000000159be000 	/System/Library/Frameworks/ApplicationServices.framework/Versions/A/Frameworks/QD.framework/Versions/A/QD
0x00000000159be000 	/System/Library/Frameworks/ApplicationServices.framework/Versions/A/Frameworks/SpeechSynthesis.framework/Versions/A/SpeechSynthesis
0x00000000159be000 	/System/Library/Frameworks/Accelerate.framework/Versions/A/Frameworks/vImage.framework/Versions/A/vImage
0x00000000159be000 	/System/Library/Frameworks/Accelerate.framework/Versions/A/Frameworks/vecLib.framework/Versions/A/vecLib
0x00000000159be000 	/System/Library/Frameworks/Accelerate.framework/Versions/A/Frameworks/vecLib.framework/Versions/A/libvDSP.dylib
0x00000000159be000 	/System/Library/Frameworks/Accelerate.framework/Versions/A/Frameworks/vecLib.framework/Versions/A/libBNNS.dylib
0x00000000159be000 	/System/Library/Frameworks/Accelerate.framework/Versions/A/Frameworks/vecLib.framework/Versions/A/libQuadrature.dylib
0x00000000159be000 	/System/Library/Frameworks/Accelerate.framework/Versions/A/Frameworks/vecLib.framework/Versions/A/libvMisc.dylib
0x00000000159be000 	/System/Library/Frameworks/Accelerate.framework/Versions/A/Frameworks/vecLib.framework/Versions/A/libLAPACK.dylib
0x00000000159be000 	/System/Library/Frameworks/Accelerate.framework/Versions/A/Frameworks/vecLib.framework/Versions/A/libBLAS.dylib
0x00000000159be000 	/System/Library/Frameworks/Accelerate.framework/Versions/A/Frameworks/vecLib.framework/Versions/A/libLinearAlgebra.dylib
0x00000000159be000 	/System/Library/Frameworks/Accelerate.framework/Versions/A/Frameworks/vecLib.framework/Versions/A/libSparseBLAS.dylib
0x00000000159be000 	/System/Library/Frameworks/ApplicationServices.framework/Versions/A/Frameworks/ATS.framework/Versions/A/Resources/libFontParser.dylib
0x00000000159be000 	/System/Library/Frameworks/ApplicationServices.framework/Versions/A/Frameworks/ATS.framework/Versions/A/Resources/libFontRegistry.dylib
0x00000000159be000 	/System/Library/Frameworks/ImageIO.framework/Versions/A/Resources/libJPEG.dylib
0x00000000159be000 	/System/Library/Frameworks/ImageIO.framework/Versions/A/Resources/libTIFF.dylib
0x00000000159be000 	/System/Library/Frameworks/ImageIO.framework/Versions/A/Resources/libPng.dylib
0x00000000159be000 	/System/Library/Frameworks/ImageIO.framework/Versions/A/Resources/libGIF.dylib
0x00000000159be000 	/System/Library/Frameworks/ImageIO.framework/Versions/A/Resources/libJP2.dylib
0x00000000159be000 	/System/Library/Frameworks/ImageIO.framework/Versions/A/Resources/libRadiance.dylib
0x00000000159be000 	/usr/lib/libcompression.dylib
0x00000000159be000 	/System/Library/PrivateFrameworks/AppleJPEG.framework/Versions/A/AppleJPEG
0x00000000159be000 	/usr/lib/libcups.2.dylib
0x00000000159be000 	/System/Library/Frameworks/Kerberos.framework/Versions/A/Kerberos
0x00000000159be000 	/System/Library/Frameworks/GSS.framework/Versions/A/GSS
0x00000000159be000 	/usr/lib/libresolv.9.dylib
0x00000000159be000 	/usr/lib/libiconv.2.dylib
0x00000000159be000 	/System/Library/PrivateFrameworks/Heimdal.framework/Versions/A/Heimdal
0x00000000159be000 	/usr/lib/libheimdal-asn1.dylib
0x00000000159be000 	/System/Library/Frameworks/OpenDirectory.framework/Versions/A/OpenDirectory
0x00000000159be000 	/System/Library/PrivateFrameworks/CommonAuth.framework/Versions/A/CommonAuth
0x00000000159be000 	/System/Library/Frameworks/OpenDirectory.framework/Versions/A/Frameworks/CFOpenDirectory.framework/Versions/A/CFOpenDirectory
0x00000000159be000 	/System/Library/Frameworks/SecurityFoundation.framework/Versions/A/SecurityFoundation
0x00000000159be000 	/System/Library/PrivateFrameworks/LanguageModeling.framework/Versions/A/LanguageModeling
0x00000000159be000 	/usr/lib/libmarisa.dylib
0x00000000159be000 	/usr/lib/libChineseTokenizer.dylib
0x00000000159be000 	/usr/lib/libcmph.dylib
0x00000000159be000 	/System/Library/PrivateFrameworks/CoreEmoji.framework/Versions/A/CoreEmoji
0x00000000159be000 	/System/Library/Frameworks/ServiceManagement.framework/Versions/A/ServiceManagement
0x00000000159be000 	/usr/lib/libxslt.1.dylib
0x00000000159be000 	/System/Library/Frameworks/Carbon.framework/Versions/A/Frameworks/Ink.framework/Versions/A/Ink
0x00000000159be000 	/System/Library/PrivateFrameworks/TextureIO.framework/Versions/A/TextureIO
0x00000000159be000 	/System/Library/Frameworks/Metal.framework/Versions/A/Metal
0x00000000159be000 	/usr/lib/libate.dylib
0x00000000159be000 	/System/Library/PrivateFrameworks/GPUCompiler.framework/libmetal_timestamp.dylib
0x00000000159be000 	/System/Library/Frameworks/OpenGL.framework/Versions/A/Libraries/libCoreFSCache.dylib
0x00000000159be000 	/System/Library/PrivateFrameworks/IOAccelerator.framework/Versions/A/IOAccelerator
0x00000000159be000 	/System/Library/Frameworks/CoreVideo.framework/Versions/A/CoreVideo
0x00000000159be000 	/usr/lib/libFosl_dynamic.dylib
0x00000000159be000 	/System/Library/PrivateFrameworks/MetalPerformanceShaders.framework/Versions/A/MetalPerformanceShaders
0x00000000159be000 	/System/Library/PrivateFrameworks/FaceCore.framework/Versions/A/FaceCore
0x00000000159be000 	/System/Library/Frameworks/OpenCL.framework/Versions/A/OpenCL
0x00000000159be000 	/System/Library/Frameworks/OpenGL.framework/Versions/A/Libraries/libGLU.dylib
0x00000000159be000 	/System/Library/Frameworks/OpenGL.framework/Versions/A/Libraries/libGFXShared.dylib
0x00000000159be000 	/System/Library/Frameworks/OpenGL.framework/Versions/A/Libraries/libGL.dylib
0x00000000159be000 	/System/Library/Frameworks/OpenGL.framework/Versions/A/Libraries/libGLImage.dylib
0x00000000159be000 	/System/Library/Frameworks/OpenGL.framework/Versions/A/Libraries/libCVMSPluginSupport.dylib
0x00000000159be000 	/System/Library/Frameworks/OpenGL.framework/Versions/A/Libraries/libCoreVMClient.dylib
0x00000000159be000 	/System/Library/PrivateFrameworks/CrashReporterSupport.framework/Versions/A/CrashReporterSupport
0x00000000159be000 	/System/Library/PrivateFrameworks/Sharing.framework/Versions/A/Sharing
0x00000000159be000 	/System/Library/PrivateFrameworks/IconServices.framework/Versions/A/IconServices
0x00000000159be000 	/System/Library/PrivateFrameworks/ProtocolBuffer.framework/Versions/A/ProtocolBuffer
0x00000000159be000 	/System/Library/PrivateFrameworks/Apple80211.framework/Versions/A/Apple80211
0x00000000159be000 	/System/Library/Frameworks/CoreWLAN.framework/Versions/A/CoreWLAN
0x00000000159be000 	/System/Library/PrivateFrameworks/CoreUtils.framework/Versions/A/CoreUtils
0x00000000159be000 	/System/Library/Frameworks/IOBluetooth.framework/Versions/A/IOBluetooth
0x00000000159be000 	/System/Library/PrivateFrameworks/CoreWiFi.framework/Versions/A/CoreWiFi
0x00000000159be000 	/System/Library/Frameworks/CoreBluetooth.framework/Versions/A/CoreBluetooth
0x00000000159be000 	/System/Library/Frameworks/CoreDisplay.framework/Versions/A/CoreDisplay
0x00000000159be000 	/System/Library/PrivateFrameworks/IOPresentment.framework/Versions/A/IOPresentment
0x00000000159be000 	/System/Library/PrivateFrameworks/DSExternalDisplay.framework/Versions/A/DSExternalDisplay
0x00000000159be000 	/System/Library/PrivateFrameworks/DebugSymbols.framework/Versions/A/DebugSymbols
0x00000000159be000 	/System/Library/PrivateFrameworks/CoreSymbolication.framework/Versions/A/CoreSymbolication
0x00000000159be000 	/System/Library/PrivateFrameworks/Symbolication.framework/Versions/A/Symbolication
0x00000000159be000 	/System/Library/PrivateFrameworks/AppleFSCompression.framework/Versions/A/AppleFSCompression
0x00000000159be000 	/System/Library/PrivateFrameworks/SpeechRecognitionCore.framework/Versions/A/SpeechRecognitionCore
0x00000000159be000 	/System/Library/PrivateFrameworks/ChunkingLibrary.framework/Versions/A/ChunkingLibrary
0x000000010c600000 	/Library/Java/JavaVirtualMachines/jdk1.8.0_60.jdk/Contents/Home/jre/lib/server/libjvm.dylib
0x00000000159be000 	/usr/lib/libstdc++.6.dylib
0x000000010b5ee000 	/Library/Java/JavaVirtualMachines/jdk1.8.0_60.jdk/Contents/Home/jre/lib/libverify.dylib
0x000000010d589000 	/Library/Java/JavaVirtualMachines/jdk1.8.0_60.jdk/Contents/Home/jre/lib/libjava.dylib
0x000000010d5be000 	/Library/Java/JavaVirtualMachines/jdk1.8.0_60.jdk/Contents/Home/jre/lib/libinstrument.dylib
0x000000010d61a000 	/Library/Java/JavaVirtualMachines/jdk1.8.0_60.jdk/Contents/Home/jre/lib/libzip.dylib
0x000000012873d000 	/System/Library/Frameworks/JavaVM.framework/Frameworks/JavaRuntimeSupport.framework/JavaRuntimeSupport
0x0000000128757000 	/System/Library/Frameworks/JavaVM.framework/Versions/A/Frameworks/JavaNativeFoundation.framework/Versions/A/JavaNativeFoundation
0x000000012876c000 	/System/Library/Frameworks/JavaVM.framework/Versions/A/JavaVM
0x00000000159be000 	/System/Library/Frameworks/Carbon.framework/Versions/A/Carbon
0x0000000128779000 	/System/Library/PrivateFrameworks/JavaLaunching.framework/Versions/A/JavaLaunching
0x00000000159be000 	/System/Library/Frameworks/Carbon.framework/Versions/A/Frameworks/CommonPanels.framework/Versions/A/CommonPanels
0x00000000159be000 	/System/Library/Frameworks/Carbon.framework/Versions/A/Frameworks/Help.framework/Versions/A/Help
0x00000000159be000 	/System/Library/Frameworks/Carbon.framework/Versions/A/Frameworks/ImageCapture.framework/Versions/A/ImageCapture
0x00000000159be000 	/System/Library/Frameworks/Carbon.framework/Versions/A/Frameworks/OpenScripting.framework/Versions/A/OpenScripting
0x00000000159be000 	/System/Library/Frameworks/Carbon.framework/Versions/A/Frameworks/Print.framework/Versions/A/Print
0x00000000159be000 	/System/Library/Frameworks/Carbon.framework/Versions/A/Frameworks/SecurityHI.framework/Versions/A/SecurityHI
0x000000012a2ad000 	/Library/Java/JavaVirtualMachines/jdk1.8.0_60.jdk/Contents/Home/jre/lib/libnet.dylib
0x000000012a3a2000 	/Library/Java/JavaVirtualMachines/jdk1.8.0_60.jdk/Contents/Home/jre/lib/libprism_es2.dylib
0x00000000159be000 	/System/Library/Frameworks/OpenGL.framework/Versions/A/Resources/GLEngine.bundle/GLEngine
0x00000000159be000 	/System/Library/Frameworks/OpenGL.framework/Versions/A/Libraries/libGLProgrammability.dylib
0x000000012a408000 	/System/Library/Extensions/AppleIntelHD3000GraphicsGLDriver.bundle/Contents/MacOS/AppleIntelHD3000GraphicsGLDriver
0x00000000159be000 	/System/Library/PrivateFrameworks/GPUSupport.framework/Versions/A/Libraries/libGPUSupport.dylib
0x000000012a8c4000 	/System/Library/Extensions/AMDRadeonX3000GLDriver.bundle/Contents/MacOS/AMDRadeonX3000GLDriver
0x00000000159be000 	/System/Library/PrivateFrameworks/GPUSupport.framework/Versions/A/Libraries/libGPUSupportMercury.dylib
0x000000012a9a5000 	/System/Library/Extensions/AMDRadeonX3000GLDriver.bundle/Contents/MacOS/ATIRadeonX3000SCLib.dylib
0x00000000159be000 	/System/Library/Frameworks/OpenGL.framework/Versions/A/Resources/GLRendererFloat.bundle/GLRendererFloat
0x00000000159be000 	/System/Library/Frameworks/OpenCL.framework/Versions/A/Libraries/libcldcpuengine.dylib
0x00000000159be000 	/usr/lib/libcrypto.0.9.8.dylib
0x00000000159be000 	/System/Library/PrivateFrameworks/TrustEvaluationAgent.framework/Versions/A/TrustEvaluationAgent
0x000000012ac4c000 	/Library/Java/JavaVirtualMachines/jdk1.8.0_60.jdk/Contents/Home/jre/lib/libglass.dylib
0x00000000159be000 	/System/Library/PrivateFrameworks/CoreServicesInternal.framework/Versions/A/CoreServicesInternal
0x00000000159be000 	/System/Library/CoreServices/RawCamera.bundle/Contents/MacOS/RawCamera
0x00000000159be000 	/System/Library/Frameworks/Accelerate.framework/Versions/A/Frameworks/vImage.framework/Versions/A/Libraries/libCGInterfaces.dylib
0x00000000159be000 	/System/Library/PrivateFrameworks/FamilyControls.framework/Versions/A/FamilyControls
0x00000000159be000 	/System/Library/PrivateFrameworks/CommerceKit.framework/Versions/A/Frameworks/CommerceCore.framework/Versions/A/CommerceCore
0x00000000159be000 	/System/Library/PrivateFrameworks/SystemAdministration.framework/Versions/A/SystemAdministration
0x00000000159be000 	/System/Library/PrivateFrameworks/AppContainer.framework/Versions/A/AppContainer
0x00000000159be000 	/System/Library/PrivateFrameworks/SecCodeWrapper.framework/Versions/A/SecCodeWrapper
0x00000000159be000 	/System/Library/Frameworks/DirectoryService.framework/Versions/A/DirectoryService
0x00000000159be000 	/System/Library/PrivateFrameworks/DiskImages.framework/Versions/A/DiskImages
0x00000000159be000 	/System/Library/PrivateFrameworks/LoginUIKit.framework/Versions/A/Frameworks/LoginUICore.framework/Versions/A/LoginUICore
0x00000000159be000 	/usr/lib/libCoreStorage.dylib
0x00000000159be000 	/usr/lib/libcsfde.dylib
0x00000000159be000 	/usr/lib/libodfde.dylib
0x00000000159be000 	/System/Library/Frameworks/DiscRecording.framework/Versions/A/DiscRecording
0x00000000159be000 	/usr/lib/libcurl.4.dylib
0x00000000159be000 	/System/Library/PrivateFrameworks/MediaKit.framework/Versions/A/MediaKit
0x00000000159be000 	/System/Library/PrivateFrameworks/ProtectedCloudStorage.framework/Versions/A/ProtectedCloudStorage
0x00000000159be000 	/System/Library/PrivateFrameworks/EFILogin.framework/Versions/A/EFILogin
0x00000000159be000 	/usr/lib/libutil.dylib
0x00000000159be000 	/System/Library/Frameworks/LDAP.framework/Versions/A/LDAP
0x00000000159be000 	/usr/lib/libsasl2.2.dylib
0x00000000159be000 	/System/Library/PrivateFrameworks/CoreDaemon.framework/Versions/B/CoreDaemon
0x00000000159be000 	/System/Library/PrivateFrameworks/AppleSRP.framework/Versions/A/AppleSRP
0x00000000159be000 	/System/Library/PrivateFrameworks/APFS.framework/Versions/A/APFS
0x000000012aeaf000 	/System/Library/PrivateFrameworks/AccessibilityBundles.framework/AccessibilityBundles
0x000000012dfc8000 	/Library/Java/JavaVirtualMachines/jdk1.8.0_60.jdk/Contents/Home/jre/lib/libawt.dylib
0x000000012e070000 	/Library/Java/JavaVirtualMachines/jdk1.8.0_60.jdk/Contents/Home/jre/lib/./libmlib_image.dylib
0x000000012e13c000 	/Library/Java/JavaVirtualMachines/jdk1.8.0_60.jdk/Contents/Home/jre/lib/libawt_lwawt.dylib
0x000000012b12c000 	/Library/Java/JavaVirtualMachines/jdk1.8.0_60.jdk/Contents/Home/jre/lib/./libosxapp.dylib
0x00000000159be000 	/System/Library/Frameworks/ExceptionHandling.framework/Versions/A/ExceptionHandling
0x000000012b148000 	/private/var/folders/s_/5scqxqc91vj4_bs3hswwgsdm0000gn/T/jna-97419/jna6183104809389243612.tmp
0x000000012e3f1000 	/Library/Java/JavaVirtualMachines/jdk1.8.0_60.jdk/Contents/Home/jre/lib/libjavafx_font.dylib
0x00000000159be000 	/System/Library/Frameworks/ApplicationServices.framework/Versions/A/Frameworks/ATS.framework/Versions/A/Resources/libTrueTypeScaler.dylib
0x000000012b07f000 	/Library/Java/JavaVirtualMachines/jdk1.8.0_60.jdk/Contents/Home/jre/lib/libnio.dylib
0x00000000159be000 	/System/Library/PrivateFrameworks/ViewBridge.framework/Versions/A/ViewBridge
0x00000000159be000 	/System/Library/PrivateFrameworks/XPCService.framework/Versions/A/XPCService
0x00000000159be000 	/System/Library/PrivateFrameworks/AppSandbox.framework/Versions/A/AppSandbox
0x00000000159be000 	/usr/lib/libsandbox.1.dylib
0x00000000159be000 	/usr/lib/libMatch.1.dylib
0x000000013080e000 	/Library/Java/JavaVirtualMachines/jdk1.8.0_60.jdk/Contents/Home/jre/lib/libprism_common.dylib

VM Arguments:
jvm_args: -DworkingDir=src/test/resources/test1 -javaagent:/Applications/IntelliJ IDEA CE.app/Contents/lib/idea_rt.jar=54975:/Applications/IntelliJ IDEA CE.app/Contents/bin -Dfile.encoding=UTF-8 
java_command: org.tools4j.launcher.javafx.Main
java_class_path (initial): /Library/Java/JavaVirtualMachines/jdk1.8.0_60.jdk/Contents/Home/lib/ant-javafx.jar:/Library/Java/JavaVirtualMachines/jdk1.8.0_60.jdk/Contents/Home/lib/dt.jar:/Library/Java/JavaVirtualMachines/jdk1.8.0_60.jdk/Contents/Home/lib/javafx-mx.jar:/Library/Java/JavaVirtualMachines/jdk1.8.0_60.jdk/Contents/Home/lib/jconsole.jar:/Library/Java/JavaVirtualMachines/jdk1.8.0_60.jdk/Contents/Home/lib/packager.jar:/Library/Java/JavaVirtualMachines/jdk1.8.0_60.jdk/Contents/Home/lib/sa-jdi.jar:/Library/Java/JavaVirtualMachines/jdk1.8.0_60.jdk/Contents/Home/lib/tools.jar:/Library/Java/JavaVirtualMachines/jdk1.8.0_60.jdk/Contents/Home/jre/lib/charsets.jar:/Library/Java/JavaVirtualMachines/jdk1.8.0_60.jdk/Contents/Home/jre/lib/deploy.jar:/Library/Java/JavaVirtualMachines/jdk1.8.0_60.jdk/Contents/Home/jre/lib/javaws.jar:/Library/Java/JavaVirtualMachines/jdk1.8.0_60.jdk/Contents/Home/jre/lib/jce.jar:/Library/Java/JavaVirtualMachines/jdk1.8.0_60.jdk/Contents/Home/jre/lib/jfr.jar:/Library/Java/JavaVirtualMachines/jdk1.8.0_60.jdk/Contents/Home/jre/lib/jfxswt.jar:/Library/Java/JavaVirtualMachines/jdk1.8.0_60.jdk/Contents/Home/jre/lib/jsse.jar:/Library/Java/JavaVirtualMachines/jdk1.8.0_60.jdk/Contents/Home/jre/lib/management-agent.jar:/Library/Java/JavaVirtualMachines/jdk1.8.0_60.jdk/Contents/Home/jre/lib/plugin.jar:/Library/Java/JavaVirtualMachines/jdk1.8.0_60.jdk/Contents/Home/jre/lib/resources.jar:/Library/Java/JavaVirtualMachines/jdk1.8.0_60.jdk/Contents/Home/jre/lib/rt.jar:/Library/Java/JavaVirtualMachines/jdk1.8.0_60.jdk/Contents/Home/jre/lib/ext/cldrdata.jar:/Library/Java/JavaVirtualMachines/jdk1.8.0_60.jdk/Contents/Home/jre/lib/ext/dnsns.jar:/Library/Java/JavaVirtualMachines/jdk1.8.0_60.jdk/Contents/Home/jre/lib/ext/jaccess.jar:/Library/Java/JavaVirtualMachines/jdk1.8.0_60.jdk/Contents/Home/jre/lib/ext/jfxrt.jar:/Library/Java/JavaVirtualMachines/jdk1.8.0_60.jdk/Contents/Home/jre/lib/ext/localedata.jar:/Library/Java/JavaVirtualMachines/jdk1.8.0_60.jdk/Conten
Launcher Type: SUN_STANDARD

Environment Variables:
JAVA_HOME=/Library/Java/JavaVirtualMachines/jdk1.7.0_10.jdk/Contents/Home
PATH=/Users/ben/dev/bin/apache-maven-3.1.1/bin:/opt/local/bin:/opt/local/sbin:/Users/ben/dev/bin/gradle-3.3/bin:/Users/ben/dev/bin/apache-ant-1.9.3/bin:/Users/ben/dev/bin/adt-bundle-mac-x86_64-20140321/sdk/tools:/Users/ben/q/m32:/usr/local/bin:/usr/bin:/bin:/usr/sbin:/sbin:/opt/X11/bin:/usr/local/git/bin:/usr/local/MacGPG2/bin
SHELL=/bin/bash
DISPLAY=/private/tmp/com.apple.launchd.f7nwd5gC38/org.macosforge.xquartz:0

Signal Handlers:
SIGSEGV: [libjvm.dylib+0x5a6d31], sa_mask[0]=11111111011111110111111111111111, sa_flags=SA_ONSTACK|SA_RESTART|SA_SIGINFO
SIGBUS: [libjvm.dylib+0x5a6d31], sa_mask[0]=11111111011111110111111111111111, sa_flags=SA_RESTART|SA_SIGINFO
SIGFPE: [libjvm.dylib+0x480a4c], sa_mask[0]=11111111011111110111111111111111, sa_flags=SA_RESTART|SA_SIGINFO
SIGPIPE: [libjvm.dylib+0x480a4c], sa_mask[0]=11111111011111110111111111111111, sa_flags=SA_RESTART|SA_SIGINFO
SIGXFSZ: [libjvm.dylib+0x480a4c], sa_mask[0]=11111111011111110111111111111111, sa_flags=SA_RESTART|SA_SIGINFO
SIGILL: [libjvm.dylib+0x480a4c], sa_mask[0]=11111111011111110111111111111111, sa_flags=SA_RESTART|SA_SIGINFO
SIGUSR1: SIG_DFL, sa_mask[0]=00000000000000000000000000000000, sa_flags=none
SIGUSR2: [libjvm.dylib+0x48056a], sa_mask[0]=00100000000000000000000000000000, sa_flags=SA_RESTART|SA_SIGINFO
SIGHUP: [libjvm.dylib+0x47eb41], sa_mask[0]=11111111011111110111111111111111, sa_flags=SA_RESTART|SA_SIGINFO
SIGINT: [libjvm.dylib+0x47eb41], sa_mask[0]=11111111011111110111111111111111, sa_flags=SA_RESTART|SA_SIGINFO
SIGTERM: [libjvm.dylib+0x47eb41], sa_mask[0]=11111111011111110111111111111111, sa_flags=SA_RESTART|SA_SIGINFO
SIGQUIT: [libjvm.dylib+0x47eb41], sa_mask[0]=11111111011111110111111111111111, sa_flags=SA_RESTART|SA_SIGINFO


---------------  S Y S T E M  ---------------

OS:Bsduname:Darwin 16.6.0 Darwin Kernel Version 16.6.0: Fri Apr 14 16:21:16 PDT 2017; root:xnu-3789.60.24~6/RELEASE_X86_64 x86_64
rlimit: STACK 8192k, CORE 0k, NPROC 709, NOFILE 10240, AS infinity
load average:4.25 3.84 4.60

CPU:total 8 (4 cores per cpu, 2 threads per core) family 6 model 42 stepping 7, cmov, cx8, fxsr, mmx, sse, sse2, sse3, ssse3, sse4.1, sse4.2, popcnt, avx, aes, clmul, ht, tsc, tscinvbit

Memory: 4k page, physical 16777216k(143420k free)

/proc/meminfo:


vm_info: Java HotSpot(TM) 64-Bit Server VM (25.60-b23) for bsd-amd64 JRE (1.8.0_60-b27), built on Aug  4 2015 10:47:24 by "java_re" with gcc 4.2.1 (Based on Apple Inc. build 5658) (LLVM build 2336.11.00)

time: Fri Nov 24 06:39:33 2017
elapsed time: 6 seconds (0d 0h 0m 6s)

