#
# A fatal error has been detected by the Java Runtime Environment:
#
#  Internal Error (safepoint.cpp:712), pid=48208, tid=82435
#  fatal error: Illegal threadstate encountered: 4
#
# JRE version: Java(TM) SE Runtime Environment (8.0_60-b27) (build 1.8.0_60-b27)
# Java VM: Java HotSpot(TM) 64-Bit Server VM (25.60-b23 mixed mode bsd-amd64 compressed oops)
# Failed to write core dump. Core dumps have been disabled. To enable core dumping, try "ulimit -c unlimited" before starting Java again
#
# If you would like to submit a bug report, please visit:
#   http://bugreport.java.com/bugreport/crash.jsp
# The crash happened outside the Java Virtual Machine in native code.
# See problematic frame for where to report the bug.
#

---------------  T H R E A D  ---------------

Current thread (0x00007fc94f881800):  JavaThread "pool-4-thread-3" [_thread_in_native, id=82435, stack(0x0000700011a94000,0x0000700011b94000)]

Stack: [0x0000700011a94000,0x0000700011b94000],  sp=0x0000700011b92150,  free space=1016k
Native frames: (J=compiled Java code, j=interpreted, Vv=VM code, C=native code)
V  [libjvm.dylib+0x5a6522]  VMError::report_and_die()+0x3f8
V  [libjvm.dylib+0x1e6843]  report_vm_error(char const*, int, char const*, char const*)+0x54
V  [libjvm.dylib+0x4d93ad]  SafepointSynchronize::block(JavaThread*)+0x1a9
V  [libjvm.dylib+0x5601f6]  JavaThread::check_safepoint_and_suspend_for_native_trans(JavaThread*)+0xe8
V  [libjvm.dylib+0x16935a]  ThreadStateTransition::trans_from_native(JavaThreadState)+0x96
V  [libjvm.dylib+0x311fd8]  jni_CallBooleanMethod+0x8b
C  [libglass.dylib+0x2ed4]  -[GlassAccessible accessibilityIsIgnored]+0xd4
C  [AppKit+0x6642d8]  __NSAccessibilityEntryPointIsAccessibilityElement_block_invoke+0xc0
C  [AppKit+0x6641bc]  NSAccessibilityPerformEntryPointBOOL+0x13
C  [AppKit+0x97e10]  NSAccessibilityEntryPointIsAccessibilityElement+0x60
C  [AppKit+0x1013b9]  NSAccessibilityPostNotificationForObservedElementWithUserInfo+0xd7
j  com.sun.glass.ui.mac.MacAccessible.NSAccessibilityPostNotification(JJ)V+0
j  com.sun.glass.ui.mac.MacAccessible.sendNotification(Ljavafx/scene/AccessibleAttribute;)V+694
J 2415 C1 javafx.scene.Node.notifyAccessibleAttributeChanged(Ljavafx/scene/AccessibleAttribute;)V (41 bytes) @ 0x0000000116dddc2c [0x0000000116ddd3e0+0x84c]
j  javafx.scene.control.TextInputControl.doSelectRange(II)V+54
j  javafx.scene.control.TextInputControl.replaceText(IILjava/lang/String;II)I+86
j  javafx.scene.control.TextInputControl.updateContent(Ljavafx/scene/control/TextFormatter$Change;Z)V+51
j  javafx.scene.control.TextInputControl.replaceText(IILjava/lang/String;)V+133
j  javafx.scene.control.TextInputControl.insertText(ILjava/lang/String;)V+4
j  javafx.scene.control.TextInputControl.appendText(Ljava/lang/String;)V+6
j  org.tools4j.launcher.service.ExecutingCommand.lambda$init$2(Ljava/io/InputStream;)V+63
j  org.tools4j.launcher.service.ExecutingCommand$$Lambda$461.run()V+8
j  java.util.concurrent.ThreadPoolExecutor.runWorker(Ljava/util/concurrent/ThreadPoolExecutor$Worker;)V+95
j  java.util.concurrent.ThreadPoolExecutor$Worker.run()V+5
j  java.lang.Thread.run()V+11
v  ~StubRoutines::call_stub
V  [libjvm.dylib+0x2eab0e]  JavaCalls::call_helper(JavaValue*, methodHandle*, JavaCallArguments*, Thread*)+0x6ae
V  [libjvm.dylib+0x2eb29c]  JavaCalls::call_virtual(JavaValue*, KlassHandle, Symbol*, Symbol*, JavaCallArguments*, Thread*)+0x164
V  [libjvm.dylib+0x2eb448]  JavaCalls::call_virtual(JavaValue*, Handle, KlassHandle, Symbol*, Symbol*, Thread*)+0x4a
V  [libjvm.dylib+0x345965]  thread_entry(JavaThread*, Thread*)+0x7c
V  [libjvm.dylib+0x5612d3]  JavaThread::thread_main_inner()+0x9b
V  [libjvm.dylib+0x5629ce]  JavaThread::run()+0x1c2
V  [libjvm.dylib+0x48343a]  java_start(Thread*)+0xf6
C  [libsystem_pthread.dylib+0x393b]  _pthread_body+0xb4
C  [libsystem_pthread.dylib+0x3887]  _pthread_body+0x0
C  [libsystem_pthread.dylib+0x308d]  thread_start+0xd
C  0x0000000000000000

Java frames: (J=compiled Java code, j=interpreted, Vv=VM code)
j  com.sun.glass.ui.mac.MacAccessible.NSAccessibilityPostNotification(JJ)V+0
j  com.sun.glass.ui.mac.MacAccessible.sendNotification(Ljavafx/scene/AccessibleAttribute;)V+694
J 2415 C1 javafx.scene.Node.notifyAccessibleAttributeChanged(Ljavafx/scene/AccessibleAttribute;)V (41 bytes) @ 0x0000000116dddc2c [0x0000000116ddd3e0+0x84c]
j  javafx.scene.control.TextInputControl.doSelectRange(II)V+54
j  javafx.scene.control.TextInputControl.replaceText(IILjava/lang/String;II)I+86
j  javafx.scene.control.TextInputControl.updateContent(Ljavafx/scene/control/TextFormatter$Change;Z)V+51
j  javafx.scene.control.TextInputControl.replaceText(IILjava/lang/String;)V+133
j  javafx.scene.control.TextInputControl.insertText(ILjava/lang/String;)V+4
j  javafx.scene.control.TextInputControl.appendText(Ljava/lang/String;)V+6
j  org.tools4j.launcher.service.ExecutingCommand.lambda$init$2(Ljava/io/InputStream;)V+63
j  org.tools4j.launcher.service.ExecutingCommand$$Lambda$461.run()V+8
j  java.util.concurrent.ThreadPoolExecutor.runWorker(Ljava/util/concurrent/ThreadPoolExecutor$Worker;)V+95
j  java.util.concurrent.ThreadPoolExecutor$Worker.run()V+5
j  java.lang.Thread.run()V+11
v  ~StubRoutines::call_stub

---------------  P R O C E S S  ---------------

Java Threads: ( => current thread )
=>0x00007fc94f881800 JavaThread "pool-4-thread-3" [_thread_in_native, id=82435, stack(0x0000700011a94000,0x0000700011b94000)]
  0x00007fc94f881000 JavaThread "pool-4-thread-2" [_thread_blocked, id=81923, stack(0x0000700011991000,0x0000700011a91000)]
  0x00007fc94f880000 JavaThread "pool-4-thread-1" [_thread_in_Java, id=81411, stack(0x000070001188e000,0x000070001198e000)]
  0x00007fc94fa1b000 JavaThread "process reaper" daemon [_thread_blocked, id=81167, stack(0x0000700011863000,0x000070001188b000)]
  0x00007fc94f98f800 JavaThread "Prism Font Disposer" daemon [_thread_blocked, id=61787, stack(0x00007000116dd000,0x00007000117dd000)]
  0x00007fc94d9a4000 JavaThread "Thread-5" [_thread_blocked, id=58371, stack(0x00007000115da000,0x00007000116da000)]
  0x00007fc94c95e000 JavaThread "pool-2-thread-1" [_thread_blocked, id=54063, stack(0x00007000114d7000,0x00007000115d7000)]
  0x00007fc94d0bc800 JavaThread "JavaFX-Launcher" [_thread_blocked, id=56839, stack(0x00007000113d4000,0x00007000114d4000)]
  0x00007fc94f8dd800 JavaThread "Thread-3" daemon [_thread_blocked, id=43011, stack(0x00007000112ce000,0x000070001134e000)]
  0x00007fc94f89f000 JavaThread "JavaFX Application Thread" [_thread_in_vm, id=775, stack(0x00007fff50487000,0x00007fff50c87000)]
  0x00007fc95081d000 JavaThread "Thread-1" daemon [_thread_blocked, id=29187, stack(0x0000700010fbf000,0x00007000110bf000)]
  0x00007fc94e24e800 JavaThread "QuantumRenderer-0" daemon [_thread_blocked, id=22531, stack(0x0000700010ebc000,0x0000700010fbc000)]
  0x00007fc94c91c800 JavaThread "Service Thread" daemon [_thread_blocked, id=21507, stack(0x0000700010cb6000,0x0000700010db6000)]
  0x00007fc95080b000 JavaThread "C1 CompilerThread3" daemon [_thread_blocked, id=20995, stack(0x0000700010bb3000,0x0000700010cb3000)]
  0x00007fc94f879800 JavaThread "C2 CompilerThread2" daemon [_thread_blocked, id=20483, stack(0x0000700010ab0000,0x0000700010bb0000)]
  0x00007fc94d82b000 JavaThread "C2 CompilerThread1" daemon [_thread_blocked, id=19971, stack(0x00007000109ad000,0x0000700010aad000)]
  0x00007fc94d82a000 JavaThread "C2 CompilerThread0" daemon [_thread_blocked, id=19459, stack(0x00007000108aa000,0x00007000109aa000)]
  0x00007fc94d809800 JavaThread "Monitor Ctrl-Break" daemon [_thread_in_native, id=18947, stack(0x00007000107a7000,0x00007000108a7000)]
  0x00007fc94c800000 JavaThread "Signal Dispatcher" daemon [_thread_blocked, id=18435, stack(0x00007000106a4000,0x00007000107a4000)]
  0x00007fc950022000 JavaThread "Finalizer" daemon [_thread_blocked, id=14595, stack(0x00007000105a1000,0x00007000106a1000)]
  0x00007fc94f81c000 JavaThread "Reference Handler" daemon [_thread_blocked, id=14083, stack(0x000070001049e000,0x000070001059e000)]
  0x00007fc94d001000 JavaThread "main" [_thread_blocked, id=7171, stack(0x000070000fa80000,0x000070000fb80000)]

Other Threads:
  0x00007fc94f819800 VMThread [stack: 0x000070001039b000,0x000070001049b000] [id=13571]
  0x00007fc94f823000 WatcherThread [stack: 0x0000700010db9000,0x0000700010eb9000] [id=22019]

VM state:synchronizing (normal execution)

VM Mutex/Monitor currently owned by a thread:  ([mutex/lock_event])
[0x00007fc94e902e70] Safepoint_lock - owner thread: 0x00007fc94f819800
[0x00007fc94e902ef0] Threads_lock - owner thread: 0x00007fc94f819800

Heap:
 PSYoungGen      total 76288K, used 27310K [0x000000076ab00000, 0x0000000770000000, 0x00000007c0000000)
  eden space 65536K, 41% used [0x000000076ab00000,0x000000076c5ab938,0x000000076eb00000)
  from space 10752K, 0% used [0x000000076f580000,0x000000076f580000,0x0000000770000000)
  to   space 10752K, 0% used [0x000000076eb00000,0x000000076eb00000,0x000000076f580000)
 ParOldGen       total 116224K, used 6916K [0x00000006c0000000, 0x00000006c7180000, 0x000000076ab00000)
  object space 116224K, 5% used [0x00000006c0000000,0x00000006c06c11e0,0x00000006c7180000)
 Metaspace       used 22731K, capacity 24114K, committed 24240K, reserved 1071104K
  class space    used 3191K, capacity 3490K, committed 3504K, reserved 1048576K

Card table byte_map: [0x00000001113f1000,0x0000000111bf2000] byte_map_base: 0x000000010ddf1000

Marking Bits: (ParMarkBitMap*) 0x00000001108dee20
 Begin Bits: [0x0000000125648000, 0x0000000129648000)
 End Bits:   [0x0000000129648000, 0x000000012d648000)

Polling page: 0x000000010eff6000

CodeCache: size=245760Kb used=10306Kb max_used=10306Kb free=235453Kb
 bounds [0x0000000116648000, 0x0000000117068000, 0x0000000125648000]
 total_blobs=4035 nmethods=3344 adapters=603
 compilation: enabled

Compilation events (10 events):
Event: 6.576 Thread 0x00007fc95080b000 3340       3       jdk.internal.org.objectweb.asm.FieldWriter::getSize (262 bytes)
Event: 6.577 Thread 0x00007fc95080b000 nmethod 3340 0x000000011705b590 code [0x000000011705b820, 0x000000011705c768]
Event: 6.577 Thread 0x00007fc95080b000 3341       3       java.lang.invoke.LambdaForm$Name::<init> (54 bytes)
Event: 6.577 Thread 0x00007fc95080b000 nmethod 3341 0x000000011705cf10 code [0x000000011705d080, 0x000000011705d2b0]
Event: 6.582 Thread 0x00007fc95080b000 3342       3       jdk.internal.org.objectweb.asm.FieldWriter::put (472 bytes)
Event: 6.584 Thread 0x00007fc95080b000 nmethod 3342 0x000000011705d350 code [0x000000011705d700, 0x000000011705eb18]
Event: 6.586 Thread 0x00007fc95080b000 3343   !   3       com.sun.javafx.binding.ExpressionHelper$Generic::fireValueChangedEvent (218 bytes)
Event: 6.587 Thread 0x00007fc95080b000 nmethod 3343 0x000000011705f450 code [0x000000011705f680, 0x00000001170603f8]
Event: 6.587 Thread 0x00007fc95080b000 3344       3       javafx.scene.control.TextInputControl::isInvalidCharacter (34 bytes)
Event: 6.587 Thread 0x00007fc95080b000 nmethod 3344 0x0000000117060c50 code [0x0000000117060dc0, 0x0000000117061010]

GC Heap History (6 events):
Event: 1.158 GC heap before
{Heap before GC invocations=1 (full 0):
 PSYoungGen      total 76288K, used 65536K [0x000000076ab00000, 0x0000000770000000, 0x00000007c0000000)
  eden space 65536K, 100% used [0x000000076ab00000,0x000000076eb00000,0x000000076eb00000)
  from space 10752K, 0% used [0x000000076f580000,0x000000076f580000,0x0000000770000000)
  to   space 10752K, 0% used [0x000000076eb00000,0x000000076eb00000,0x000000076f580000)
 ParOldGen       total 175104K, used 0K [0x00000006c0000000, 0x00000006cab00000, 0x000000076ab00000)
  object space 175104K, 0% used [0x00000006c0000000,0x00000006c0000000,0x00000006cab00000)
 Metaspace       used 15052K, capacity 15602K, committed 15744K, reserved 1062912K
  class space    used 1964K, capacity 2144K, committed 2176K, reserved 1048576K
Event: 1.169 GC heap after
Heap after GC invocations=1 (full 0):
 PSYoungGen      total 76288K, used 5602K [0x000000076ab00000, 0x0000000770000000, 0x00000007c0000000)
  eden space 65536K, 0% used [0x000000076ab00000,0x000000076ab00000,0x000000076eb00000)
  from space 10752K, 52% used [0x000000076eb00000,0x000000076f078910,0x000000076f580000)
  to   space 10752K, 0% used [0x000000076f580000,0x000000076f580000,0x0000000770000000)
 ParOldGen       total 175104K, used 80K [0x00000006c0000000, 0x00000006cab00000, 0x000000076ab00000)
  object space 175104K, 0% used [0x00000006c0000000,0x00000006c0014010,0x00000006cab00000)
 Metaspace       used 15052K, capacity 15602K, committed 15744K, reserved 1062912K
  class space    used 1964K, capacity 2144K, committed 2176K, reserved 1048576K
}
Event: 2.654 GC heap before
{Heap before GC invocations=2 (full 0):
 PSYoungGen      total 76288K, used 29241K [0x000000076ab00000, 0x0000000770000000, 0x00000007c0000000)
  eden space 65536K, 36% used [0x000000076ab00000,0x000000076c215af0,0x000000076eb00000)
  from space 10752K, 52% used [0x000000076eb00000,0x000000076f078910,0x000000076f580000)
  to   space 10752K, 0% used [0x000000076f580000,0x000000076f580000,0x0000000770000000)
 ParOldGen       total 175104K, used 80K [0x00000006c0000000, 0x00000006cab00000, 0x000000076ab00000)
  object space 175104K, 0% used [0x00000006c0000000,0x00000006c0014010,0x00000006cab00000)
 Metaspace       used 20073K, capacity 21236K, committed 21296K, reserved 1067008K
  class space    used 2873K, capacity 3115K, committed 3120K, reserved 1048576K
Event: 2.661 GC heap after
Heap after GC invocations=2 (full 0):
 PSYoungGen      total 76288K, used 6992K [0x000000076ab00000, 0x0000000770000000, 0x00000007c0000000)
  eden space 65536K, 0% used [0x000000076ab00000,0x000000076ab00000,0x000000076eb00000)
  from space 10752K, 65% used [0x000000076f580000,0x000000076fc54050,0x0000000770000000)
  to   space 10752K, 0% used [0x000000076eb00000,0x000000076eb00000,0x000000076f580000)
 ParOldGen       total 175104K, used 88K [0x00000006c0000000, 0x00000006cab00000, 0x000000076ab00000)
  object space 175104K, 0% used [0x00000006c0000000,0x00000006c0016010,0x00000006cab00000)
 Metaspace       used 20073K, capacity 21236K, committed 21296K, reserved 1067008K
  class space    used 2873K, capacity 3115K, committed 3120K, reserved 1048576K
}
Event: 2.661 GC heap before
{Heap before GC invocations=3 (full 1):
 PSYoungGen      total 76288K, used 6992K [0x000000076ab00000, 0x0000000770000000, 0x00000007c0000000)
  eden space 65536K, 0% used [0x000000076ab00000,0x000000076ab00000,0x000000076eb00000)
  from space 10752K, 65% used [0x000000076f580000,0x000000076fc54050,0x0000000770000000)
  to   space 10752K, 0% used [0x000000076eb00000,0x000000076eb00000,0x000000076f580000)
 ParOldGen       total 175104K, used 88K [0x00000006c0000000, 0x00000006cab00000, 0x000000076ab00000)
  object space 175104K, 0% used [0x00000006c0000000,0x00000006c0016010,0x00000006cab00000)
 Metaspace       used 20073K, capacity 21236K, committed 21296K, reserved 1067008K
  class space    used 2873K, capacity 3115K, committed 3120K, reserved 1048576K
Event: 2.695 GC heap after
Heap after GC invocations=3 (full 1):
 PSYoungGen      total 76288K, used 0K [0x000000076ab00000, 0x0000000770000000, 0x00000007c0000000)
  eden space 65536K, 0% used [0x000000076ab00000,0x000000076ab00000,0x000000076eb00000)
  from space 10752K, 0% used [0x000000076f580000,0x000000076f580000,0x0000000770000000)
  to   space 10752K, 0% used [0x000000076eb00000,0x000000076eb00000,0x000000076f580000)
 ParOldGen       total 116224K, used 6916K [0x00000006c0000000, 0x00000006c7180000, 0x000000076ab00000)
  object space 116224K, 5% used [0x00000006c0000000,0x00000006c06c11e0,0x00000006c7180000)
 Metaspace       used 20073K, capacity 21236K, committed 21296K, reserved 1067008K
  class space    used 2873K, capacity 3115K, committed 3120K, reserved 1048576K
}

Deoptimization events (10 events):
Event: 4.297 Thread 0x00007fc94e24e800 Uncommon trap: reason=class_check action=maybe_recompile pc=0x0000000116c20380 method=java.util.WeakHashMap.eq(Ljava/lang/Object;Ljava/lang/Object;)Z @ 7
Event: 4.298 Thread 0x00007fc94e24e800 Uncommon trap: reason=class_check action=maybe_recompile pc=0x0000000116c20380 method=java.util.WeakHashMap.eq(Ljava/lang/Object;Ljava/lang/Object;)Z @ 7
Event: 4.298 Thread 0x00007fc94e24e800 Uncommon trap: reason=class_check action=maybe_recompile pc=0x0000000116c20380 method=java.util.WeakHashMap.eq(Ljava/lang/Object;Ljava/lang/Object;)Z @ 7
Event: 4.298 Thread 0x00007fc94e24e800 Uncommon trap: reason=class_check action=maybe_recompile pc=0x0000000116c20380 method=java.util.WeakHashMap.eq(Ljava/lang/Object;Ljava/lang/Object;)Z @ 7
Event: 4.444 Thread 0x00007fc94e24e800 Uncommon trap: reason=unstable_if action=reinterpret pc=0x0000000116e5c254 method=java.lang.Math.round(F)I @ 23
Event: 4.446 Thread 0x00007fc94f89f000 Uncommon trap: reason=unstable_if action=reinterpret pc=0x0000000116e692c0 method=com.sun.javafx.text.TextRun.getPosX(I)F @ 75
Event: 4.448 Thread 0x00007fc94e24e800 Uncommon trap: reason=unstable_if action=reinterpret pc=0x0000000116dbf024 method=com.sun.javafx.geom.RectBounds.isEmpty()Z @ 21
Event: 5.037 Thread 0x00007fc94f89f000 Uncommon trap: reason=unstable_if action=reinterpret pc=0x0000000116f9e674 method=javafx.scene.CssStyleHelper.transitionToState(Ljavafx/scene/Node;)V @ 676
Event: 6.587 Thread 0x00007fc94f89f000 Uncommon trap: reason=unstable_if action=reinterpret pc=0x0000000116afac50 method=java.lang.Character.isSurrogate(C)Z @ 3
Event: 6.587 Thread 0x00007fc94f89f000 Uncommon trap: reason=unstable_if action=reinterpret pc=0x0000000116fe9990 method=java.lang.Character.isHighSurrogate(C)Z @ 3

Internal exceptions (10 events):
Event: 6.587 Thread 0x00007fc94f89f000 Exception <a 'java/lang/StackOverflowError'> (0x000000076c3b0a18) thrown at [/Users/java_re/workspace/8-2-build-macosx-x86_64/jdk8u60/4407/hotspot/src/share/vm/runtime/javaCalls.cpp, line 386]
Event: 6.587 Thread 0x00007fc94f89f000 Exception <a 'java/lang/StackOverflowError'> (0x000000076c3b0a18) thrown at [/Users/java_re/workspace/8-2-build-macosx-x86_64/jdk8u60/4407/hotspot/src/share/vm/prims/jvm.cpp, line 1390]
Event: 6.587 Thread 0x00007fc94f89f000 Exception <"ˆ‰’‰¤"> (0x000000076c3b0aa0) thrown at [/Users/java_re/workspace/8-2-build-macosx-x86_64/jdk8u60/4407/hotspot/src/share/vm/runtime/javaCalls.cpp, line 386]
Event: 6.587 Thread 0x00007fc94f89f000 Exception <a 'java/lang/StackOverflowError'> (0x000000076c3b0db0) thrown at [/Users/java_re/workspace/8-2-build-macosx-x86_64/jdk8u60/4407/hotspot/src/share/vm/runtime/javaCalls.cpp, line 386]
Event: 6.587 Thread 0x00007fc94f89f000 Exception <a 'java/lang/StackOverflowError'> (0x000000076c3b0dd0) thrown at [/Users/java_re/workspace/8-2-build-macosx-x86_64/jdk8u60/4407/hotspot/src/share/vm/runtime/javaCalls.cpp, line 386]
Event: 6.587 Thread 0x00007fc94f89f000 Exception <a 'java/lang/StackOverflowError'> (0x000000076c3b11d0) thrown at [/Users/java_re/workspace/8-2-build-macosx-x86_64/jdk8u60/4407/hotspot/src/share/vm/runtime/javaCalls.cpp, line 386]
Event: 6.587 Thread 0x00007fc94f89f000 Exception <a 'java/lang/StackOverflowError'> (0x000000076c3b11f0) thrown at [/Users/java_re/workspace/8-2-build-macosx-x86_64/jdk8u60/4407/hotspot/src/share/vm/runtime/javaCalls.cpp, line 386]
Event: 6.587 Thread 0x00007fc94f89f000 Exception <a 'java/lang/StackOverflowError': a 'java/lang/StackOverflowError'> (0x000000076c3b11f0) thrown at [/Users/java_re/workspace/8-2-build-macosx-x86_64/jdk8u60/4407/hotspot/src/share/vm/classfile/systemDictionary.cpp, line 208]
Event: 6.587 Thread 0x00007fc94f89f000 Exception <a 'java/lang/StackOverflowError'> (0x000000076c3b17d0) thrown at [/Users/java_re/workspace/8-2-build-macosx-x86_64/jdk8u60/4407/hotspot/src/share/vm/runtime/javaCalls.cpp, line 386]
Event: 6.587 Thread 0x00007fc94f89f000 Exception <a 'java/lang/StackOverflowError'> (0x000000076c3b17f0) thrown at [/Users/java_re/workspace/8-2-build-macosx-x86_64/jdk8u60/4407/hotspot/src/share/vm/runtime/javaCalls.cpp, line 386]

Events (10 events):
Event: 6.587 Executing VM operation: RevokeBias done
Event: 6.587 loading class java/lang/ProcessBuilder$NullInputStream
Event: 6.587 loading class org/tools4j/launcher/javafx/LauncherPresenter
Event: 6.587 loading class org/tools4j/launcher/javafx/LauncherPresenter done
Event: 6.587 loading class java/lang/ProcessBuilder$NullInputStream done
Event: 6.587 loading class java/lang/Throwable$WrappedPrintStream
Event: 6.587 loading class java/lang/Throwable$WrappedPrintStream done
Event: 6.588 Executing VM operation: RevokeBias
Event: 6.588 Executing VM operation: RevokeBias done
Event: 6.588 Executing VM operation: RevokeBias


Dynamic libraries:
0x00000000159be000 	/System/Library/Frameworks/Cocoa.framework/Versions/A/Cocoa
0x00000000159be000 	/System/Library/Frameworks/Security.framework/Versions/A/Security
0x00000000159be000 	/System/Library/Frameworks/ApplicationServices.framework/Versions/A/ApplicationServices
0x00000000159be000 	/usr/lib/libz.1.dylib
0x00000000159be000 	/usr/lib/libSystem.B.dylib
0x00000000159be000 	/usr/lib/libobjc.A.dylib
0x00000000159be000 	/System/Library/Frameworks/CoreFoundation.framework/Versions/A/CoreFoundation
0x00000000159be000 	/System/Library/Frameworks/Foundation.framework/Versions/C/Foundation
0x00000000159be000 	/System/Library/Frameworks/AppKit.framework/Versions/C/AppKit
0x00000000159be000 	/System/Library/Frameworks/CoreData.framework/Versions/A/CoreData
0x00000000159be000 	/System/Library/PrivateFrameworks/RemoteViewServices.framework/Versions/A/RemoteViewServices
0x00000000159be000 	/System/Library/PrivateFrameworks/UIFoundation.framework/Versions/A/UIFoundation
0x00000000159be000 	/System/Library/PrivateFrameworks/DFRFoundation.framework/Versions/A/DFRFoundation
0x00000000159be000 	/usr/lib/libenergytrace.dylib
0x00000000159be000 	/System/Library/PrivateFrameworks/SkyLight.framework/Versions/A/SkyLight
0x00000000159be000 	/System/Library/Frameworks/CoreGraphics.framework/Versions/A/CoreGraphics
0x00000000159be000 	/usr/lib/libScreenReader.dylib
0x00000000159be000 	/System/Library/Frameworks/Accelerate.framework/Versions/A/Accelerate
0x00000000159be000 	/System/Library/Frameworks/IOSurface.framework/Versions/A/IOSurface
0x00000000159be000 	/System/Library/Frameworks/AudioToolbox.framework/Versions/A/AudioToolbox
0x00000000159be000 	/System/Library/Frameworks/AudioUnit.framework/Versions/A/AudioUnit
0x00000000159be000 	/System/Library/PrivateFrameworks/DataDetectorsCore.framework/Versions/A/DataDetectorsCore
0x00000000159be000 	/System/Library/PrivateFrameworks/DesktopServicesPriv.framework/Versions/A/DesktopServicesPriv
0x00000000159be000 	/System/Library/Frameworks/Carbon.framework/Versions/A/Frameworks/HIToolbox.framework/Versions/A/HIToolbox
0x00000000159be000 	/usr/lib/libicucore.A.dylib
0x00000000159be000 	/System/Library/Frameworks/QuartzCore.framework/Versions/A/QuartzCore
0x00000000159be000 	/System/Library/Frameworks/Carbon.framework/Versions/A/Frameworks/SpeechRecognition.framework/Versions/A/SpeechRecognition
0x00000000159be000 	/usr/lib/libauto.dylib
0x00000000159be000 	/usr/lib/libxml2.2.dylib
0x00000000159be000 	/System/Library/PrivateFrameworks/CoreUI.framework/Versions/A/CoreUI
0x00000000159be000 	/System/Library/Frameworks/CoreAudio.framework/Versions/A/CoreAudio
0x00000000159be000 	/System/Library/Frameworks/DiskArbitration.framework/Versions/A/DiskArbitration
0x00000000159be000 	/usr/lib/liblangid.dylib
0x00000000159be000 	/System/Library/PrivateFrameworks/MultitouchSupport.framework/Versions/A/MultitouchSupport
0x00000000159be000 	/System/Library/Frameworks/IOKit.framework/Versions/A/IOKit
0x00000000159be000 	/usr/lib/libDiagnosticMessagesClient.dylib
0x00000000159be000 	/System/Library/Frameworks/CoreServices.framework/Versions/A/CoreServices
0x00000000159be000 	/System/Library/PrivateFrameworks/PerformanceAnalysis.framework/Versions/A/PerformanceAnalysis
0x00000000159be000 	/System/Library/PrivateFrameworks/GenerationalStorage.framework/Versions/A/GenerationalStorage
0x00000000159be000 	/System/Library/Frameworks/OpenGL.framework/Versions/A/OpenGL
0x00000000159be000 	/System/Library/Frameworks/CoreImage.framework/Versions/A/CoreImage
0x00000000159be000 	/System/Library/Frameworks/CoreText.framework/Versions/A/CoreText
0x00000000159be000 	/System/Library/Frameworks/ImageIO.framework/Versions/A/ImageIO
0x00000000159be000 	/System/Library/PrivateFrameworks/Backup.framework/Versions/A/Backup
0x00000000159be000 	/usr/lib/libarchive.2.dylib
0x00000000159be000 	/System/Library/Frameworks/CFNetwork.framework/Versions/A/CFNetwork
0x00000000159be000 	/System/Library/Frameworks/SystemConfiguration.framework/Versions/A/SystemConfiguration
0x00000000159be000 	/usr/lib/libCRFSuite.dylib
0x00000000159be000 	/usr/lib/libc++.1.dylib
0x00000000159be000 	/usr/lib/libc++abi.dylib
0x00000000159be000 	/usr/lib/system/libcache.dylib
0x00000000159be000 	/usr/lib/system/libcommonCrypto.dylib
0x00000000159be000 	/usr/lib/system/libcompiler_rt.dylib
0x00000000159be000 	/usr/lib/system/libcopyfile.dylib
0x00000000159be000 	/usr/lib/system/libcorecrypto.dylib
0x00000000159be000 	/usr/lib/system/libdispatch.dylib
0x00000000159be000 	/usr/lib/system/libdyld.dylib
0x00000000159be000 	/usr/lib/system/libkeymgr.dylib
0x00000000159be000 	/usr/lib/system/liblaunch.dylib
0x00000000159be000 	/usr/lib/system/libmacho.dylib
0x00000000159be000 	/usr/lib/system/libquarantine.dylib
0x00000000159be000 	/usr/lib/system/libremovefile.dylib
0x00000000159be000 	/usr/lib/system/libsystem_asl.dylib
0x00000000159be000 	/usr/lib/system/libsystem_blocks.dylib
0x00000000159be000 	/usr/lib/system/libsystem_c.dylib
0x00000000159be000 	/usr/lib/system/libsystem_configuration.dylib
0x00000000159be000 	/usr/lib/system/libsystem_coreservices.dylib
0x00000000159be000 	/usr/lib/system/libsystem_coretls.dylib
0x00000000159be000 	/usr/lib/system/libsystem_dnssd.dylib
0x00000000159be000 	/usr/lib/system/libsystem_info.dylib
0x00000000159be000 	/usr/lib/system/libsystem_kernel.dylib
0x00000000159be000 	/usr/lib/system/libsystem_m.dylib
0x00000000159be000 	/usr/lib/system/libsystem_malloc.dylib
0x00000000159be000 	/usr/lib/system/libsystem_network.dylib
0x00000000159be000 	/usr/lib/system/libsystem_networkextension.dylib
0x00000000159be000 	/usr/lib/system/libsystem_notify.dylib
0x00000000159be000 	/usr/lib/system/libsystem_platform.dylib
0x00000000159be000 	/usr/lib/system/libsystem_pthread.dylib
0x00000000159be000 	/usr/lib/system/libsystem_sandbox.dylib
0x00000000159be000 	/usr/lib/system/libsystem_secinit.dylib
0x00000000159be000 	/usr/lib/system/libsystem_symptoms.dylib
0x00000000159be000 	/usr/lib/system/libsystem_trace.dylib
0x00000000159be000 	/usr/lib/system/libunwind.dylib
0x00000000159be000 	/usr/lib/system/libxpc.dylib
0x00000000159be000 	/usr/lib/libbsm.0.dylib
0x00000000159be000 	/usr/lib/system/libkxld.dylib
0x00000000159be000 	/usr/lib/libcoretls.dylib
0x00000000159be000 	/usr/lib/libcoretls_cfhelpers.dylib
0x00000000159be000 	/usr/lib/libOpenScriptingUtil.dylib
0x00000000159be000 	/usr/lib/libpam.2.dylib
0x00000000159be000 	/usr/lib/libsqlite3.dylib
0x00000000159be000 	/usr/lib/libxar.1.dylib
0x00000000159be000 	/usr/lib/libbz2.1.0.dylib
0x00000000159be000 	/usr/lib/liblzma.5.dylib
0x00000000159be000 	/usr/lib/libnetwork.dylib
0x00000000159be000 	/usr/lib/libpcap.A.dylib
0x00000000159be000 	/System/Library/Frameworks/CoreServices.framework/Versions/A/Frameworks/FSEvents.framework/Versions/A/FSEvents
0x00000000159be000 	/System/Library/Frameworks/CoreServices.framework/Versions/A/Frameworks/CarbonCore.framework/Versions/A/CarbonCore
0x00000000159be000 	/System/Library/Frameworks/CoreServices.framework/Versions/A/Frameworks/Metadata.framework/Versions/A/Metadata
0x00000000159be000 	/System/Library/Frameworks/CoreServices.framework/Versions/A/Frameworks/OSServices.framework/Versions/A/OSServices
0x00000000159be000 	/System/Library/Frameworks/CoreServices.framework/Versions/A/Frameworks/SearchKit.framework/Versions/A/SearchKit
0x00000000159be000 	/System/Library/Frameworks/CoreServices.framework/Versions/A/Frameworks/AE.framework/Versions/A/AE
0x00000000159be000 	/System/Library/Frameworks/CoreServices.framework/Versions/A/Frameworks/LaunchServices.framework/Versions/A/LaunchServices
0x00000000159be000 	/System/Library/Frameworks/CoreServices.framework/Versions/A/Frameworks/DictionaryServices.framework/Versions/A/DictionaryServices
0x00000000159be000 	/System/Library/Frameworks/CoreServices.framework/Versions/A/Frameworks/SharedFileList.framework/Versions/A/SharedFileList
0x00000000159be000 	/System/Library/Frameworks/NetFS.framework/Versions/A/NetFS
0x00000000159be000 	/System/Library/PrivateFrameworks/NetAuth.framework/Versions/A/NetAuth
0x00000000159be000 	/System/Library/PrivateFrameworks/login.framework/Versions/A/Frameworks/loginsupport.framework/Versions/A/loginsupport
0x00000000159be000 	/System/Library/PrivateFrameworks/TCC.framework/Versions/A/TCC
0x00000000159be000 	/usr/lib/libmecabra.dylib
0x00000000159be000 	/System/Library/Frameworks/ApplicationServices.framework/Versions/A/Frameworks/ATS.framework/Versions/A/ATS
0x00000000159be000 	/System/Library/Frameworks/ApplicationServices.framework/Versions/A/Frameworks/ColorSync.framework/Versions/A/ColorSync
0x00000000159be000 	/System/Library/Frameworks/ApplicationServices.framework/Versions/A/Frameworks/HIServices.framework/Versions/A/HIServices
0x00000000159be000 	/System/Library/Frameworks/ApplicationServices.framework/Versions/A/Frameworks/LangAnalysis.framework/Versions/A/LangAnalysis
0x00000000159be000 	/System/Library/Frameworks/ApplicationServices.framework/Versions/A/Frameworks/PrintCore.framework/Versions/A/PrintCore
0x00000000159be000 	/System/Library/Frameworks/ApplicationServices.framework/Versions/A/Frameworks/QD.framework/Versions/A/QD
0x00000000159be000 	/System/Library/Frameworks/ApplicationServices.framework/Versions/A/Frameworks/SpeechSynthesis.framework/Versions/A/SpeechSynthesis
0x00000000159be000 	/System/Library/Frameworks/Accelerate.framework/Versions/A/Frameworks/vImage.framework/Versions/A/vImage
0x00000000159be000 	/System/Library/Frameworks/Accelerate.framework/Versions/A/Frameworks/vecLib.framework/Versions/A/vecLib
0x00000000159be000 	/System/Library/Frameworks/Accelerate.framework/Versions/A/Frameworks/vecLib.framework/Versions/A/libvDSP.dylib
0x00000000159be000 	/System/Library/Frameworks/Accelerate.framework/Versions/A/Frameworks/vecLib.framework/Versions/A/libBNNS.dylib
0x00000000159be000 	/System/Library/Frameworks/Accelerate.framework/Versions/A/Frameworks/vecLib.framework/Versions/A/libQuadrature.dylib
0x00000000159be000 	/System/Library/Frameworks/Accelerate.framework/Versions/A/Frameworks/vecLib.framework/Versions/A/libvMisc.dylib
0x00000000159be000 	/System/Library/Frameworks/Accelerate.framework/Versions/A/Frameworks/vecLib.framework/Versions/A/libLAPACK.dylib
0x00000000159be000 	/System/Library/Frameworks/Accelerate.framework/Versions/A/Frameworks/vecLib.framework/Versions/A/libBLAS.dylib
0x00000000159be000 	/System/Library/Frameworks/Accelerate.framework/Versions/A/Frameworks/vecLib.framework/Versions/A/libLinearAlgebra.dylib
0x00000000159be000 	/System/Library/Frameworks/Accelerate.framework/Versions/A/Frameworks/vecLib.framework/Versions/A/libSparseBLAS.dylib
0x00000000159be000 	/System/Library/Frameworks/ApplicationServices.framework/Versions/A/Frameworks/ATS.framework/Versions/A/Resources/libFontParser.dylib
0x00000000159be000 	/System/Library/Frameworks/ApplicationServices.framework/Versions/A/Frameworks/ATS.framework/Versions/A/Resources/libFontRegistry.dylib
0x00000000159be000 	/System/Library/Frameworks/ImageIO.framework/Versions/A/Resources/libJPEG.dylib
0x00000000159be000 	/System/Library/Frameworks/ImageIO.framework/Versions/A/Resources/libTIFF.dylib
0x00000000159be000 	/System/Library/Frameworks/ImageIO.framework/Versions/A/Resources/libPng.dylib
0x00000000159be000 	/System/Library/Frameworks/ImageIO.framework/Versions/A/Resources/libGIF.dylib
0x00000000159be000 	/System/Library/Frameworks/ImageIO.framework/Versions/A/Resources/libJP2.dylib
0x00000000159be000 	/System/Library/Frameworks/ImageIO.framework/Versions/A/Resources/libRadiance.dylib
0x00000000159be000 	/usr/lib/libcompression.dylib
0x00000000159be000 	/System/Library/PrivateFrameworks/AppleJPEG.framework/Versions/A/AppleJPEG
0x00000000159be000 	/usr/lib/libcups.2.dylib
0x00000000159be000 	/System/Library/Frameworks/Kerberos.framework/Versions/A/Kerberos
0x00000000159be000 	/System/Library/Frameworks/GSS.framework/Versions/A/GSS
0x00000000159be000 	/usr/lib/libresolv.9.dylib
0x00000000159be000 	/usr/lib/libiconv.2.dylib
0x00000000159be000 	/System/Library/PrivateFrameworks/Heimdal.framework/Versions/A/Heimdal
0x00000000159be000 	/usr/lib/libheimdal-asn1.dylib
0x00000000159be000 	/System/Library/Frameworks/OpenDirectory.framework/Versions/A/OpenDirectory
0x00000000159be000 	/System/Library/PrivateFrameworks/CommonAuth.framework/Versions/A/CommonAuth
0x00000000159be000 	/System/Library/Frameworks/OpenDirectory.framework/Versions/A/Frameworks/CFOpenDirectory.framework/Versions/A/CFOpenDirectory
0x00000000159be000 	/System/Library/Frameworks/SecurityFoundation.framework/Versions/A/SecurityFoundation
0x00000000159be000 	/System/Library/PrivateFrameworks/LanguageModeling.framework/Versions/A/LanguageModeling
0x00000000159be000 	/usr/lib/libmarisa.dylib
0x00000000159be000 	/usr/lib/libChineseTokenizer.dylib
0x00000000159be000 	/usr/lib/libcmph.dylib
0x00000000159be000 	/System/Library/PrivateFrameworks/CoreEmoji.framework/Versions/A/CoreEmoji
0x00000000159be000 	/System/Library/Frameworks/ServiceManagement.framework/Versions/A/ServiceManagement
0x00000000159be000 	/usr/lib/libxslt.1.dylib
0x00000000159be000 	/System/Library/Frameworks/Carbon.framework/Versions/A/Frameworks/Ink.framework/Versions/A/Ink
0x00000000159be000 	/System/Library/PrivateFrameworks/TextureIO.framework/Versions/A/TextureIO
0x00000000159be000 	/System/Library/Frameworks/Metal.framework/Versions/A/Metal
0x00000000159be000 	/usr/lib/libate.dylib
0x00000000159be000 	/System/Library/PrivateFrameworks/GPUCompiler.framework/libmetal_timestamp.dylib
0x00000000159be000 	/System/Library/Frameworks/OpenGL.framework/Versions/A/Libraries/libCoreFSCache.dylib
0x00000000159be000 	/System/Library/PrivateFrameworks/IOAccelerator.framework/Versions/A/IOAccelerator
0x00000000159be000 	/System/Library/Frameworks/CoreVideo.framework/Versions/A/CoreVideo
0x00000000159be000 	/usr/lib/libFosl_dynamic.dylib
0x00000000159be000 	/System/Library/PrivateFrameworks/MetalPerformanceShaders.framework/Versions/A/MetalPerformanceShaders
0x00000000159be000 	/System/Library/PrivateFrameworks/FaceCore.framework/Versions/A/FaceCore
0x00000000159be000 	/System/Library/Frameworks/OpenCL.framework/Versions/A/OpenCL
0x00000000159be000 	/System/Library/Frameworks/OpenGL.framework/Versions/A/Libraries/libGLU.dylib
0x00000000159be000 	/System/Library/Frameworks/OpenGL.framework/Versions/A/Libraries/libGFXShared.dylib
0x00000000159be000 	/System/Library/Frameworks/OpenGL.framework/Versions/A/Libraries/libGL.dylib
0x00000000159be000 	/System/Library/Frameworks/OpenGL.framework/Versions/A/Libraries/libGLImage.dylib
0x00000000159be000 	/System/Library/Frameworks/OpenGL.framework/Versions/A/Libraries/libCVMSPluginSupport.dylib
0x00000000159be000 	/System/Library/Frameworks/OpenGL.framework/Versions/A/Libraries/libCoreVMClient.dylib
0x00000000159be000 	/System/Library/PrivateFrameworks/CrashReporterSupport.framework/Versions/A/CrashReporterSupport
0x00000000159be000 	/System/Library/PrivateFrameworks/Sharing.framework/Versions/A/Sharing
0x00000000159be000 	/System/Library/PrivateFrameworks/IconServices.framework/Versions/A/IconServices
0x00000000159be000 	/System/Library/PrivateFrameworks/ProtocolBuffer.framework/Versions/A/ProtocolBuffer
0x00000000159be000 	/System/Library/PrivateFrameworks/Apple80211.framework/Versions/A/Apple80211
0x00000000159be000 	/System/Library/Frameworks/CoreWLAN.framework/Versions/A/CoreWLAN
0x00000000159be000 	/System/Library/PrivateFrameworks/CoreUtils.framework/Versions/A/CoreUtils
0x00000000159be000 	/System/Library/Frameworks/IOBluetooth.framework/Versions/A/IOBluetooth
0x00000000159be000 	/System/Library/PrivateFrameworks/CoreWiFi.framework/Versions/A/CoreWiFi
0x00000000159be000 	/System/Library/Frameworks/CoreBluetooth.framework/Versions/A/CoreBluetooth
0x00000000159be000 	/System/Library/Frameworks/CoreDisplay.framework/Versions/A/CoreDisplay
0x00000000159be000 	/System/Library/PrivateFrameworks/IOPresentment.framework/Versions/A/IOPresentment
0x00000000159be000 	/System/Library/PrivateFrameworks/DSExternalDisplay.framework/Versions/A/DSExternalDisplay
0x00000000159be000 	/System/Library/PrivateFrameworks/DebugSymbols.framework/Versions/A/DebugSymbols
0x00000000159be000 	/System/Library/PrivateFrameworks/CoreSymbolication.framework/Versions/A/CoreSymbolication
0x00000000159be000 	/System/Library/PrivateFrameworks/Symbolication.framework/Versions/A/Symbolication
0x00000000159be000 	/System/Library/PrivateFrameworks/AppleFSCompression.framework/Versions/A/AppleFSCompression
0x00000000159be000 	/System/Library/PrivateFrameworks/SpeechRecognitionCore.framework/Versions/A/SpeechRecognitionCore
0x00000000159be000 	/System/Library/PrivateFrameworks/ChunkingLibrary.framework/Versions/A/ChunkingLibrary
0x0000000110000000 	/Library/Java/JavaVirtualMachines/jdk1.8.0_60.jdk/Contents/Home/jre/lib/server/libjvm.dylib
0x00000000159be000 	/usr/lib/libstdc++.6.dylib
0x0000000110f89000 	/Library/Java/JavaVirtualMachines/jdk1.8.0_60.jdk/Contents/Home/jre/lib/libverify.dylib
0x0000000110f97000 	/Library/Java/JavaVirtualMachines/jdk1.8.0_60.jdk/Contents/Home/jre/lib/libjava.dylib
0x0000000110fcc000 	/Library/Java/JavaVirtualMachines/jdk1.8.0_60.jdk/Contents/Home/jre/lib/libinstrument.dylib
0x0000000111028000 	/Library/Java/JavaVirtualMachines/jdk1.8.0_60.jdk/Contents/Home/jre/lib/libzip.dylib
0x00000001150be000 	/System/Library/Frameworks/JavaVM.framework/Frameworks/JavaRuntimeSupport.framework/JavaRuntimeSupport
0x00000001150d8000 	/System/Library/Frameworks/JavaVM.framework/Versions/A/Frameworks/JavaNativeFoundation.framework/Versions/A/JavaNativeFoundation
0x00000001150ed000 	/System/Library/Frameworks/JavaVM.framework/Versions/A/JavaVM
0x00000000159be000 	/System/Library/Frameworks/Carbon.framework/Versions/A/Carbon
0x00000001150fa000 	/System/Library/PrivateFrameworks/JavaLaunching.framework/Versions/A/JavaLaunching
0x00000000159be000 	/System/Library/Frameworks/Carbon.framework/Versions/A/Frameworks/CommonPanels.framework/Versions/A/CommonPanels
0x00000000159be000 	/System/Library/Frameworks/Carbon.framework/Versions/A/Frameworks/Help.framework/Versions/A/Help
0x00000000159be000 	/System/Library/Frameworks/Carbon.framework/Versions/A/Frameworks/ImageCapture.framework/Versions/A/ImageCapture
0x00000000159be000 	/System/Library/Frameworks/Carbon.framework/Versions/A/Frameworks/OpenScripting.framework/Versions/A/OpenScripting
0x00000000159be000 	/System/Library/Frameworks/Carbon.framework/Versions/A/Frameworks/Print.framework/Versions/A/Print
0x00000000159be000 	/System/Library/Frameworks/Carbon.framework/Versions/A/Frameworks/SecurityHI.framework/Versions/A/SecurityHI
0x0000000115371000 	/Library/Java/JavaVirtualMachines/jdk1.8.0_60.jdk/Contents/Home/jre/lib/libnet.dylib
0x0000000115467000 	/Library/Java/JavaVirtualMachines/jdk1.8.0_60.jdk/Contents/Home/jre/lib/libprism_es2.dylib
0x00000000159be000 	/System/Library/Frameworks/OpenGL.framework/Versions/A/Resources/GLEngine.bundle/GLEngine
0x00000000159be000 	/System/Library/Frameworks/OpenGL.framework/Versions/A/Libraries/libGLProgrammability.dylib
0x00000001154cc000 	/System/Library/Extensions/AppleIntelHD3000GraphicsGLDriver.bundle/Contents/MacOS/AppleIntelHD3000GraphicsGLDriver
0x00000000159be000 	/System/Library/PrivateFrameworks/GPUSupport.framework/Versions/A/Libraries/libGPUSupport.dylib
0x0000000115988000 	/System/Library/Extensions/AMDRadeonX3000GLDriver.bundle/Contents/MacOS/AMDRadeonX3000GLDriver
0x00000000159be000 	/System/Library/PrivateFrameworks/GPUSupport.framework/Versions/A/Libraries/libGPUSupportMercury.dylib
0x0000000115a69000 	/System/Library/Extensions/AMDRadeonX3000GLDriver.bundle/Contents/MacOS/ATIRadeonX3000SCLib.dylib
0x00000000159be000 	/System/Library/Frameworks/OpenGL.framework/Versions/A/Resources/GLRendererFloat.bundle/GLRendererFloat
0x00000000159be000 	/System/Library/Frameworks/OpenCL.framework/Versions/A/Libraries/libcldcpuengine.dylib
0x00000000159be000 	/usr/lib/libcrypto.0.9.8.dylib
0x00000000159be000 	/System/Library/PrivateFrameworks/TrustEvaluationAgent.framework/Versions/A/TrustEvaluationAgent
0x0000000115d10000 	/Library/Java/JavaVirtualMachines/jdk1.8.0_60.jdk/Contents/Home/jre/lib/libglass.dylib
0x00000000159be000 	/System/Library/PrivateFrameworks/CoreServicesInternal.framework/Versions/A/CoreServicesInternal
0x00000000159be000 	/System/Library/CoreServices/RawCamera.bundle/Contents/MacOS/RawCamera
0x00000000159be000 	/System/Library/Frameworks/Accelerate.framework/Versions/A/Frameworks/vImage.framework/Versions/A/Libraries/libCGInterfaces.dylib
0x00000000159be000 	/System/Library/PrivateFrameworks/FamilyControls.framework/Versions/A/FamilyControls
0x00000000159be000 	/System/Library/PrivateFrameworks/CommerceKit.framework/Versions/A/Frameworks/CommerceCore.framework/Versions/A/CommerceCore
0x00000000159be000 	/System/Library/PrivateFrameworks/SystemAdministration.framework/Versions/A/SystemAdministration
0x00000000159be000 	/System/Library/PrivateFrameworks/AppContainer.framework/Versions/A/AppContainer
0x00000000159be000 	/System/Library/PrivateFrameworks/SecCodeWrapper.framework/Versions/A/SecCodeWrapper
0x00000000159be000 	/System/Library/Frameworks/DirectoryService.framework/Versions/A/DirectoryService
0x00000000159be000 	/System/Library/PrivateFrameworks/DiskImages.framework/Versions/A/DiskImages
0x00000000159be000 	/System/Library/PrivateFrameworks/LoginUIKit.framework/Versions/A/Frameworks/LoginUICore.framework/Versions/A/LoginUICore
0x00000000159be000 	/usr/lib/libCoreStorage.dylib
0x00000000159be000 	/usr/lib/libcsfde.dylib
0x00000000159be000 	/usr/lib/libodfde.dylib
0x00000000159be000 	/System/Library/Frameworks/DiscRecording.framework/Versions/A/DiscRecording
0x00000000159be000 	/usr/lib/libcurl.4.dylib
0x00000000159be000 	/System/Library/PrivateFrameworks/MediaKit.framework/Versions/A/MediaKit
0x00000000159be000 	/System/Library/PrivateFrameworks/ProtectedCloudStorage.framework/Versions/A/ProtectedCloudStorage
0x00000000159be000 	/System/Library/PrivateFrameworks/EFILogin.framework/Versions/A/EFILogin
0x00000000159be000 	/usr/lib/libutil.dylib
0x00000000159be000 	/System/Library/Frameworks/LDAP.framework/Versions/A/LDAP
0x00000000159be000 	/usr/lib/libsasl2.2.dylib
0x00000000159be000 	/System/Library/PrivateFrameworks/CoreDaemon.framework/Versions/B/CoreDaemon
0x00000000159be000 	/System/Library/PrivateFrameworks/AppleSRP.framework/Versions/A/AppleSRP
0x00000000159be000 	/System/Library/PrivateFrameworks/APFS.framework/Versions/A/APFS
0x0000000115f80000 	/System/Library/PrivateFrameworks/AccessibilityBundles.framework/AccessibilityBundles
0x0000000116476000 	/Library/Java/JavaVirtualMachines/jdk1.8.0_60.jdk/Contents/Home/jre/lib/libawt.dylib
0x0000000131b17000 	/Library/Java/JavaVirtualMachines/jdk1.8.0_60.jdk/Contents/Home/jre/lib/./libmlib_image.dylib
0x0000000131be3000 	/Library/Java/JavaVirtualMachines/jdk1.8.0_60.jdk/Contents/Home/jre/lib/libawt_lwawt.dylib
0x00000001161f7000 	/Library/Java/JavaVirtualMachines/jdk1.8.0_60.jdk/Contents/Home/jre/lib/./libosxapp.dylib
0x00000000159be000 	/System/Library/Frameworks/ExceptionHandling.framework/Versions/A/ExceptionHandling
0x000000011651e000 	/private/var/folders/s_/5scqxqc91vj4_bs3hswwgsdm0000gn/T/jna-97419/jna1874742002511648579.tmp
0x0000000116217000 	/Library/Java/JavaVirtualMachines/jdk1.8.0_60.jdk/Contents/Home/jre/lib/libjavafx_font.dylib
0x00000000159be000 	/System/Library/Frameworks/ApplicationServices.framework/Versions/A/Frameworks/ATS.framework/Versions/A/Resources/libTrueTypeScaler.dylib
0x0000000115ef0000 	/Library/Java/JavaVirtualMachines/jdk1.8.0_60.jdk/Contents/Home/jre/lib/libnio.dylib
0x00000000159be000 	/System/Library/PrivateFrameworks/ViewBridge.framework/Versions/A/ViewBridge
0x00000000159be000 	/System/Library/PrivateFrameworks/XPCService.framework/Versions/A/XPCService
0x00000000159be000 	/System/Library/PrivateFrameworks/AppSandbox.framework/Versions/A/AppSandbox
0x00000000159be000 	/usr/lib/libsandbox.1.dylib
0x00000000159be000 	/usr/lib/libMatch.1.dylib
0x0000000134334000 	/Library/Java/JavaVirtualMachines/jdk1.8.0_60.jdk/Contents/Home/jre/lib/libprism_common.dylib

VM Arguments:
jvm_args: -DworkingDir=src/test/resources/test1 -javaagent:/Applications/IntelliJ IDEA CE.app/Contents/lib/idea_rt.jar=54988:/Applications/IntelliJ IDEA CE.app/Contents/bin -Dfile.encoding=UTF-8 
java_command: org.tools4j.launcher.javafx.Main
java_class_path (initial): /Library/Java/JavaVirtualMachines/jdk1.8.0_60.jdk/Contents/Home/lib/ant-javafx.jar:/Library/Java/JavaVirtualMachines/jdk1.8.0_60.jdk/Contents/Home/lib/dt.jar:/Library/Java/JavaVirtualMachines/jdk1.8.0_60.jdk/Contents/Home/lib/javafx-mx.jar:/Library/Java/JavaVirtualMachines/jdk1.8.0_60.jdk/Contents/Home/lib/jconsole.jar:/Library/Java/JavaVirtualMachines/jdk1.8.0_60.jdk/Contents/Home/lib/packager.jar:/Library/Java/JavaVirtualMachines/jdk1.8.0_60.jdk/Contents/Home/lib/sa-jdi.jar:/Library/Java/JavaVirtualMachines/jdk1.8.0_60.jdk/Contents/Home/lib/tools.jar:/Library/Java/JavaVirtualMachines/jdk1.8.0_60.jdk/Contents/Home/jre/lib/charsets.jar:/Library/Java/JavaVirtualMachines/jdk1.8.0_60.jdk/Contents/Home/jre/lib/deploy.jar:/Library/Java/JavaVirtualMachines/jdk1.8.0_60.jdk/Contents/Home/jre/lib/javaws.jar:/Library/Java/JavaVirtualMachines/jdk1.8.0_60.jdk/Contents/Home/jre/lib/jce.jar:/Library/Java/JavaVirtualMachines/jdk1.8.0_60.jdk/Contents/Home/jre/lib/jfr.jar:/Library/Java/JavaVirtualMachines/jdk1.8.0_60.jdk/Contents/Home/jre/lib/jfxswt.jar:/Library/Java/JavaVirtualMachines/jdk1.8.0_60.jdk/Contents/Home/jre/lib/jsse.jar:/Library/Java/JavaVirtualMachines/jdk1.8.0_60.jdk/Contents/Home/jre/lib/management-agent.jar:/Library/Java/JavaVirtualMachines/jdk1.8.0_60.jdk/Contents/Home/jre/lib/plugin.jar:/Library/Java/JavaVirtualMachines/jdk1.8.0_60.jdk/Contents/Home/jre/lib/resources.jar:/Library/Java/JavaVirtualMachines/jdk1.8.0_60.jdk/Contents/Home/jre/lib/rt.jar:/Library/Java/JavaVirtualMachines/jdk1.8.0_60.jdk/Contents/Home/jre/lib/ext/cldrdata.jar:/Library/Java/JavaVirtualMachines/jdk1.8.0_60.jdk/Contents/Home/jre/lib/ext/dnsns.jar:/Library/Java/JavaVirtualMachines/jdk1.8.0_60.jdk/Contents/Home/jre/lib/ext/jaccess.jar:/Library/Java/JavaVirtualMachines/jdk1.8.0_60.jdk/Contents/Home/jre/lib/ext/jfxrt.jar:/Library/Java/JavaVirtualMachines/jdk1.8.0_60.jdk/Contents/Home/jre/lib/ext/localedata.jar:/Library/Java/JavaVirtualMachines/jdk1.8.0_60.jdk/Conten
Launcher Type: SUN_STANDARD

Environment Variables:
JAVA_HOME=/Library/Java/JavaVirtualMachines/jdk1.7.0_10.jdk/Contents/Home
PATH=/Users/ben/dev/bin/apache-maven-3.1.1/bin:/opt/local/bin:/opt/local/sbin:/Users/ben/dev/bin/gradle-3.3/bin:/Users/ben/dev/bin/apache-ant-1.9.3/bin:/Users/ben/dev/bin/adt-bundle-mac-x86_64-20140321/sdk/tools:/Users/ben/q/m32:/usr/local/bin:/usr/bin:/bin:/usr/sbin:/sbin:/opt/X11/bin:/usr/local/git/bin:/usr/local/MacGPG2/bin
SHELL=/bin/bash
DISPLAY=/private/tmp/com.apple.launchd.f7nwd5gC38/org.macosforge.xquartz:0

Signal Handlers:
SIGSEGV: [libjvm.dylib+0x5a6d31], sa_mask[0]=11111111011111110111111111111111, sa_flags=SA_ONSTACK|SA_RESTART|SA_SIGINFO
SIGBUS: [libjvm.dylib+0x5a6d31], sa_mask[0]=11111111011111110111111111111111, sa_flags=SA_RESTART|SA_SIGINFO
SIGFPE: [libjvm.dylib+0x480a4c], sa_mask[0]=11111111011111110111111111111111, sa_flags=SA_RESTART|SA_SIGINFO
SIGPIPE: [libjvm.dylib+0x480a4c], sa_mask[0]=11111111011111110111111111111111, sa_flags=SA_RESTART|SA_SIGINFO
SIGXFSZ: [libjvm.dylib+0x480a4c], sa_mask[0]=11111111011111110111111111111111, sa_flags=SA_RESTART|SA_SIGINFO
SIGILL: [libjvm.dylib+0x480a4c], sa_mask[0]=11111111011111110111111111111111, sa_flags=SA_RESTART|SA_SIGINFO
SIGUSR1: SIG_DFL, sa_mask[0]=00000000000000000000000000000000, sa_flags=none
SIGUSR2: [libjvm.dylib+0x48056a], sa_mask[0]=00100000000000000000000000000000, sa_flags=SA_RESTART|SA_SIGINFO
SIGHUP: [libjvm.dylib+0x47eb41], sa_mask[0]=11111111011111110111111111111111, sa_flags=SA_RESTART|SA_SIGINFO
SIGINT: [libjvm.dylib+0x47eb41], sa_mask[0]=11111111011111110111111111111111, sa_flags=SA_RESTART|SA_SIGINFO
SIGTERM: [libjvm.dylib+0x47eb41], sa_mask[0]=11111111011111110111111111111111, sa_flags=SA_RESTART|SA_SIGINFO
SIGQUIT: [libjvm.dylib+0x47eb41], sa_mask[0]=11111111011111110111111111111111, sa_flags=SA_RESTART|SA_SIGINFO


---------------  S Y S T E M  ---------------

OS:Bsduname:Darwin 16.6.0 Darwin Kernel Version 16.6.0: Fri Apr 14 16:21:16 PDT 2017; root:xnu-3789.60.24~6/RELEASE_X86_64 x86_64
rlimit: STACK 8192k, CORE 0k, NPROC 709, NOFILE 10240, AS infinity
load average:2.71 3.58 4.37

CPU:total 8 (4 cores per cpu, 2 threads per core) family 6 model 42 stepping 7, cmov, cx8, fxsr, mmx, sse, sse2, sse3, ssse3, sse4.1, sse4.2, popcnt, avx, aes, clmul, ht, tsc, tscinvbit

Memory: 4k page, physical 16777216k(298216k free)

/proc/meminfo:


vm_info: Java HotSpot(TM) 64-Bit Server VM (25.60-b23) for bsd-amd64 JRE (1.8.0_60-b27), built on Aug  4 2015 10:47:24 by "java_re" with gcc 4.2.1 (Based on Apple Inc. build 5658) (LLVM build 2336.11.00)

time: Fri Nov 24 06:42:28 2017
elapsed time: 6 seconds (0d 0h 0m 6s)

