#
# A fatal error has been detected by the Java Runtime Environment:
#
#  SIGSEGV (0xb) at pc=0x00000001078d3674, pid=48271, tid=775
#
# JRE version: Java(TM) SE Runtime Environment (8.0_60-b27) (build 1.8.0_60-b27)
# Java VM: Java HotSpot(TM) 64-Bit Server VM (25.60-b23 mixed mode bsd-amd64 compressed oops)
# Problematic frame:
# V  [libjvm.dylib+0x4cb674]  DebugInfoReadStream::read_method()+0x1c
#
# Failed to write core dump. Core dumps have been disabled. To enable core dumping, try "ulimit -c unlimited" before starting Java again
#
# If you would like to submit a bug report, please visit:
#   http://bugreport.java.com/bugreport/crash.jsp
# The crash happened outside the Java Virtual Machine in native code.
# See problematic frame for where to report the bug.
#

---------------  T H R E A D  ---------------

Current thread (0x00007f8c75035000):  JavaThread "JavaFX Application Thread" [_thread_in_native, id=775, stack(0x00007fff58075000,0x00007fff58875000)]

siginfo: si_signo: 11 (SIGSEGV), si_code: 1 (SEGV_MAPERR), si_addr: 0x00000000178fcfbc

Registers:
RAX=0x0000000000000001, RBX=0x00007f8c73c14d70, RCX=0x00000000178fcf10, RDX=0x00000001178fcf10
RSP=0x00007fff5886dd10, RBP=0x00007fff5886dd20, RSI=0x0000000000000001, RDI=0x00007f8c73c14d70
R8 =0x0000000000000000, R9 =0x0000000000000000, R10=0x0000000116fd70f9, R11=0x00000001178fd120
R12=0x000000000000000c, R13=0x00007f8c73c14d70, R14=0x00007f8c73c14d70, R15=0x0000000000000000
RIP=0x00000001078d3674, EFLAGS=0x0000000000010202, ERR=0x0000000000000004
  TRAPNO=0x000000000000000e

Top of Stack: (sp=0x00007fff5886dd10)
0x00007fff5886dd10:   00007f8c73c14d70 00007f8c73c14d70
0x00007fff5886dd20:   00007fff5886dd40 00000001078e23fc
0x00007fff5886dd30:   00000001178fcf10 0000000000000000
0x00007fff5886dd40:   00007fff5886dd80 000000010786ac13
0x00007fff5886dd50:   00007fff5886e4e0 0000000000000000
0x00007fff5886dd60:   000000076c3e2ee8 00007f8c73e0fcd8
0x00007fff5886dd70:   00000001178fd8fc 00000001178fcf10
0x00007fff5886dd80:   00007fff5886de60 00000001078e807d
0x00007fff5886dd90:   0000000000000000 00000001178fd8fc
0x00007fff5886dda0:   00000001178fcf10 00000000079e5ae6
0x00007fff5886ddb0:   00007fff5886ea70 00007f8c00000000
0x00007fff5886ddc0:   00007fff00000004 0000000107933b52
0x00007fff5886ddd0:   00007fff2aa8e6d8 000000002ee4d8d8
0x00007fff5886dde0:   000000b973e0fce0 0000000000000000
0x00007fff5886ddf0:   00007f8c73e0f640 00007f8c73c14d60
0x00007fff5886de00:   00007f8c73c14d70 00007f8c73c15148
0x00007fff5886de10:   00000000000003d8 00000001079e5b1a
0x00007fff5886de20:   00007fff5886de40 000000010786ea8e
0x00007fff5886de30:   0000000000000004 00000001178fcf10
0x00007fff5886de40:   000000076c3e2ee8 00007f8c73e0fcd8
0x00007fff5886de50:   00000001178fd8fc 00007f8c75035000
0x00007fff5886de60:   00007fff5886eae0 00000001075495e2
0x00007fff5886de70:   00007f8c73c14d60 00007f8c73c14d70
0x00007fff5886de80:   00007f8c13339d88 00000000000003d8
0x00007fff5886de90:   00000001135947a8 580000076c3e22e8
0x00007fff5886dea0:   00007fff5886ded0 0000000107864be1
0x00007fff5886deb0:   00000000000000db 00007f8c2ee5ab98
0x00007fff5886dec0:   000000000000000e 00007fff5886e030
0x00007fff5886ded0:   00007fff5886e020 00000001075ec2dc
0x00007fff5886dee0:   000000076c3e22b0 0000000000000000
0x00007fff5886def0:   0000000000000003 000000076c3e22b0
0x00007fff5886df00:   00007fff5886e690 00007f8c7682400a 

Instructions: (pc=0x00000001078d3674)
0x00000001078d3654:   5d c3 90 90 55 48 89 e5 53 48 83 ec 08 48 89 fb
0x00000001078d3664:   48 89 df e8 64 91 d2 ff 85 c0 74 19 48 8b 4b 10
0x00000001078d3674:   48 63 91 ac 00 00 00 48 01 ca ff c8 48 63 c0 48
0x00000001078d3684:   8b 04 c2 eb 02 31 c0 48 83 c4 08 5b 5d c3 55 48 

Register to memory mapping:

RAX=0x0000000000000001 is an unknown value
RBX=0x00007f8c73c14d70 is an unknown value
RCX=0x00000000178fcf10 is an unknown value
RDX=0x00000001178fcf10 is at entry_point+-496 in (nmethod*)0x00000001178fcf10
RSP=0x00007fff5886dd10 is pointing into the stack for thread: 0x00007f8c75035000
RBP=0x00007fff5886dd20 is pointing into the stack for thread: 0x00007f8c75035000
RSI=0x0000000000000001 is an unknown value
RDI=0x00007f8c73c14d70 is an unknown value
R8 =0x0000000000000000 is an unknown value
R9 =0x0000000000000000 is an unknown value
R10=0x0000000116fd70f9 is at code_begin+25 in 
[CodeBlob (0x0000000116fd7090)]
Framesize: 2
Runtime Stub (0x0000000116fd7090): handle_exception_from_callee Runtime1 stub
R11=0x00000001178fd120 is at entry_point+32 in (nmethod*)0x00000001178fcf10
R12=0x000000000000000c is an unknown value
R13=0x00007f8c73c14d70 is an unknown value
R14=0x00007f8c73c14d70 is an unknown value
R15=0x0000000000000000 is an unknown value


Stack: [0x00007fff58075000,0x00007fff58875000],  sp=0x00007fff5886dd10,  free space=8163k
Native frames: (J=compiled Java code, j=interpreted, Vv=VM code, C=native code)
V  [libjvm.dylib+0x4cb674]  DebugInfoReadStream::read_method()+0x1c
V  [libjvm.dylib+0x4da3fc]  ScopeDesc::decode_body()+0x62
V  [libjvm.dylib+0x462c13]  nmethod::scope_desc_at(unsigned char*)+0x8d
V  [libjvm.dylib+0x4e007d]  SharedRuntime::compute_compiled_exc_handler(nmethod*, unsigned char*, Handle&, bool, bool)+0x7d
V  [libjvm.dylib+0x1415e2]  Runtime1::exception_handler_for_pc(JavaThread*)+0x1d8
v  ~RuntimeStub::handle_exception_from_callee Runtime1 stub
J 3373 C1 javafx.animation.Animation$1.timePulse(J)V (56 bytes) @ 0x00000001178fd8fc [0x00000001178fd100+0x7fc]
j  com.sun.scenario.animation.AbstractMasterTimer.timePulseImpl(J)V+61
j  com.sun.scenario.animation.AbstractMasterTimer$MainLoop.run()V+41
j  com.sun.javafx.tk.quantum.QuantumToolkit.pulse(Z)V+80
j  com.sun.javafx.tk.quantum.QuantumToolkit.pulse()V+2
j  com.sun.javafx.tk.quantum.QuantumToolkit.lambda$runToolkit$405()V+1
j  com.sun.javafx.tk.quantum.QuantumToolkit$$Lambda$41.run()V+4
j  com.sun.glass.ui.InvokeLaterDispatcher$Future.run()V+4
v  ~StubRoutines::call_stub
V  [libjvm.dylib+0x2eab0e]  JavaCalls::call_helper(JavaValue*, methodHandle*, JavaCallArguments*, Thread*)+0x6ae
V  [libjvm.dylib+0x321bb7]  jni_invoke_nonstatic(JNIEnv_*, JavaValue*, _jobject*, JNICallType, _jmethodID*, JNI_ArgumentPusher*, Thread*)+0x2ec
V  [libjvm.dylib+0x31438b]  jni_CallVoidMethod+0x16b
C  [libglass.dylib+0x463b]  -[GlassRunnable run]+0x6b
C  [Foundation+0x717ba]  __NSThreadPerformPerform+0x146
C  [CoreFoundation+0xa43e1]  __CFRUNLOOP_IS_CALLING_OUT_TO_A_SOURCE0_PERFORM_FUNCTION__+0x11
C  [CoreFoundation+0x8565c]  __CFRunLoopDoSources0+0x22c
C  [CoreFoundation+0x84b46]  __CFRunLoopRun+0x3a6
C  [CoreFoundation+0x84544]  CFRunLoopRunSpecific+0x1a4
C  [HIToolbox+0x30ebc]  RunCurrentEventLoopInMode+0xf0
C  [HIToolbox+0x30cf1]  ReceiveNextEventCommon+0x1b0
C  [HIToolbox+0x30b26]  _BlockUntilNextEventMatchingListInModeWithFilter+0x47
C  [AppKit+0x46a54]  _DPSNextEvent+0x460
C  [AppKit+0x7c27ee]  -[NSApplication(NSEvent) _nextEventMatchingEventMask:untilDate:inMode:dequeue:]+0xaec
C  [AppKit+0x3b3db]  -[NSApplication run]+0x39e
C  [libglass.dylib+0x65ec]  -[GlassApplication runLoop:]+0x72c
C  [Foundation+0x717ba]  __NSThreadPerformPerform+0x146
C  [CoreFoundation+0xa43e1]  __CFRUNLOOP_IS_CALLING_OUT_TO_A_SOURCE0_PERFORM_FUNCTION__+0x11
C  [CoreFoundation+0x8565c]  __CFRunLoopDoSources0+0x22c
C  [CoreFoundation+0x84b46]  __CFRunLoopRun+0x3a6
C  [CoreFoundation+0x84544]  CFRunLoopRunSpecific+0x1a4
C  [java+0x6463]  CreateExecutionEnvironment+0x367
C  [java+0x21ac]  JLI_Launch+0x7a0
C  [java+0x84c0]  main+0x65
C  [java+0x1a04]  start+0x34
C  0x0000000000000007

Java frames: (J=compiled Java code, j=interpreted, Vv=VM code)
v  ~RuntimeStub::handle_exception_from_callee Runtime1 stub
J 3373 C1 javafx.animation.Animation$1.timePulse(J)V (56 bytes) @ 0x00000001178fd8fc [0x00000001178fd100+0x7fc]
j  com.sun.scenario.animation.AbstractMasterTimer.timePulseImpl(J)V+61
j  com.sun.scenario.animation.AbstractMasterTimer$MainLoop.run()V+41
j  com.sun.javafx.tk.quantum.QuantumToolkit.pulse(Z)V+80
j  com.sun.javafx.tk.quantum.QuantumToolkit.pulse()V+2
j  com.sun.javafx.tk.quantum.QuantumToolkit.lambda$runToolkit$405()V+1
j  com.sun.javafx.tk.quantum.QuantumToolkit$$Lambda$41.run()V+4
j  com.sun.glass.ui.InvokeLaterDispatcher$Future.run()V+4
v  ~StubRoutines::call_stub

---------------  P R O C E S S  ---------------

Java Threads: ( => current thread )
  0x00007f8c77c61000 JavaThread "pool-4-thread-3" [_thread_blocked, id=82179, stack(0x0000700009083000,0x0000700009183000)]
  0x00007f8c75ca3800 JavaThread "pool-4-thread-2" [_thread_blocked, id=81667, stack(0x0000700008f80000,0x0000700009080000)]
  0x00007f8c74306800 JavaThread "pool-4-thread-1" [_thread_blocked, id=81155, stack(0x0000700008e7d000,0x0000700008f7d000)]
  0x00007f8c77c60800 JavaThread "process reaper" daemon [_thread_blocked, id=80167, stack(0x0000700008e52000,0x0000700008e7a000)]
  0x00007f8c75ad9000 JavaThread "Prism Font Disposer" daemon [_thread_blocked, id=61787, stack(0x0000700008ccc000,0x0000700008dcc000)]
  0x00007f8c779c1000 JavaThread "Thread-5" [_thread_blocked, id=58371, stack(0x0000700008bc9000,0x0000700008cc9000)]
  0x00007f8c74859800 JavaThread "pool-2-thread-1" [_thread_blocked, id=53823, stack(0x0000700008ac6000,0x0000700008bc6000)]
  0x00007f8c7409c000 JavaThread "JavaFX-Launcher" [_thread_blocked, id=56839, stack(0x00007000089c3000,0x0000700008ac3000)]
  0x00007f8c74858800 JavaThread "Thread-3" daemon [_thread_in_native, id=43011, stack(0x00007000088bd000,0x000070000893d000)]
=>0x00007f8c75035000 JavaThread "JavaFX Application Thread" [_thread_in_native, id=775, stack(0x00007fff58075000,0x00007fff58875000)]
  0x00007f8c758ec000 JavaThread "Thread-1" daemon [_thread_blocked, id=29187, stack(0x00007000085ae000,0x00007000086ae000)]
  0x00007f8c7688c800 JavaThread "QuantumRenderer-0" daemon [_thread_blocked, id=22531, stack(0x00007000084ab000,0x00007000085ab000)]
  0x00007f8c778e5800 JavaThread "Service Thread" daemon [_thread_blocked, id=21507, stack(0x00007000082a5000,0x00007000083a5000)]
  0x00007f8c78012800 JavaThread "C1 CompilerThread3" daemon [_thread_blocked, id=20995, stack(0x00007000081a2000,0x00007000082a2000)]
  0x00007f8c78012000 JavaThread "C2 CompilerThread2" daemon [_thread_blocked, id=20483, stack(0x000070000809f000,0x000070000819f000)]
  0x00007f8c78011000 JavaThread "C2 CompilerThread1" daemon [_thread_blocked, id=19971, stack(0x0000700007f9c000,0x000070000809c000)]
  0x00007f8c78010800 JavaThread "C2 CompilerThread0" daemon [_thread_blocked, id=19459, stack(0x0000700007e99000,0x0000700007f99000)]
  0x00007f8c76845800 JavaThread "Monitor Ctrl-Break" daemon [_thread_in_native, id=18947, stack(0x0000700007d96000,0x0000700007e96000)]
  0x00007f8c7682b000 JavaThread "Signal Dispatcher" daemon [_thread_blocked, id=18435, stack(0x0000700007c93000,0x0000700007d93000)]
  0x00007f8c77802000 JavaThread "Finalizer" daemon [_thread_blocked, id=14595, stack(0x0000700007b90000,0x0000700007c90000)]
  0x00007f8c77801800 JavaThread "Reference Handler" daemon [_thread_blocked, id=14083, stack(0x0000700007a8d000,0x0000700007b8d000)]
  0x00007f8c7400a800 JavaThread "main" [_thread_blocked, id=7171, stack(0x000070000706f000,0x000070000716f000)]

Other Threads:
  0x00007f8c77801000 VMThread [stack: 0x000070000798a000,0x0000700007a8a000] [id=13571]
  0x00007f8c76806000 WatcherThread [stack: 0x00007000083a8000,0x00007000084a8000] [id=22019]

VM state:not at safepoint (normal execution)

VM Mutex/Monitor currently owned by a thread: None

Heap:
 PSYoungGen      total 76288K, used 27199K [0x000000076ab00000, 0x0000000770000000, 0x00000007c0000000)
  eden space 65536K, 41% used [0x000000076ab00000,0x000000076c58fe80,0x000000076eb00000)
  from space 10752K, 0% used [0x000000076f580000,0x000000076f580000,0x0000000770000000)
  to   space 10752K, 0% used [0x000000076eb00000,0x000000076eb00000,0x000000076f580000)
 ParOldGen       total 117248K, used 6912K [0x00000006c0000000, 0x00000006c7280000, 0x000000076ab00000)
  object space 117248K, 5% used [0x00000006c0000000,0x00000006c06c0310,0x00000006c7280000)
 Metaspace       used 22802K, capacity 24192K, committed 24240K, reserved 1071104K
  class space    used 3199K, capacity 3491K, committed 3504K, reserved 1048576K

Card table byte_map: [0x0000000109802000,0x000000010a003000] byte_map_base: 0x0000000106202000

Marking Bits: (ParMarkBitMap*) 0x0000000107ce6e20
 Begin Bits: [0x000000010a559000, 0x000000010e559000)
 End Bits:   [0x000000010e559000, 0x0000000112559000)

Polling page: 0x00000001083d4000

CodeCache: size=245760Kb used=10521Kb max_used=10521Kb free=235238Kb
 bounds [0x0000000116eda000, 0x000000011792a000, 0x0000000125eda000]
 total_blobs=4133 nmethods=3442 adapters=603
 compilation: enabled

Compilation events (10 events):
Event: 6.945 Thread 0x00007f8c78012800 nmethod 3424 0x000000011791d0d0 code [0x000000011791d300, 0x000000011791de18]
Event: 6.994 Thread 0x00007f8c78012800 3425   !   3       com.sun.javafx.binding.ExpressionHelper$Generic::fireValueChangedEvent (218 bytes)
Event: 6.996 Thread 0x00007f8c78012800 nmethod 3425 0x000000011791e490 code [0x000000011791e6c0, 0x000000011791f438]
Event: 6.996 Thread 0x00007f8c78012800 3429       3       javafx.beans.property.ReadOnlyIntegerWrapper::fireValueChangedEvent (15 bytes)
Event: 6.996 Thread 0x00007f8c78012800 nmethod 3429 0x0000000117912f10 code [0x00000001179130a0, 0x0000000117913408]
Event: 6.996 Thread 0x00007f8c78012800 3430       3       java.lang.StringBuilder::charAt (6 bytes)
Event: 6.997 Thread 0x00007f8c78012800 nmethod 3430 0x000000011791fc90 code [0x000000011791fe20, 0x00000001179200e8]
Event: 6.997 Thread 0x00007f8c78012800 3431       3       java.lang.AbstractStringBuilder::charAt (28 bytes)
Event: 6.997 Thread 0x00007f8c78012800 nmethod 3431 0x0000000117920290 code [0x0000000117920400, 0x0000000117920668]
Event: 6.997 Thread 0x00007f8c78012800 3426       3       javafx.scene.Node::localBoundsChanged (14 bytes)

GC Heap History (6 events):
Event: 1.140 GC heap before
{Heap before GC invocations=1 (full 0):
 PSYoungGen      total 76288K, used 65536K [0x000000076ab00000, 0x0000000770000000, 0x00000007c0000000)
  eden space 65536K, 100% used [0x000000076ab00000,0x000000076eb00000,0x000000076eb00000)
  from space 10752K, 0% used [0x000000076f580000,0x000000076f580000,0x0000000770000000)
  to   space 10752K, 0% used [0x000000076eb00000,0x000000076eb00000,0x000000076f580000)
 ParOldGen       total 175104K, used 0K [0x00000006c0000000, 0x00000006cab00000, 0x000000076ab00000)
  object space 175104K, 0% used [0x00000006c0000000,0x00000006c0000000,0x00000006cab00000)
 Metaspace       used 15077K, capacity 15654K, committed 15744K, reserved 1062912K
  class space    used 1966K, capacity 2144K, committed 2176K, reserved 1048576K
Event: 1.148 GC heap after
Heap after GC invocations=1 (full 0):
 PSYoungGen      total 76288K, used 5534K [0x000000076ab00000, 0x0000000770000000, 0x00000007c0000000)
  eden space 65536K, 0% used [0x000000076ab00000,0x000000076ab00000,0x000000076eb00000)
  from space 10752K, 51% used [0x000000076eb00000,0x000000076f067810,0x000000076f580000)
  to   space 10752K, 0% used [0x000000076f580000,0x000000076f580000,0x0000000770000000)
 ParOldGen       total 175104K, used 80K [0x00000006c0000000, 0x00000006cab00000, 0x000000076ab00000)
  object space 175104K, 0% used [0x00000006c0000000,0x00000006c0014010,0x00000006cab00000)
 Metaspace       used 15077K, capacity 15654K, committed 15744K, reserved 1062912K
  class space    used 1966K, capacity 2144K, committed 2176K, reserved 1048576K
}
Event: 2.681 GC heap before
{Heap before GC invocations=2 (full 0):
 PSYoungGen      total 76288K, used 29646K [0x000000076ab00000, 0x0000000770000000, 0x00000007c0000000)
  eden space 65536K, 36% used [0x000000076ab00000,0x000000076c28c288,0x000000076eb00000)
  from space 10752K, 51% used [0x000000076eb00000,0x000000076f067810,0x000000076f580000)
  to   space 10752K, 0% used [0x000000076f580000,0x000000076f580000,0x0000000770000000)
 ParOldGen       total 175104K, used 80K [0x00000006c0000000, 0x00000006cab00000, 0x000000076ab00000)
  object space 175104K, 0% used [0x00000006c0000000,0x00000006c0014010,0x00000006cab00000)
 Metaspace       used 20070K, capacity 21236K, committed 21296K, reserved 1067008K
  class space    used 2875K, capacity 3115K, committed 3120K, reserved 1048576K
Event: 2.688 GC heap after
Heap after GC invocations=2 (full 0):
 PSYoungGen      total 76288K, used 6976K [0x000000076ab00000, 0x0000000770000000, 0x00000007c0000000)
  eden space 65536K, 0% used [0x000000076ab00000,0x000000076ab00000,0x000000076eb00000)
  from space 10752K, 64% used [0x000000076f580000,0x000000076fc50020,0x0000000770000000)
  to   space 10752K, 0% used [0x000000076eb00000,0x000000076eb00000,0x000000076f580000)
 ParOldGen       total 175104K, used 88K [0x00000006c0000000, 0x00000006cab00000, 0x000000076ab00000)
  object space 175104K, 0% used [0x00000006c0000000,0x00000006c0016010,0x00000006cab00000)
 Metaspace       used 20070K, capacity 21236K, committed 21296K, reserved 1067008K
  class space    used 2875K, capacity 3115K, committed 3120K, reserved 1048576K
}
Event: 2.688 GC heap before
{Heap before GC invocations=3 (full 1):
 PSYoungGen      total 76288K, used 6976K [0x000000076ab00000, 0x0000000770000000, 0x00000007c0000000)
  eden space 65536K, 0% used [0x000000076ab00000,0x000000076ab00000,0x000000076eb00000)
  from space 10752K, 64% used [0x000000076f580000,0x000000076fc50020,0x0000000770000000)
  to   space 10752K, 0% used [0x000000076eb00000,0x000000076eb00000,0x000000076f580000)
 ParOldGen       total 175104K, used 88K [0x00000006c0000000, 0x00000006cab00000, 0x000000076ab00000)
  object space 175104K, 0% used [0x00000006c0000000,0x00000006c0016010,0x00000006cab00000)
 Metaspace       used 20070K, capacity 21236K, committed 21296K, reserved 1067008K
  class space    used 2875K, capacity 3115K, committed 3120K, reserved 1048576K
Event: 2.719 GC heap after
Heap after GC invocations=3 (full 1):
 PSYoungGen      total 76288K, used 0K [0x000000076ab00000, 0x0000000770000000, 0x00000007c0000000)
  eden space 65536K, 0% used [0x000000076ab00000,0x000000076ab00000,0x000000076eb00000)
  from space 10752K, 0% used [0x000000076f580000,0x000000076f580000,0x0000000770000000)
  to   space 10752K, 0% used [0x000000076eb00000,0x000000076eb00000,0x000000076f580000)
 ParOldGen       total 117248K, used 6912K [0x00000006c0000000, 0x00000006c7280000, 0x000000076ab00000)
  object space 117248K, 5% used [0x00000006c0000000,0x00000006c06c0310,0x00000006c7280000)
 Metaspace       used 20070K, capacity 21236K, committed 21296K, reserved 1067008K
  class space    used 2875K, capacity 3115K, committed 3120K, reserved 1048576K
}

Deoptimization events (10 events):
Event: 4.877 Thread 0x00007f8c75035000 Uncommon trap: reason=array_check action=maybe_recompile pc=0x0000000117632764 method=com.sun.javafx.css.CompoundSelector.applies(Ljavafx/css/Styleable;[Ljava/util/Set;I)Z @ 128
Event: 4.944 Thread 0x00007f8c7688c800 Uncommon trap: reason=class_check action=maybe_recompile pc=0x00000001174be59c method=java.util.WeakHashMap.eq(Ljava/lang/Object;Ljava/lang/Object;)Z @ 7
Event: 4.945 Thread 0x00007f8c7688c800 Uncommon trap: reason=class_check action=maybe_recompile pc=0x00000001174be59c method=java.util.WeakHashMap.eq(Ljava/lang/Object;Ljava/lang/Object;)Z @ 7
Event: 4.945 Thread 0x00007f8c7688c800 Uncommon trap: reason=class_check action=maybe_recompile pc=0x00000001174be59c method=java.util.WeakHashMap.eq(Ljava/lang/Object;Ljava/lang/Object;)Z @ 7
Event: 4.945 Thread 0x00007f8c7688c800 Uncommon trap: reason=class_check action=maybe_recompile pc=0x00000001174be59c method=java.util.WeakHashMap.eq(Ljava/lang/Object;Ljava/lang/Object;)Z @ 7
Event: 5.120 Thread 0x00007f8c7688c800 Uncommon trap: reason=unstable_if action=reinterpret pc=0x000000011771c314 method=java.lang.Math.round(F)I @ 23
Event: 5.121 Thread 0x00007f8c75035000 Uncommon trap: reason=unstable_if action=reinterpret pc=0x0000000117717280 method=com.sun.javafx.text.TextRun.getPosX(I)F @ 75
Event: 5.122 Thread 0x00007f8c7688c800 Uncommon trap: reason=unstable_if action=reinterpret pc=0x0000000117666564 method=com.sun.javafx.geom.RectBounds.isEmpty()Z @ 21
Event: 5.198 Thread 0x00007f8c75035000 Uncommon trap: reason=unstable_if action=reinterpret pc=0x0000000117736674 method=java.util.WeakHashMap.expungeStaleEntries()V @ 9
Event: 5.514 Thread 0x00007f8c75035000 Uncommon trap: reason=unstable_if action=reinterpret pc=0x0000000117847180 method=javafx.scene.CssStyleHelper.transitionToState(Ljavafx/scene/Node;)V @ 676

Internal exceptions (10 events):
Event: 6.996 Thread 0x00007f8c75035000 Exception <a 'java/lang/StackOverflowError'> (0x000000076c3e1ed8) thrown at [/Users/java_re/workspace/8-2-build-macosx-x86_64/jdk8u60/4407/hotspot/src/share/vm/runtime/javaCalls.cpp, line 386]
Event: 6.997 Thread 0x00007f8c75035000 Exception <a 'java/lang/StackOverflowError'> (0x000000076c3e21a8) thrown at [/Users/java_re/workspace/8-2-build-macosx-x86_64/jdk8u60/4407/hotspot/src/share/vm/runtime/javaCalls.cpp, line 386]
Event: 6.997 Thread 0x00007f8c75035000 Exception <a 'java/lang/StackOverflowError'> (0x000000076c3e21c8) thrown at [/Users/java_re/workspace/8-2-build-macosx-x86_64/jdk8u60/4407/hotspot/src/share/vm/runtime/javaCalls.cpp, line 386]
Event: 6.997 Thread 0x00007f8c75035000 Exception <a 'java/lang/StackOverflowError'> (0x000000076c3e22c8) thrown at [/Users/java_re/workspace/8-2-build-macosx-x86_64/jdk8u60/4407/hotspot/src/share/vm/runtime/javaCalls.cpp, line 386]
Event: 6.997 Thread 0x00007f8c75035000 Exception <a 'java/lang/StackOverflowError'> (0x000000076c3e22c8) thrown at [/Users/java_re/workspace/8-2-build-macosx-x86_64/jdk8u60/4407/hotspot/src/share/vm/prims/jvm.cpp, line 1390]
Event: 6.997 Thread 0x00007f8c75035000 Exception <a 'java/lang/StackOverflowError'> (0x000000076c3e2320) thrown at [/Users/java_re/workspace/8-2-build-macosx-x86_64/jdk8u60/4407/hotspot/src/share/vm/runtime/javaCalls.cpp, line 386]
Event: 6.997 Thread 0x00007f8c75035000 Exception <a 'java/lang/StackOverflowError'> (0x000000076c3e2e88) thrown at [/Users/java_re/workspace/8-2-build-macosx-x86_64/jdk8u60/4407/hotspot/src/share/vm/runtime/javaCalls.cpp, line 386]
Event: 6.997 Thread 0x00007f8c75035000 Exception <a 'java/lang/StackOverflowError'> (0x000000076c3e2ea8) thrown at [/Users/java_re/workspace/8-2-build-macosx-x86_64/jdk8u60/4407/hotspot/src/share/vm/runtime/javaCalls.cpp, line 386]
Event: 6.997 Thread 0x00007f8c75035000 Exception <a 'java/lang/StackOverflowError'> (0x000000076c3e2ec8) thrown at [/Users/java_re/workspace/8-2-build-macosx-x86_64/jdk8u60/4407/hotspot/src/share/vm/runtime/javaCalls.cpp, line 386]
Event: 6.997 Thread 0x00007f8c75035000 Exception <a 'java/lang/StackOverflowError'> (0x000000076c3e2ee8) thrown at [/Users/java_re/workspace/8-2-build-macosx-x86_64/jdk8u60/4407/hotspot/src/share/vm/runtime/javaCalls.cpp, line 386]

Events (10 events):
Event: 6.996 loading class java/lang/ProcessBuilder$NullOutputStream
Event: 6.996 loading class java/lang/ProcessBuilder$NullOutputStream done
Event: 6.996 loading class java/lang/Throwable$WrappedPrintStream
Event: 6.996 loading class java/lang/Throwable$WrappedPrintStream done
Event: 6.996 loading class java/lang/Throwable$WrappedPrintStream
Event: 6.996 loading class java/lang/Throwable$WrappedPrintStream done
Event: 6.996 loading class java/io/InterruptedIOException
Event: 6.996 loading class java/io/InterruptedIOException done
Event: 6.996 loading class java/io/InterruptedIOException
Event: 6.996 loading class java/io/InterruptedIOException done


Dynamic libraries:
0x00000000159be000 	/System/Library/Frameworks/Cocoa.framework/Versions/A/Cocoa
0x00000000159be000 	/System/Library/Frameworks/Security.framework/Versions/A/Security
0x00000000159be000 	/System/Library/Frameworks/ApplicationServices.framework/Versions/A/ApplicationServices
0x00000000159be000 	/usr/lib/libz.1.dylib
0x00000000159be000 	/usr/lib/libSystem.B.dylib
0x00000000159be000 	/usr/lib/libobjc.A.dylib
0x00000000159be000 	/System/Library/Frameworks/CoreFoundation.framework/Versions/A/CoreFoundation
0x00000000159be000 	/System/Library/Frameworks/Foundation.framework/Versions/C/Foundation
0x00000000159be000 	/System/Library/Frameworks/AppKit.framework/Versions/C/AppKit
0x00000000159be000 	/System/Library/Frameworks/CoreData.framework/Versions/A/CoreData
0x00000000159be000 	/System/Library/PrivateFrameworks/RemoteViewServices.framework/Versions/A/RemoteViewServices
0x00000000159be000 	/System/Library/PrivateFrameworks/UIFoundation.framework/Versions/A/UIFoundation
0x00000000159be000 	/System/Library/PrivateFrameworks/DFRFoundation.framework/Versions/A/DFRFoundation
0x00000000159be000 	/usr/lib/libenergytrace.dylib
0x00000000159be000 	/System/Library/PrivateFrameworks/SkyLight.framework/Versions/A/SkyLight
0x00000000159be000 	/System/Library/Frameworks/CoreGraphics.framework/Versions/A/CoreGraphics
0x00000000159be000 	/usr/lib/libScreenReader.dylib
0x00000000159be000 	/System/Library/Frameworks/Accelerate.framework/Versions/A/Accelerate
0x00000000159be000 	/System/Library/Frameworks/IOSurface.framework/Versions/A/IOSurface
0x00000000159be000 	/System/Library/Frameworks/AudioToolbox.framework/Versions/A/AudioToolbox
0x00000000159be000 	/System/Library/Frameworks/AudioUnit.framework/Versions/A/AudioUnit
0x00000000159be000 	/System/Library/PrivateFrameworks/DataDetectorsCore.framework/Versions/A/DataDetectorsCore
0x00000000159be000 	/System/Library/PrivateFrameworks/DesktopServicesPriv.framework/Versions/A/DesktopServicesPriv
0x00000000159be000 	/System/Library/Frameworks/Carbon.framework/Versions/A/Frameworks/HIToolbox.framework/Versions/A/HIToolbox
0x00000000159be000 	/usr/lib/libicucore.A.dylib
0x00000000159be000 	/System/Library/Frameworks/QuartzCore.framework/Versions/A/QuartzCore
0x00000000159be000 	/System/Library/Frameworks/Carbon.framework/Versions/A/Frameworks/SpeechRecognition.framework/Versions/A/SpeechRecognition
0x00000000159be000 	/usr/lib/libauto.dylib
0x00000000159be000 	/usr/lib/libxml2.2.dylib
0x00000000159be000 	/System/Library/PrivateFrameworks/CoreUI.framework/Versions/A/CoreUI
0x00000000159be000 	/System/Library/Frameworks/CoreAudio.framework/Versions/A/CoreAudio
0x00000000159be000 	/System/Library/Frameworks/DiskArbitration.framework/Versions/A/DiskArbitration
0x00000000159be000 	/usr/lib/liblangid.dylib
0x00000000159be000 	/System/Library/PrivateFrameworks/MultitouchSupport.framework/Versions/A/MultitouchSupport
0x00000000159be000 	/System/Library/Frameworks/IOKit.framework/Versions/A/IOKit
0x00000000159be000 	/usr/lib/libDiagnosticMessagesClient.dylib
0x00000000159be000 	/System/Library/Frameworks/CoreServices.framework/Versions/A/CoreServices
0x00000000159be000 	/System/Library/PrivateFrameworks/PerformanceAnalysis.framework/Versions/A/PerformanceAnalysis
0x00000000159be000 	/System/Library/PrivateFrameworks/GenerationalStorage.framework/Versions/A/GenerationalStorage
0x00000000159be000 	/System/Library/Frameworks/OpenGL.framework/Versions/A/OpenGL
0x00000000159be000 	/System/Library/Frameworks/CoreImage.framework/Versions/A/CoreImage
0x00000000159be000 	/System/Library/Frameworks/CoreText.framework/Versions/A/CoreText
0x00000000159be000 	/System/Library/Frameworks/ImageIO.framework/Versions/A/ImageIO
0x00000000159be000 	/System/Library/PrivateFrameworks/Backup.framework/Versions/A/Backup
0x00000000159be000 	/usr/lib/libarchive.2.dylib
0x00000000159be000 	/System/Library/Frameworks/CFNetwork.framework/Versions/A/CFNetwork
0x00000000159be000 	/System/Library/Frameworks/SystemConfiguration.framework/Versions/A/SystemConfiguration
0x00000000159be000 	/usr/lib/libCRFSuite.dylib
0x00000000159be000 	/usr/lib/libc++.1.dylib
0x00000000159be000 	/usr/lib/libc++abi.dylib
0x00000000159be000 	/usr/lib/system/libcache.dylib
0x00000000159be000 	/usr/lib/system/libcommonCrypto.dylib
0x00000000159be000 	/usr/lib/system/libcompiler_rt.dylib
0x00000000159be000 	/usr/lib/system/libcopyfile.dylib
0x00000000159be000 	/usr/lib/system/libcorecrypto.dylib
0x00000000159be000 	/usr/lib/system/libdispatch.dylib
0x00000000159be000 	/usr/lib/system/libdyld.dylib
0x00000000159be000 	/usr/lib/system/libkeymgr.dylib
0x00000000159be000 	/usr/lib/system/liblaunch.dylib
0x00000000159be000 	/usr/lib/system/libmacho.dylib
0x00000000159be000 	/usr/lib/system/libquarantine.dylib
0x00000000159be000 	/usr/lib/system/libremovefile.dylib
0x00000000159be000 	/usr/lib/system/libsystem_asl.dylib
0x00000000159be000 	/usr/lib/system/libsystem_blocks.dylib
0x00000000159be000 	/usr/lib/system/libsystem_c.dylib
0x00000000159be000 	/usr/lib/system/libsystem_configuration.dylib
0x00000000159be000 	/usr/lib/system/libsystem_coreservices.dylib
0x00000000159be000 	/usr/lib/system/libsystem_coretls.dylib
0x00000000159be000 	/usr/lib/system/libsystem_dnssd.dylib
0x00000000159be000 	/usr/lib/system/libsystem_info.dylib
0x00000000159be000 	/usr/lib/system/libsystem_kernel.dylib
0x00000000159be000 	/usr/lib/system/libsystem_m.dylib
0x00000000159be000 	/usr/lib/system/libsystem_malloc.dylib
0x00000000159be000 	/usr/lib/system/libsystem_network.dylib
0x00000000159be000 	/usr/lib/system/libsystem_networkextension.dylib
0x00000000159be000 	/usr/lib/system/libsystem_notify.dylib
0x00000000159be000 	/usr/lib/system/libsystem_platform.dylib
0x00000000159be000 	/usr/lib/system/libsystem_pthread.dylib
0x00000000159be000 	/usr/lib/system/libsystem_sandbox.dylib
0x00000000159be000 	/usr/lib/system/libsystem_secinit.dylib
0x00000000159be000 	/usr/lib/system/libsystem_symptoms.dylib
0x00000000159be000 	/usr/lib/system/libsystem_trace.dylib
0x00000000159be000 	/usr/lib/system/libunwind.dylib
0x00000000159be000 	/usr/lib/system/libxpc.dylib
0x00000000159be000 	/usr/lib/libbsm.0.dylib
0x00000000159be000 	/usr/lib/system/libkxld.dylib
0x00000000159be000 	/usr/lib/libcoretls.dylib
0x00000000159be000 	/usr/lib/libcoretls_cfhelpers.dylib
0x00000000159be000 	/usr/lib/libOpenScriptingUtil.dylib
0x00000000159be000 	/usr/lib/libpam.2.dylib
0x00000000159be000 	/usr/lib/libsqlite3.dylib
0x00000000159be000 	/usr/lib/libxar.1.dylib
0x00000000159be000 	/usr/lib/libbz2.1.0.dylib
0x00000000159be000 	/usr/lib/liblzma.5.dylib
0x00000000159be000 	/usr/lib/libnetwork.dylib
0x00000000159be000 	/usr/lib/libpcap.A.dylib
0x00000000159be000 	/System/Library/Frameworks/CoreServices.framework/Versions/A/Frameworks/FSEvents.framework/Versions/A/FSEvents
0x00000000159be000 	/System/Library/Frameworks/CoreServices.framework/Versions/A/Frameworks/CarbonCore.framework/Versions/A/CarbonCore
0x00000000159be000 	/System/Library/Frameworks/CoreServices.framework/Versions/A/Frameworks/Metadata.framework/Versions/A/Metadata
0x00000000159be000 	/System/Library/Frameworks/CoreServices.framework/Versions/A/Frameworks/OSServices.framework/Versions/A/OSServices
0x00000000159be000 	/System/Library/Frameworks/CoreServices.framework/Versions/A/Frameworks/SearchKit.framework/Versions/A/SearchKit
0x00000000159be000 	/System/Library/Frameworks/CoreServices.framework/Versions/A/Frameworks/AE.framework/Versions/A/AE
0x00000000159be000 	/System/Library/Frameworks/CoreServices.framework/Versions/A/Frameworks/LaunchServices.framework/Versions/A/LaunchServices
0x00000000159be000 	/System/Library/Frameworks/CoreServices.framework/Versions/A/Frameworks/DictionaryServices.framework/Versions/A/DictionaryServices
0x00000000159be000 	/System/Library/Frameworks/CoreServices.framework/Versions/A/Frameworks/SharedFileList.framework/Versions/A/SharedFileList
0x00000000159be000 	/System/Library/Frameworks/NetFS.framework/Versions/A/NetFS
0x00000000159be000 	/System/Library/PrivateFrameworks/NetAuth.framework/Versions/A/NetAuth
0x00000000159be000 	/System/Library/PrivateFrameworks/login.framework/Versions/A/Frameworks/loginsupport.framework/Versions/A/loginsupport
0x00000000159be000 	/System/Library/PrivateFrameworks/TCC.framework/Versions/A/TCC
0x00000000159be000 	/usr/lib/libmecabra.dylib
0x00000000159be000 	/System/Library/Frameworks/ApplicationServices.framework/Versions/A/Frameworks/ATS.framework/Versions/A/ATS
0x00000000159be000 	/System/Library/Frameworks/ApplicationServices.framework/Versions/A/Frameworks/ColorSync.framework/Versions/A/ColorSync
0x00000000159be000 	/System/Library/Frameworks/ApplicationServices.framework/Versions/A/Frameworks/HIServices.framework/Versions/A/HIServices
0x00000000159be000 	/System/Library/Frameworks/ApplicationServices.framework/Versions/A/Frameworks/LangAnalysis.framework/Versions/A/LangAnalysis
0x00000000159be000 	/System/Library/Frameworks/ApplicationServices.framework/Versions/A/Frameworks/PrintCore.framework/Versions/A/PrintCore
0x00000000159be000 	/System/Library/Frameworks/ApplicationServices.framework/Versions/A/Frameworks/QD.framework/Versions/A/QD
0x00000000159be000 	/System/Library/Frameworks/ApplicationServices.framework/Versions/A/Frameworks/SpeechSynthesis.framework/Versions/A/SpeechSynthesis
0x00000000159be000 	/System/Library/Frameworks/Accelerate.framework/Versions/A/Frameworks/vImage.framework/Versions/A/vImage
0x00000000159be000 	/System/Library/Frameworks/Accelerate.framework/Versions/A/Frameworks/vecLib.framework/Versions/A/vecLib
0x00000000159be000 	/System/Library/Frameworks/Accelerate.framework/Versions/A/Frameworks/vecLib.framework/Versions/A/libvDSP.dylib
0x00000000159be000 	/System/Library/Frameworks/Accelerate.framework/Versions/A/Frameworks/vecLib.framework/Versions/A/libBNNS.dylib
0x00000000159be000 	/System/Library/Frameworks/Accelerate.framework/Versions/A/Frameworks/vecLib.framework/Versions/A/libQuadrature.dylib
0x00000000159be000 	/System/Library/Frameworks/Accelerate.framework/Versions/A/Frameworks/vecLib.framework/Versions/A/libvMisc.dylib
0x00000000159be000 	/System/Library/Frameworks/Accelerate.framework/Versions/A/Frameworks/vecLib.framework/Versions/A/libLAPACK.dylib
0x00000000159be000 	/System/Library/Frameworks/Accelerate.framework/Versions/A/Frameworks/vecLib.framework/Versions/A/libBLAS.dylib
0x00000000159be000 	/System/Library/Frameworks/Accelerate.framework/Versions/A/Frameworks/vecLib.framework/Versions/A/libLinearAlgebra.dylib
0x00000000159be000 	/System/Library/Frameworks/Accelerate.framework/Versions/A/Frameworks/vecLib.framework/Versions/A/libSparseBLAS.dylib
0x00000000159be000 	/System/Library/Frameworks/ApplicationServices.framework/Versions/A/Frameworks/ATS.framework/Versions/A/Resources/libFontParser.dylib
0x00000000159be000 	/System/Library/Frameworks/ApplicationServices.framework/Versions/A/Frameworks/ATS.framework/Versions/A/Resources/libFontRegistry.dylib
0x00000000159be000 	/System/Library/Frameworks/ImageIO.framework/Versions/A/Resources/libJPEG.dylib
0x00000000159be000 	/System/Library/Frameworks/ImageIO.framework/Versions/A/Resources/libTIFF.dylib
0x00000000159be000 	/System/Library/Frameworks/ImageIO.framework/Versions/A/Resources/libPng.dylib
0x00000000159be000 	/System/Library/Frameworks/ImageIO.framework/Versions/A/Resources/libGIF.dylib
0x00000000159be000 	/System/Library/Frameworks/ImageIO.framework/Versions/A/Resources/libJP2.dylib
0x00000000159be000 	/System/Library/Frameworks/ImageIO.framework/Versions/A/Resources/libRadiance.dylib
0x00000000159be000 	/usr/lib/libcompression.dylib
0x00000000159be000 	/System/Library/PrivateFrameworks/AppleJPEG.framework/Versions/A/AppleJPEG
0x00000000159be000 	/usr/lib/libcups.2.dylib
0x00000000159be000 	/System/Library/Frameworks/Kerberos.framework/Versions/A/Kerberos
0x00000000159be000 	/System/Library/Frameworks/GSS.framework/Versions/A/GSS
0x00000000159be000 	/usr/lib/libresolv.9.dylib
0x00000000159be000 	/usr/lib/libiconv.2.dylib
0x00000000159be000 	/System/Library/PrivateFrameworks/Heimdal.framework/Versions/A/Heimdal
0x00000000159be000 	/usr/lib/libheimdal-asn1.dylib
0x00000000159be000 	/System/Library/Frameworks/OpenDirectory.framework/Versions/A/OpenDirectory
0x00000000159be000 	/System/Library/PrivateFrameworks/CommonAuth.framework/Versions/A/CommonAuth
0x00000000159be000 	/System/Library/Frameworks/OpenDirectory.framework/Versions/A/Frameworks/CFOpenDirectory.framework/Versions/A/CFOpenDirectory
0x00000000159be000 	/System/Library/Frameworks/SecurityFoundation.framework/Versions/A/SecurityFoundation
0x00000000159be000 	/System/Library/PrivateFrameworks/LanguageModeling.framework/Versions/A/LanguageModeling
0x00000000159be000 	/usr/lib/libmarisa.dylib
0x00000000159be000 	/usr/lib/libChineseTokenizer.dylib
0x00000000159be000 	/usr/lib/libcmph.dylib
0x00000000159be000 	/System/Library/PrivateFrameworks/CoreEmoji.framework/Versions/A/CoreEmoji
0x00000000159be000 	/System/Library/Frameworks/ServiceManagement.framework/Versions/A/ServiceManagement
0x00000000159be000 	/usr/lib/libxslt.1.dylib
0x00000000159be000 	/System/Library/Frameworks/Carbon.framework/Versions/A/Frameworks/Ink.framework/Versions/A/Ink
0x00000000159be000 	/System/Library/PrivateFrameworks/TextureIO.framework/Versions/A/TextureIO
0x00000000159be000 	/System/Library/Frameworks/Metal.framework/Versions/A/Metal
0x00000000159be000 	/usr/lib/libate.dylib
0x00000000159be000 	/System/Library/PrivateFrameworks/GPUCompiler.framework/libmetal_timestamp.dylib
0x00000000159be000 	/System/Library/Frameworks/OpenGL.framework/Versions/A/Libraries/libCoreFSCache.dylib
0x00000000159be000 	/System/Library/PrivateFrameworks/IOAccelerator.framework/Versions/A/IOAccelerator
0x00000000159be000 	/System/Library/Frameworks/CoreVideo.framework/Versions/A/CoreVideo
0x00000000159be000 	/usr/lib/libFosl_dynamic.dylib
0x00000000159be000 	/System/Library/PrivateFrameworks/MetalPerformanceShaders.framework/Versions/A/MetalPerformanceShaders
0x00000000159be000 	/System/Library/PrivateFrameworks/FaceCore.framework/Versions/A/FaceCore
0x00000000159be000 	/System/Library/Frameworks/OpenCL.framework/Versions/A/OpenCL
0x00000000159be000 	/System/Library/Frameworks/OpenGL.framework/Versions/A/Libraries/libGLU.dylib
0x00000000159be000 	/System/Library/Frameworks/OpenGL.framework/Versions/A/Libraries/libGFXShared.dylib
0x00000000159be000 	/System/Library/Frameworks/OpenGL.framework/Versions/A/Libraries/libGL.dylib
0x00000000159be000 	/System/Library/Frameworks/OpenGL.framework/Versions/A/Libraries/libGLImage.dylib
0x00000000159be000 	/System/Library/Frameworks/OpenGL.framework/Versions/A/Libraries/libCVMSPluginSupport.dylib
0x00000000159be000 	/System/Library/Frameworks/OpenGL.framework/Versions/A/Libraries/libCoreVMClient.dylib
0x00000000159be000 	/System/Library/PrivateFrameworks/CrashReporterSupport.framework/Versions/A/CrashReporterSupport
0x00000000159be000 	/System/Library/PrivateFrameworks/Sharing.framework/Versions/A/Sharing
0x00000000159be000 	/System/Library/PrivateFrameworks/IconServices.framework/Versions/A/IconServices
0x00000000159be000 	/System/Library/PrivateFrameworks/ProtocolBuffer.framework/Versions/A/ProtocolBuffer
0x00000000159be000 	/System/Library/PrivateFrameworks/Apple80211.framework/Versions/A/Apple80211
0x00000000159be000 	/System/Library/Frameworks/CoreWLAN.framework/Versions/A/CoreWLAN
0x00000000159be000 	/System/Library/PrivateFrameworks/CoreUtils.framework/Versions/A/CoreUtils
0x00000000159be000 	/System/Library/Frameworks/IOBluetooth.framework/Versions/A/IOBluetooth
0x00000000159be000 	/System/Library/PrivateFrameworks/CoreWiFi.framework/Versions/A/CoreWiFi
0x00000000159be000 	/System/Library/Frameworks/CoreBluetooth.framework/Versions/A/CoreBluetooth
0x00000000159be000 	/System/Library/Frameworks/CoreDisplay.framework/Versions/A/CoreDisplay
0x00000000159be000 	/System/Library/PrivateFrameworks/IOPresentment.framework/Versions/A/IOPresentment
0x00000000159be000 	/System/Library/PrivateFrameworks/DSExternalDisplay.framework/Versions/A/DSExternalDisplay
0x00000000159be000 	/System/Library/PrivateFrameworks/DebugSymbols.framework/Versions/A/DebugSymbols
0x00000000159be000 	/System/Library/PrivateFrameworks/CoreSymbolication.framework/Versions/A/CoreSymbolication
0x00000000159be000 	/System/Library/PrivateFrameworks/Symbolication.framework/Versions/A/Symbolication
0x00000000159be000 	/System/Library/PrivateFrameworks/AppleFSCompression.framework/Versions/A/AppleFSCompression
0x00000000159be000 	/System/Library/PrivateFrameworks/SpeechRecognitionCore.framework/Versions/A/SpeechRecognitionCore
0x00000000159be000 	/System/Library/PrivateFrameworks/ChunkingLibrary.framework/Versions/A/ChunkingLibrary
0x0000000107408000 	/Library/Java/JavaVirtualMachines/jdk1.8.0_60.jdk/Contents/Home/jre/lib/server/libjvm.dylib
0x00000000159be000 	/usr/lib/libstdc++.6.dylib
0x0000000108391000 	/Library/Java/JavaVirtualMachines/jdk1.8.0_60.jdk/Contents/Home/jre/lib/libverify.dylib
0x000000010839f000 	/Library/Java/JavaVirtualMachines/jdk1.8.0_60.jdk/Contents/Home/jre/lib/libjava.dylib
0x00000001083d5000 	/Library/Java/JavaVirtualMachines/jdk1.8.0_60.jdk/Contents/Home/jre/lib/libinstrument.dylib
0x0000000109439000 	/Library/Java/JavaVirtualMachines/jdk1.8.0_60.jdk/Contents/Home/jre/lib/libzip.dylib
0x00000001154cf000 	/System/Library/Frameworks/JavaVM.framework/Frameworks/JavaRuntimeSupport.framework/JavaRuntimeSupport
0x00000001154e9000 	/System/Library/Frameworks/JavaVM.framework/Versions/A/Frameworks/JavaNativeFoundation.framework/Versions/A/JavaNativeFoundation
0x00000001154fe000 	/System/Library/Frameworks/JavaVM.framework/Versions/A/JavaVM
0x00000000159be000 	/System/Library/Frameworks/Carbon.framework/Versions/A/Carbon
0x000000011550b000 	/System/Library/PrivateFrameworks/JavaLaunching.framework/Versions/A/JavaLaunching
0x00000000159be000 	/System/Library/Frameworks/Carbon.framework/Versions/A/Frameworks/CommonPanels.framework/Versions/A/CommonPanels
0x00000000159be000 	/System/Library/Frameworks/Carbon.framework/Versions/A/Frameworks/Help.framework/Versions/A/Help
0x00000000159be000 	/System/Library/Frameworks/Carbon.framework/Versions/A/Frameworks/ImageCapture.framework/Versions/A/ImageCapture
0x00000000159be000 	/System/Library/Frameworks/Carbon.framework/Versions/A/Frameworks/OpenScripting.framework/Versions/A/OpenScripting
0x00000000159be000 	/System/Library/Frameworks/Carbon.framework/Versions/A/Frameworks/Print.framework/Versions/A/Print
0x00000000159be000 	/System/Library/Frameworks/Carbon.framework/Versions/A/Frameworks/SecurityHI.framework/Versions/A/SecurityHI
0x00000001260c7000 	/Library/Java/JavaVirtualMachines/jdk1.8.0_60.jdk/Contents/Home/jre/lib/libnet.dylib
0x00000001261bc000 	/Library/Java/JavaVirtualMachines/jdk1.8.0_60.jdk/Contents/Home/jre/lib/libprism_es2.dylib
0x00000000159be000 	/System/Library/Frameworks/OpenGL.framework/Versions/A/Resources/GLEngine.bundle/GLEngine
0x00000000159be000 	/System/Library/Frameworks/OpenGL.framework/Versions/A/Libraries/libGLProgrammability.dylib
0x0000000126222000 	/System/Library/Extensions/AppleIntelHD3000GraphicsGLDriver.bundle/Contents/MacOS/AppleIntelHD3000GraphicsGLDriver
0x00000000159be000 	/System/Library/PrivateFrameworks/GPUSupport.framework/Versions/A/Libraries/libGPUSupport.dylib
0x00000001266de000 	/System/Library/Extensions/AMDRadeonX3000GLDriver.bundle/Contents/MacOS/AMDRadeonX3000GLDriver
0x00000000159be000 	/System/Library/PrivateFrameworks/GPUSupport.framework/Versions/A/Libraries/libGPUSupportMercury.dylib
0x00000001267bf000 	/System/Library/Extensions/AMDRadeonX3000GLDriver.bundle/Contents/MacOS/ATIRadeonX3000SCLib.dylib
0x00000000159be000 	/System/Library/Frameworks/OpenGL.framework/Versions/A/Resources/GLRendererFloat.bundle/GLRendererFloat
0x00000000159be000 	/System/Library/Frameworks/OpenCL.framework/Versions/A/Libraries/libcldcpuengine.dylib
0x00000000159be000 	/usr/lib/libcrypto.0.9.8.dylib
0x00000000159be000 	/System/Library/PrivateFrameworks/TrustEvaluationAgent.framework/Versions/A/TrustEvaluationAgent
0x0000000126a66000 	/Library/Java/JavaVirtualMachines/jdk1.8.0_60.jdk/Contents/Home/jre/lib/libglass.dylib
0x00000000159be000 	/System/Library/PrivateFrameworks/CoreServicesInternal.framework/Versions/A/CoreServicesInternal
0x00000000159be000 	/System/Library/CoreServices/RawCamera.bundle/Contents/MacOS/RawCamera
0x00000000159be000 	/System/Library/Frameworks/Accelerate.framework/Versions/A/Frameworks/vImage.framework/Versions/A/Libraries/libCGInterfaces.dylib
0x00000000159be000 	/System/Library/PrivateFrameworks/FamilyControls.framework/Versions/A/FamilyControls
0x00000000159be000 	/System/Library/PrivateFrameworks/CommerceKit.framework/Versions/A/Frameworks/CommerceCore.framework/Versions/A/CommerceCore
0x00000000159be000 	/System/Library/PrivateFrameworks/SystemAdministration.framework/Versions/A/SystemAdministration
0x00000000159be000 	/System/Library/PrivateFrameworks/AppContainer.framework/Versions/A/AppContainer
0x00000000159be000 	/System/Library/PrivateFrameworks/SecCodeWrapper.framework/Versions/A/SecCodeWrapper
0x00000000159be000 	/System/Library/Frameworks/DirectoryService.framework/Versions/A/DirectoryService
0x00000000159be000 	/System/Library/PrivateFrameworks/DiskImages.framework/Versions/A/DiskImages
0x00000000159be000 	/System/Library/PrivateFrameworks/LoginUIKit.framework/Versions/A/Frameworks/LoginUICore.framework/Versions/A/LoginUICore
0x00000000159be000 	/usr/lib/libCoreStorage.dylib
0x00000000159be000 	/usr/lib/libcsfde.dylib
0x00000000159be000 	/usr/lib/libodfde.dylib
0x00000000159be000 	/System/Library/Frameworks/DiscRecording.framework/Versions/A/DiscRecording
0x00000000159be000 	/usr/lib/libcurl.4.dylib
0x00000000159be000 	/System/Library/PrivateFrameworks/MediaKit.framework/Versions/A/MediaKit
0x00000000159be000 	/System/Library/PrivateFrameworks/ProtectedCloudStorage.framework/Versions/A/ProtectedCloudStorage
0x00000000159be000 	/System/Library/PrivateFrameworks/EFILogin.framework/Versions/A/EFILogin
0x00000000159be000 	/usr/lib/libutil.dylib
0x00000000159be000 	/System/Library/Frameworks/LDAP.framework/Versions/A/LDAP
0x00000000159be000 	/usr/lib/libsasl2.2.dylib
0x00000000159be000 	/System/Library/PrivateFrameworks/CoreDaemon.framework/Versions/B/CoreDaemon
0x00000000159be000 	/System/Library/PrivateFrameworks/AppleSRP.framework/Versions/A/AppleSRP
0x00000000159be000 	/System/Library/PrivateFrameworks/APFS.framework/Versions/A/APFS
0x0000000126cd5000 	/System/Library/PrivateFrameworks/AccessibilityBundles.framework/AccessibilityBundles
0x0000000129de2000 	/Library/Java/JavaVirtualMachines/jdk1.8.0_60.jdk/Contents/Home/jre/lib/libawt.dylib
0x0000000129e8a000 	/Library/Java/JavaVirtualMachines/jdk1.8.0_60.jdk/Contents/Home/jre/lib/./libmlib_image.dylib
0x0000000129f56000 	/Library/Java/JavaVirtualMachines/jdk1.8.0_60.jdk/Contents/Home/jre/lib/libawt_lwawt.dylib
0x000000012a00b000 	/Library/Java/JavaVirtualMachines/jdk1.8.0_60.jdk/Contents/Home/jre/lib/./libosxapp.dylib
0x00000000159be000 	/System/Library/Frameworks/ExceptionHandling.framework/Versions/A/ExceptionHandling
0x000000012a227000 	/private/var/folders/s_/5scqxqc91vj4_bs3hswwgsdm0000gn/T/jna-97419/jna7591836815065036439.tmp
0x000000012a23d000 	/Library/Java/JavaVirtualMachines/jdk1.8.0_60.jdk/Contents/Home/jre/lib/libjavafx_font.dylib
0x00000000159be000 	/System/Library/Frameworks/ApplicationServices.framework/Versions/A/Frameworks/ATS.framework/Versions/A/Resources/libTrueTypeScaler.dylib
0x0000000126e99000 	/Library/Java/JavaVirtualMachines/jdk1.8.0_60.jdk/Contents/Home/jre/lib/libnio.dylib
0x00000000159be000 	/System/Library/PrivateFrameworks/ViewBridge.framework/Versions/A/ViewBridge
0x00000000159be000 	/System/Library/PrivateFrameworks/XPCService.framework/Versions/A/XPCService
0x00000000159be000 	/System/Library/PrivateFrameworks/AppSandbox.framework/Versions/A/AppSandbox
0x00000000159be000 	/usr/lib/libsandbox.1.dylib
0x00000000159be000 	/usr/lib/libMatch.1.dylib
0x000000012c6ea000 	/Library/Java/JavaVirtualMachines/jdk1.8.0_60.jdk/Contents/Home/jre/lib/libprism_common.dylib

VM Arguments:
jvm_args: -DworkingDir=src/test/resources/test1 -javaagent:/Applications/IntelliJ IDEA CE.app/Contents/lib/idea_rt.jar=54996:/Applications/IntelliJ IDEA CE.app/Contents/bin -Dfile.encoding=UTF-8 
java_command: org.tools4j.launcher.javafx.Main
java_class_path (initial): /Library/Java/JavaVirtualMachines/jdk1.8.0_60.jdk/Contents/Home/lib/ant-javafx.jar:/Library/Java/JavaVirtualMachines/jdk1.8.0_60.jdk/Contents/Home/lib/dt.jar:/Library/Java/JavaVirtualMachines/jdk1.8.0_60.jdk/Contents/Home/lib/javafx-mx.jar:/Library/Java/JavaVirtualMachines/jdk1.8.0_60.jdk/Contents/Home/lib/jconsole.jar:/Library/Java/JavaVirtualMachines/jdk1.8.0_60.jdk/Contents/Home/lib/packager.jar:/Library/Java/JavaVirtualMachines/jdk1.8.0_60.jdk/Contents/Home/lib/sa-jdi.jar:/Library/Java/JavaVirtualMachines/jdk1.8.0_60.jdk/Contents/Home/lib/tools.jar:/Library/Java/JavaVirtualMachines/jdk1.8.0_60.jdk/Contents/Home/jre/lib/charsets.jar:/Library/Java/JavaVirtualMachines/jdk1.8.0_60.jdk/Contents/Home/jre/lib/deploy.jar:/Library/Java/JavaVirtualMachines/jdk1.8.0_60.jdk/Contents/Home/jre/lib/javaws.jar:/Library/Java/JavaVirtualMachines/jdk1.8.0_60.jdk/Contents/Home/jre/lib/jce.jar:/Library/Java/JavaVirtualMachines/jdk1.8.0_60.jdk/Contents/Home/jre/lib/jfr.jar:/Library/Java/JavaVirtualMachines/jdk1.8.0_60.jdk/Contents/Home/jre/lib/jfxswt.jar:/Library/Java/JavaVirtualMachines/jdk1.8.0_60.jdk/Contents/Home/jre/lib/jsse.jar:/Library/Java/JavaVirtualMachines/jdk1.8.0_60.jdk/Contents/Home/jre/lib/management-agent.jar:/Library/Java/JavaVirtualMachines/jdk1.8.0_60.jdk/Contents/Home/jre/lib/plugin.jar:/Library/Java/JavaVirtualMachines/jdk1.8.0_60.jdk/Contents/Home/jre/lib/resources.jar:/Library/Java/JavaVirtualMachines/jdk1.8.0_60.jdk/Contents/Home/jre/lib/rt.jar:/Library/Java/JavaVirtualMachines/jdk1.8.0_60.jdk/Contents/Home/jre/lib/ext/cldrdata.jar:/Library/Java/JavaVirtualMachines/jdk1.8.0_60.jdk/Contents/Home/jre/lib/ext/dnsns.jar:/Library/Java/JavaVirtualMachines/jdk1.8.0_60.jdk/Contents/Home/jre/lib/ext/jaccess.jar:/Library/Java/JavaVirtualMachines/jdk1.8.0_60.jdk/Contents/Home/jre/lib/ext/jfxrt.jar:/Library/Java/JavaVirtualMachines/jdk1.8.0_60.jdk/Contents/Home/jre/lib/ext/localedata.jar:/Library/Java/JavaVirtualMachines/jdk1.8.0_60.jdk/Conten
Launcher Type: SUN_STANDARD

Environment Variables:
JAVA_HOME=/Library/Java/JavaVirtualMachines/jdk1.7.0_10.jdk/Contents/Home
PATH=/Users/ben/dev/bin/apache-maven-3.1.1/bin:/opt/local/bin:/opt/local/sbin:/Users/ben/dev/bin/gradle-3.3/bin:/Users/ben/dev/bin/apache-ant-1.9.3/bin:/Users/ben/dev/bin/adt-bundle-mac-x86_64-20140321/sdk/tools:/Users/ben/q/m32:/usr/local/bin:/usr/bin:/bin:/usr/sbin:/sbin:/opt/X11/bin:/usr/local/git/bin:/usr/local/MacGPG2/bin
SHELL=/bin/bash
DISPLAY=/private/tmp/com.apple.launchd.f7nwd5gC38/org.macosforge.xquartz:0

Signal Handlers:
SIGSEGV: [libjvm.dylib+0x5a6d31], sa_mask[0]=11111111011111110111111111111111, sa_flags=SA_ONSTACK|SA_RESTART|SA_SIGINFO
SIGBUS: [libjvm.dylib+0x5a6d31], sa_mask[0]=11111111011111110111111111111111, sa_flags=SA_RESTART|SA_SIGINFO
SIGFPE: [libjvm.dylib+0x480a4c], sa_mask[0]=11111111011111110111111111111111, sa_flags=SA_RESTART|SA_SIGINFO
SIGPIPE: [libjvm.dylib+0x480a4c], sa_mask[0]=11111111011111110111111111111111, sa_flags=SA_RESTART|SA_SIGINFO
SIGXFSZ: [libjvm.dylib+0x480a4c], sa_mask[0]=11111111011111110111111111111111, sa_flags=SA_RESTART|SA_SIGINFO
SIGILL: [libjvm.dylib+0x480a4c], sa_mask[0]=11111111011111110111111111111111, sa_flags=SA_RESTART|SA_SIGINFO
SIGUSR1: SIG_DFL, sa_mask[0]=00000000000000000000000000000000, sa_flags=none
SIGUSR2: [libjvm.dylib+0x48056a], sa_mask[0]=00100000000000000000000000000000, sa_flags=SA_RESTART|SA_SIGINFO
SIGHUP: [libjvm.dylib+0x47eb41], sa_mask[0]=11111111011111110111111111111111, sa_flags=SA_RESTART|SA_SIGINFO
SIGINT: [libjvm.dylib+0x47eb41], sa_mask[0]=11111111011111110111111111111111, sa_flags=SA_RESTART|SA_SIGINFO
SIGTERM: [libjvm.dylib+0x47eb41], sa_mask[0]=11111111011111110111111111111111, sa_flags=SA_RESTART|SA_SIGINFO
SIGQUIT: [libjvm.dylib+0x47eb41], sa_mask[0]=11111111011111110111111111111111, sa_flags=SA_RESTART|SA_SIGINFO


---------------  S Y S T E M  ---------------

OS:Bsduname:Darwin 16.6.0 Darwin Kernel Version 16.6.0: Fri Apr 14 16:21:16 PDT 2017; root:xnu-3789.60.24~6/RELEASE_X86_64 x86_64
rlimit: STACK 8192k, CORE 0k, NPROC 709, NOFILE 10240, AS infinity
load average:2.46 3.34 4.23

CPU:total 8 (4 cores per cpu, 2 threads per core) family 6 model 42 stepping 7, cmov, cx8, fxsr, mmx, sse, sse2, sse3, ssse3, sse4.1, sse4.2, popcnt, avx, aes, clmul, ht, tsc, tscinvbit

Memory: 4k page, physical 16777216k(314140k free)

/proc/meminfo:


vm_info: Java HotSpot(TM) 64-Bit Server VM (25.60-b23) for bsd-amd64 JRE (1.8.0_60-b27), built on Aug  4 2015 10:47:24 by "java_re" with gcc 4.2.1 (Based on Apple Inc. build 5658) (LLVM build 2336.11.00)

time: Fri Nov 24 06:43:23 2017
elapsed time: 7 seconds (0d 0h 0m 7s)

