#
# A fatal error has been detected by the Java Runtime Environment:
#
#  Internal Error (safepoint.cpp:687), pid=48155, tid=775
#  fatal error: Deadlock in safepoint code.  Should have called back to the VM before blocking.
#
# JRE version: Java(TM) SE Runtime Environment (8.0_60-b27) (build 1.8.0_60-b27)
# Java VM: Java HotSpot(TM) 64-Bit Server VM (25.60-b23 mixed mode bsd-amd64 compressed oops)
# Failed to write core dump. Core dumps have been disabled. To enable core dumping, try "ulimit -c unlimited" before starting Java again
#
# If you would like to submit a bug report, please visit:
#   http://bugreport.java.com/bugreport/crash.jsp
# The crash happened outside the Java Virtual Machine in native code.
# See problematic frame for where to report the bug.
#

---------------  T H R E A D  ---------------

Current thread (0x00007fa14d04e000):  JavaThread "JavaFX Application Thread" [_thread_in_native, id=775, stack(0x00007fff57afe000,0x00007fff582fe000)]

Stack: [0x00007fff57afe000,0x00007fff582fe000],  sp=0x00007fff582f6260,  free space=8160k
Native frames: (J=compiled Java code, j=interpreted, Vv=VM code, C=native code)
V  [libjvm.dylib+0x5a6522]
V  [libjvm.dylib+0x1e6843]
V  [libjvm.dylib+0x4d934e]
V  [libjvm.dylib+0x5601f6]
V  [libjvm.dylib+0x560598]
j  com.sun.glass.ui.mac.MacAccessible.NSAccessibilityPostNotification(JJ)V+0
j  com.sun.glass.ui.mac.MacAccessible.sendNotification(Ljavafx/scene/AccessibleAttribute;)V+353
j  javafx.scene.Scene$13.invalidated()V+255
J 3224 C2 javafx.beans.property.ObjectPropertyBase.set(Ljava/lang/Object;)V (110 bytes) @ 0x00000001126cfca4 [0x00000001126cfc20+0x84]
j  javafx.scene.Scene$KeyHandler.setFocusOwner(Ljavafx/scene/Node;)V+48
j  javafx.scene.Scene$KeyHandler.requestFocus(Ljavafx/scene/Node;)V+25
j  javafx.scene.Scene$KeyHandler.access$1900(Ljavafx/scene/Scene$KeyHandler;Ljavafx/scene/Node;)V+2
j  javafx.scene.Scene.requestFocus(Ljavafx/scene/Node;)V+5
j  javafx.scene.Node.requestFocus()V+12
j  org.tools4j.launcher.javafx.LauncherPresenter.enterConsoleMode()V+27
j  org.tools4j.launcher.javafx.LauncherPresenter.lambda$initialize$14(Lorg/tools4j/launcher/service/ExecService;Ljava/util/concurrent/atomic/AtomicReference;Ljavafx/scene/input/KeyEvent;)V+67
j  org.tools4j.launcher.javafx.LauncherPresenter$$Lambda$132.handle(Ljavafx/event/Event;)V+16
j  com.sun.javafx.event.CompositeEventHandler.dispatchBubblingEvent(Ljavafx/event/Event;)V+51
J 3450 C1 com.sun.javafx.event.EventHandlerManager.dispatchBubblingEvent(Ljavafx/event/EventType;Ljavafx/event/Event;)Ljavafx/event/Event; (34 bytes) @ 0x0000000112769a0c [0x0000000112769480+0x58c]
j  com.sun.javafx.event.EventHandlerManager.dispatchBubblingEvent(Ljavafx/event/Event;)Ljavafx/event/Event;+8
j  com.sun.javafx.event.CompositeEventDispatcher.dispatchBubblingEvent(Ljavafx/event/Event;)Ljavafx/event/Event;+11
j  com.sun.javafx.event.BasicEventDispatcher.dispatchEvent(Ljavafx/event/Event;Ljavafx/event/EventDispatchChain;)Ljavafx/event/Event;+29
j  com.sun.javafx.event.EventDispatchChainImpl.dispatchEvent(Ljavafx/event/Event;)Ljavafx/event/Event;+69
j  com.sun.javafx.event.BasicEventDispatcher.dispatchEvent(Ljavafx/event/Event;Ljavafx/event/EventDispatchChain;)Ljavafx/event/Event;+17
j  com.sun.javafx.event.EventDispatchChainImpl.dispatchEvent(Ljavafx/event/Event;)Ljavafx/event/Event;+69
j  com.sun.javafx.event.BasicEventDispatcher.dispatchEvent(Ljavafx/event/Event;Ljavafx/event/EventDispatchChain;)Ljavafx/event/Event;+17
j  com.sun.javafx.event.EventDispatchChainImpl.dispatchEvent(Ljavafx/event/Event;)Ljavafx/event/Event;+69
j  com.sun.javafx.event.BasicEventDispatcher.dispatchEvent(Ljavafx/event/Event;Ljavafx/event/EventDispatchChain;)Ljavafx/event/Event;+17
j  com.sun.javafx.event.EventDispatchChainImpl.dispatchEvent(Ljavafx/event/Event;)Ljavafx/event/Event;+69
j  com.sun.javafx.event.BasicEventDispatcher.dispatchEvent(Ljavafx/event/Event;Ljavafx/event/EventDispatchChain;)Ljavafx/event/Event;+17
j  com.sun.javafx.event.EventDispatchChainImpl.dispatchEvent(Ljavafx/event/Event;)Ljavafx/event/Event;+69
j  com.sun.javafx.event.EventUtil.fireEventImpl(Ljavafx/event/EventDispatchChain;Ljavafx/event/EventTarget;Ljavafx/event/Event;)Ljavafx/event/Event;+10
j  com.sun.javafx.event.EventUtil.fireEvent(Ljavafx/event/EventTarget;Ljavafx/event/Event;)Ljavafx/event/Event;+46
j  javafx.event.Event.fireEvent(Ljavafx/event/EventTarget;Ljavafx/event/Event;)V+30
j  javafx.scene.Scene$KeyHandler.process(Ljavafx/scene/input/KeyEvent;)V+23
j  javafx.scene.Scene$KeyHandler.access$1800(Ljavafx/scene/Scene$KeyHandler;Ljavafx/scene/input/KeyEvent;)V+2
j  javafx.scene.Scene.impl_processKeyEvent(Ljavafx/scene/input/KeyEvent;)V+28
j  javafx.scene.Scene$ScenePeerListener.keyEvent(Ljavafx/scene/input/KeyEvent;)V+5
j  com.sun.javafx.tk.quantum.GlassViewEventHandler$KeyEventNotification.run()Ljava/lang/Void;+285
j  com.sun.javafx.tk.quantum.GlassViewEventHandler$KeyEventNotification.run()Ljava/lang/Object;+1
v  ~StubRoutines::call_stub
V  [libjvm.dylib+0x2eab0e]
V  [libjvm.dylib+0x34afd8]
J 2070  java.security.AccessController.doPrivileged(Ljava/security/PrivilegedAction;Ljava/security/AccessControlContext;)Ljava/lang/Object; (0 bytes) @ 0x00000001123ba655 [0x00000001123ba580+0xd5]
j  com.sun.javafx.tk.quantum.GlassViewEventHandler.lambda$handleKeyEvent$354()Ljava/lang/Void;+11
j  com.sun.javafx.tk.quantum.GlassViewEventHandler$$Lambda$423.get()Ljava/lang/Object;+4
j  com.sun.javafx.tk.quantum.QuantumToolkit.runWithoutRenderLock(Ljava/util/function/Supplier;)Ljava/lang/Object;+18
j  com.sun.javafx.tk.quantum.GlassViewEventHandler.handleKeyEvent(Lcom/sun/glass/ui/View;JII[CI)V+58
j  com.sun.glass.ui.View.handleKeyEvent(JII[CI)V+20
j  com.sun.glass.ui.View.notifyKey(II[CI)V+9
v  ~StubRoutines::call_stub
V  [libjvm.dylib+0x2eab0e]
V  [libjvm.dylib+0x321bb7]
V  [libjvm.dylib+0x31438b]
C  [libglass.dylib+0x20b94]  -[GlassViewDelegate sendJavaKeyEvent:isDown:]+0x264
C  [libglass.dylib+0x1de66]  -[GlassView3D keyDown:]+0x76
C  [AppKit+0x93d2cc]  -[NSWindow(NSEventRouting) _reallySendEvent:isDelayedEvent:]+0xff6
C  [AppKit+0x93bf0a]  -[NSWindow(NSEventRouting) sendEvent:]+0x21d
C  [libglass.dylib+0x259b4]  -[GlassWindow_Normal sendEvent:]+0x74
C  [AppKit+0x7c14a8]  -[NSApplication(NSEvent) sendEvent:]+0x12a0
C  [AppKit+0x3b427]  -[NSApplication run]+0x3ea
C  [libglass.dylib+0x65ec]  -[GlassApplication runLoop:]+0x72c
C  [Foundation+0x717ba]  __NSThreadPerformPerform+0x146
C  [CoreFoundation+0xa43e1]  __CFRUNLOOP_IS_CALLING_OUT_TO_A_SOURCE0_PERFORM_FUNCTION__+0x11
C  [CoreFoundation+0x8565c]  __CFRunLoopDoSources0+0x22c
C  [CoreFoundation+0x84b46]  __CFRunLoopRun+0x3a6
C  [CoreFoundation+0x84544]  CFRunLoopRunSpecific+0x1a4
C  [java+0x6463]  CreateExecutionEnvironment+0x367
C  [java+0x21ac]  JLI_Launch+0x7a0
C  [java+0x84c0]  main+0x65
C  [java+0x1a04]  start+0x34
C  0x0000000000000007

Java frames: (J=compiled Java code, j=interpreted, Vv=VM code)
j  com.sun.glass.ui.mac.MacAccessible.NSAccessibilityPostNotification(JJ)V+0
j  com.sun.glass.ui.mac.MacAccessible.sendNotification(Ljavafx/scene/AccessibleAttribute;)V+353
j  javafx.scene.Scene$13.invalidated()V+255
J 3224 C2 javafx.beans.property.ObjectPropertyBase.set(Ljava/lang/Object;)V (110 bytes) @ 0x00000001126cfca4 [0x00000001126cfc20+0x84]
j  javafx.scene.Scene$KeyHandler.setFocusOwner(Ljavafx/scene/Node;)V+48
j  javafx.scene.Scene$KeyHandler.requestFocus(Ljavafx/scene/Node;)V+25
j  javafx.scene.Scene$KeyHandler.access$1900(Ljavafx/scene/Scene$KeyHandler;Ljavafx/scene/Node;)V+2
j  javafx.scene.Scene.requestFocus(Ljavafx/scene/Node;)V+5
j  javafx.scene.Node.requestFocus()V+12
j  org.tools4j.launcher.javafx.LauncherPresenter.enterConsoleMode()V+27
j  org.tools4j.launcher.javafx.LauncherPresenter.lambda$initialize$14(Lorg/tools4j/launcher/service/ExecService;Ljava/util/concurrent/atomic/AtomicReference;Ljavafx/scene/input/KeyEvent;)V+67
j  org.tools4j.launcher.javafx.LauncherPresenter$$Lambda$132.handle(Ljavafx/event/Event;)V+16
j  com.sun.javafx.event.CompositeEventHandler.dispatchBubblingEvent(Ljavafx/event/Event;)V+51
J 3450 C1 com.sun.javafx.event.EventHandlerManager.dispatchBubblingEvent(Ljavafx/event/EventType;Ljavafx/event/Event;)Ljavafx/event/Event; (34 bytes) @ 0x0000000112769a0c [0x0000000112769480+0x58c]
j  com.sun.javafx.event.EventHandlerManager.dispatchBubblingEvent(Ljavafx/event/Event;)Ljavafx/event/Event;+8
j  com.sun.javafx.event.CompositeEventDispatcher.dispatchBubblingEvent(Ljavafx/event/Event;)Ljavafx/event/Event;+11
j  com.sun.javafx.event.BasicEventDispatcher.dispatchEvent(Ljavafx/event/Event;Ljavafx/event/EventDispatchChain;)Ljavafx/event/Event;+29
j  com.sun.javafx.event.EventDispatchChainImpl.dispatchEvent(Ljavafx/event/Event;)Ljavafx/event/Event;+69
j  com.sun.javafx.event.BasicEventDispatcher.dispatchEvent(Ljavafx/event/Event;Ljavafx/event/EventDispatchChain;)Ljavafx/event/Event;+17
j  com.sun.javafx.event.EventDispatchChainImpl.dispatchEvent(Ljavafx/event/Event;)Ljavafx/event/Event;+69
j  com.sun.javafx.event.BasicEventDispatcher.dispatchEvent(Ljavafx/event/Event;Ljavafx/event/EventDispatchChain;)Ljavafx/event/Event;+17
j  com.sun.javafx.event.EventDispatchChainImpl.dispatchEvent(Ljavafx/event/Event;)Ljavafx/event/Event;+69
j  com.sun.javafx.event.BasicEventDispatcher.dispatchEvent(Ljavafx/event/Event;Ljavafx/event/EventDispatchChain;)Ljavafx/event/Event;+17
j  com.sun.javafx.event.EventDispatchChainImpl.dispatchEvent(Ljavafx/event/Event;)Ljavafx/event/Event;+69
j  com.sun.javafx.event.BasicEventDispatcher.dispatchEvent(Ljavafx/event/Event;Ljavafx/event/EventDispatchChain;)Ljavafx/event/Event;+17
j  com.sun.javafx.event.EventDispatchChainImpl.dispatchEvent(Ljavafx/event/Event;)Ljavafx/event/Event;+69
j  com.sun.javafx.event.EventUtil.fireEventImpl(Ljavafx/event/EventDispatchChain;Ljavafx/event/EventTarget;Ljavafx/event/Event;)Ljavafx/event/Event;+10
j  com.sun.javafx.event.EventUtil.fireEvent(Ljavafx/event/EventTarget;Ljavafx/event/Event;)Ljavafx/event/Event;+46
j  javafx.event.Event.fireEvent(Ljavafx/event/EventTarget;Ljavafx/event/Event;)V+30
j  javafx.scene.Scene$KeyHandler.process(Ljavafx/scene/input/KeyEvent;)V+23
j  javafx.scene.Scene$KeyHandler.access$1800(Ljavafx/scene/Scene$KeyHandler;Ljavafx/scene/input/KeyEvent;)V+2
j  javafx.scene.Scene.impl_processKeyEvent(Ljavafx/scene/input/KeyEvent;)V+28
j  javafx.scene.Scene$ScenePeerListener.keyEvent(Ljavafx/scene/input/KeyEvent;)V+5
j  com.sun.javafx.tk.quantum.GlassViewEventHandler$KeyEventNotification.run()Ljava/lang/Void;+285
j  com.sun.javafx.tk.quantum.GlassViewEventHandler$KeyEventNotification.run()Ljava/lang/Object;+1
v  ~StubRoutines::call_stub
J 2070  java.security.AccessController.doPrivileged(Ljava/security/PrivilegedAction;Ljava/security/AccessControlContext;)Ljava/lang/Object; (0 bytes) @ 0x00000001123ba5e3 [0x00000001123ba580+0x63]
j  com.sun.javafx.tk.quantum.GlassViewEventHandler.lambda$handleKeyEvent$354()Ljava/lang/Void;+11
j  com.sun.javafx.tk.quantum.GlassViewEventHandler$$Lambda$423.get()Ljava/lang/Object;+4
j  com.sun.javafx.tk.quantum.QuantumToolkit.runWithoutRenderLock(Ljava/util/function/Supplier;)Ljava/lang/Object;+18
j  com.sun.javafx.tk.quantum.GlassViewEventHandler.handleKeyEvent(Lcom/sun/glass/ui/View;JII[CI)V+58
j  com.sun.glass.ui.View.handleKeyEvent(JII[CI)V+20
j  com.sun.glass.ui.View.notifyKey(II[CI)V+9
v  ~StubRoutines::call_stub

---------------  P R O C E S S  ---------------

Java Threads: ( => current thread )
  0x00007fa14a17e800 JavaThread "pool-4-thread-3" [_thread_blocked, id=82179, stack(0x000070000c1af000,0x000070000c2af000)]
  0x00007fa14a1df800 JavaThread "pool-4-thread-2" [_thread_blocked, id=81667, stack(0x000070000c0ac000,0x000070000c1ac000)]
  0x00007fa153054800 JavaThread "pool-4-thread-1" [_thread_blocked, id=81155, stack(0x000070000bfa9000,0x000070000c0a9000)]
  0x00007fa153052800 JavaThread "process reaper" daemon [_thread_blocked, id=80919, stack(0x000070000bf7e000,0x000070000bfa6000)]
  0x00007fa149950000 JavaThread "Prism Font Disposer" daemon [_thread_blocked, id=62043, stack(0x000070000bdf8000,0x000070000bef8000)]
  0x00007fa14b9ca800 JavaThread "Thread-5" [_thread_blocked, id=58627, stack(0x000070000bcf5000,0x000070000bdf5000)]
  0x00007fa1498d7000 JavaThread "pool-2-thread-1" [_thread_blocked, id=53543, stack(0x000070000bbf2000,0x000070000bcf2000)]
  0x00007fa1498c0000 JavaThread "JavaFX-Launcher" [_thread_blocked, id=57095, stack(0x000070000baef000,0x000070000bbef000)]
  0x00007fa1498bf800 JavaThread "Thread-3" daemon [_thread_in_native, id=43267, stack(0x000070000b9e9000,0x000070000ba69000)]
=>0x00007fa14d04e000 JavaThread "JavaFX Application Thread" [_thread_in_native, id=775, stack(0x00007fff57afe000,0x00007fff582fe000)]
  0x00007fa14a09b800 JavaThread "Thread-1" daemon [_thread_blocked, id=29187, stack(0x000070000b6da000,0x000070000b7da000)]
  0x00007fa1498b8000 JavaThread "QuantumRenderer-0" daemon [_thread_blocked, id=22787, stack(0x000070000b5d7000,0x000070000b6d7000)]
  0x00007fa14b89c800 JavaThread "Service Thread" daemon [_thread_blocked, id=21763, stack(0x000070000b3d1000,0x000070000b4d1000)]
  0x00007fa14a802800 JavaThread "C1 CompilerThread3" daemon [_thread_blocked, id=21251, stack(0x000070000b2ce000,0x000070000b3ce000)]
  0x00007fa14a802000 JavaThread "C2 CompilerThread2" daemon [_thread_blocked, id=20739, stack(0x000070000b1cb000,0x000070000b2cb000)]
  0x00007fa14a801000 JavaThread "C2 CompilerThread1" daemon [_thread_blocked, id=20227, stack(0x000070000b0c8000,0x000070000b1c8000)]
  0x00007fa14c1cd000 JavaThread "C2 CompilerThread0" daemon [_thread_blocked, id=19715, stack(0x000070000afc5000,0x000070000b0c5000)]
  0x00007fa14c06c000 JavaThread "Monitor Ctrl-Break" daemon [_thread_in_native, id=19203, stack(0x000070000aec2000,0x000070000afc2000)]
  0x00007fa14b815800 JavaThread "Signal Dispatcher" daemon [_thread_blocked, id=18691, stack(0x000070000adbf000,0x000070000aebf000)]
  0x00007fa14a002800 JavaThread "Finalizer" daemon [_thread_blocked, id=14595, stack(0x000070000acbc000,0x000070000adbc000)]
  0x00007fa14a000800 JavaThread "Reference Handler" daemon [_thread_blocked, id=14083, stack(0x000070000abb9000,0x000070000acb9000)]
  0x00007fa14c800000 JavaThread "main" [_thread_blocked, id=7171, stack(0x000070000a19b000,0x000070000a29b000)]

Other Threads:
  0x00007fa14b80b800 VMThread [stack: 0x000070000aab6000,0x000070000abb6000] [id=13571]
  0x00007fa14983b000 WatcherThread [stack: 0x000070000b4d4000,0x000070000b5d4000] [id=22275]

VM state:not at safepoint (normal execution)

VM Mutex/Monitor currently owned by a thread: None

Heap:
 PSYoungGen      total 76288K, used 28759K [0x000000076ab00000, 0x0000000770000000, 0x00000007c0000000)
  eden space 65536K, 43% used [0x000000076ab00000,0x000000076c715fe8,0x000000076eb00000)
  from space 10752K, 0% used [0x000000076f580000,0x000000076f580000,0x0000000770000000)
  to   space 10752K, 0% used [0x000000076eb00000,0x000000076eb00000,0x000000076f580000)
 ParOldGen       total 116736K, used 6915K [0x00000006c0000000, 0x00000006c7200000, 0x000000076ab00000)
  object space 116736K, 5% used [0x00000006c0000000,0x00000006c06c0d88,0x00000006c7200000)
 Metaspace       used 22855K, capacity 24324K, committed 24496K, reserved 1071104K
  class space    used 3192K, capacity 3491K, committed 3504K, reserved 1048576K

Card table byte_map: [0x0000000109d7a000,0x000000010a57b000] byte_map_base: 0x000000010677a000

Marking Bits: (ParMarkBitMap*) 0x00000001092dee20
 Begin Bits: [0x0000000120d04000, 0x0000000124d04000)
 End Bits:   [0x0000000124d04000, 0x0000000128d04000)

Polling page: 0x00000001079c2000

CodeCache: size=245760Kb used=10732Kb max_used=10732Kb free=235027Kb
 bounds [0x0000000111d04000, 0x0000000112794000, 0x0000000120d04000]
 total_blobs=4175 nmethods=3484 adapters=603
 compilation: enabled

Compilation events (10 events):
Event: 11.420 Thread 0x00007fa14a802800 nmethod 3467 0x0000000112778c50 code [0x0000000112778f00, 0x000000011277a4e8]
Event: 11.420 Thread 0x00007fa14a802800 3468       3       com.sun.prism.impl.BaseContext::updateMaskTexture (457 bytes)
Event: 11.421 Thread 0x00007fa14a802800 nmethod 3468 0x000000011277aed0 code [0x000000011277b160, 0x000000011277c638]
Event: 11.421 Thread 0x00007fa14a802800 3469       1       com.sun.javafx.sg.prism.NGShape::isSmooth (5 bytes)
Event: 11.421 Thread 0x00007fa14a802800 nmethod 3469 0x000000011276bad0 code [0x000000011276bc20, 0x000000011276bd30]
Event: 11.424 Thread 0x00007fa14c1cd000 nmethod 3464 0x00000001127802d0 code [0x00000001127804a0, 0x0000000112780b50]
Event: 11.495 Thread 0x00007fa14a802800 3470       3       jdk.internal.org.objectweb.asm.FieldWriter::getSize (262 bytes)
Event: 11.496 Thread 0x00007fa14a802800 nmethod 3470 0x000000011277e950 code [0x000000011277ebe0, 0x000000011277fb28]
Event: 11.496 Thread 0x00007fa14a802800 3471       3       jdk.internal.org.objectweb.asm.FieldWriter::put (472 bytes)
Event: 11.498 Thread 0x00007fa14a802800 nmethod 3471 0x0000000112781b10 code [0x0000000112781ec0, 0x00000001127832d8]

GC Heap History (6 events):
Event: 1.117 GC heap before
{Heap before GC invocations=1 (full 0):
 PSYoungGen      total 76288K, used 65536K [0x000000076ab00000, 0x0000000770000000, 0x00000007c0000000)
  eden space 65536K, 100% used [0x000000076ab00000,0x000000076eb00000,0x000000076eb00000)
  from space 10752K, 0% used [0x000000076f580000,0x000000076f580000,0x0000000770000000)
  to   space 10752K, 0% used [0x000000076eb00000,0x000000076eb00000,0x000000076f580000)
 ParOldGen       total 175104K, used 0K [0x00000006c0000000, 0x00000006cab00000, 0x000000076ab00000)
  object space 175104K, 0% used [0x00000006c0000000,0x00000006c0000000,0x00000006cab00000)
 Metaspace       used 15080K, capacity 15670K, committed 15744K, reserved 1062912K
  class space    used 1964K, capacity 2144K, committed 2176K, reserved 1048576K
Event: 1.126 GC heap after
Heap after GC invocations=1 (full 0):
 PSYoungGen      total 76288K, used 5539K [0x000000076ab00000, 0x0000000770000000, 0x00000007c0000000)
  eden space 65536K, 0% used [0x000000076ab00000,0x000000076ab00000,0x000000076eb00000)
  from space 10752K, 51% used [0x000000076eb00000,0x000000076f068cc8,0x000000076f580000)
  to   space 10752K, 0% used [0x000000076f580000,0x000000076f580000,0x0000000770000000)
 ParOldGen       total 175104K, used 80K [0x00000006c0000000, 0x00000006cab00000, 0x000000076ab00000)
  object space 175104K, 0% used [0x00000006c0000000,0x00000006c0014010,0x00000006cab00000)
 Metaspace       used 15080K, capacity 15670K, committed 15744K, reserved 1062912K
  class space    used 1964K, capacity 2144K, committed 2176K, reserved 1048576K
}
Event: 2.542 GC heap before
{Heap before GC invocations=2 (full 0):
 PSYoungGen      total 76288K, used 29289K [0x000000076ab00000, 0x0000000770000000, 0x00000007c0000000)
  eden space 65536K, 36% used [0x000000076ab00000,0x000000076c231750,0x000000076eb00000)
  from space 10752K, 51% used [0x000000076eb00000,0x000000076f068cc8,0x000000076f580000)
  to   space 10752K, 0% used [0x000000076f580000,0x000000076f580000,0x0000000770000000)
 ParOldGen       total 175104K, used 80K [0x00000006c0000000, 0x00000006cab00000, 0x000000076ab00000)
  object space 175104K, 0% used [0x00000006c0000000,0x00000006c0014010,0x00000006cab00000)
 Metaspace       used 20104K, capacity 21236K, committed 21296K, reserved 1067008K
  class space    used 2873K, capacity 3115K, committed 3120K, reserved 1048576K
Event: 2.550 GC heap after
Heap after GC invocations=2 (full 0):
 PSYoungGen      total 76288K, used 7058K [0x000000076ab00000, 0x0000000770000000, 0x00000007c0000000)
  eden space 65536K, 0% used [0x000000076ab00000,0x000000076ab00000,0x000000076eb00000)
  from space 10752K, 65% used [0x000000076f580000,0x000000076fc64aa0,0x0000000770000000)
  to   space 10752K, 0% used [0x000000076eb00000,0x000000076eb00000,0x000000076f580000)
 ParOldGen       total 175104K, used 96K [0x00000006c0000000, 0x00000006cab00000, 0x000000076ab00000)
  object space 175104K, 0% used [0x00000006c0000000,0x00000006c0018010,0x00000006cab00000)
 Metaspace       used 20104K, capacity 21236K, committed 21296K, reserved 1067008K
  class space    used 2873K, capacity 3115K, committed 3120K, reserved 1048576K
}
Event: 2.550 GC heap before
{Heap before GC invocations=3 (full 1):
 PSYoungGen      total 76288K, used 7058K [0x000000076ab00000, 0x0000000770000000, 0x00000007c0000000)
  eden space 65536K, 0% used [0x000000076ab00000,0x000000076ab00000,0x000000076eb00000)
  from space 10752K, 65% used [0x000000076f580000,0x000000076fc64aa0,0x0000000770000000)
  to   space 10752K, 0% used [0x000000076eb00000,0x000000076eb00000,0x000000076f580000)
 ParOldGen       total 175104K, used 96K [0x00000006c0000000, 0x00000006cab00000, 0x000000076ab00000)
  object space 175104K, 0% used [0x00000006c0000000,0x00000006c0018010,0x00000006cab00000)
 Metaspace       used 20104K, capacity 21236K, committed 21296K, reserved 1067008K
  class space    used 2873K, capacity 3115K, committed 3120K, reserved 1048576K
Event: 2.582 GC heap after
Heap after GC invocations=3 (full 1):
 PSYoungGen      total 76288K, used 0K [0x000000076ab00000, 0x0000000770000000, 0x00000007c0000000)
  eden space 65536K, 0% used [0x000000076ab00000,0x000000076ab00000,0x000000076eb00000)
  from space 10752K, 0% used [0x000000076f580000,0x000000076f580000,0x0000000770000000)
  to   space 10752K, 0% used [0x000000076eb00000,0x000000076eb00000,0x000000076f580000)
 ParOldGen       total 116736K, used 6915K [0x00000006c0000000, 0x00000006c7200000, 0x000000076ab00000)
  object space 116736K, 5% used [0x00000006c0000000,0x00000006c06c0d88,0x00000006c7200000)
 Metaspace       used 20104K, capacity 21236K, committed 21296K, reserved 1067008K
  class space    used 2873K, capacity 3115K, committed 3120K, reserved 1048576K
}

Deoptimization events (10 events):
Event: 8.715 Thread 0x00007fa14d04e000 Uncommon trap: reason=array_check action=maybe_recompile pc=0x00000001124aeea4 method=com.sun.javafx.css.CompoundSelector.applies(Ljavafx/css/Styleable;[Ljava/util/Set;I)Z @ 128
Event: 8.779 Thread 0x00007fa1498b8000 Uncommon trap: reason=class_check action=maybe_recompile pc=0x00000001122ec080 method=java.util.WeakHashMap.eq(Ljava/lang/Object;Ljava/lang/Object;)Z @ 7
Event: 8.779 Thread 0x00007fa1498b8000 Uncommon trap: reason=class_check action=maybe_recompile pc=0x00000001122ec080 method=java.util.WeakHashMap.eq(Ljava/lang/Object;Ljava/lang/Object;)Z @ 7
Event: 8.780 Thread 0x00007fa1498b8000 Uncommon trap: reason=class_check action=maybe_recompile pc=0x00000001122ec080 method=java.util.WeakHashMap.eq(Ljava/lang/Object;Ljava/lang/Object;)Z @ 7
Event: 8.780 Thread 0x00007fa1498b8000 Uncommon trap: reason=class_check action=maybe_recompile pc=0x00000001122ec080 method=java.util.WeakHashMap.eq(Ljava/lang/Object;Ljava/lang/Object;)Z @ 7
Event: 8.916 Thread 0x00007fa1498b8000 Uncommon trap: reason=unstable_if action=reinterpret pc=0x00000001125713d4 method=java.lang.Math.round(F)I @ 23
Event: 8.917 Thread 0x00007fa14d04e000 Uncommon trap: reason=unstable_if action=reinterpret pc=0x000000011257d7c0 method=com.sun.javafx.text.TextRun.getPosX(I)F @ 75
Event: 8.919 Thread 0x00007fa1498b8000 Uncommon trap: reason=unstable_if action=reinterpret pc=0x00000001124e0b24 method=com.sun.javafx.geom.RectBounds.isEmpty()Z @ 21
Event: 9.466 Thread 0x00007fa14d04e000 Uncommon trap: reason=null_check action=make_not_entrant pc=0x0000000112674cf0 method=javafx.scene.Node$MiscProperties.getClip()Ljavafx/scene/Node; @ 20
Event: 9.471 Thread 0x00007fa14d04e000 Uncommon trap: reason=null_check action=make_not_entrant pc=0x00000001124df310 method=javafx.scene.Node$MiscProperties.getClip()Ljavafx/scene/Node; @ 20

Internal exceptions (10 events):
Event: 1.158 Thread 0x00007fa14d04e000 Exception <a 'java/io/FileNotFoundException'> (0x000000076abe04c0) thrown at [/Users/java_re/workspace/8-2-build-macosx-x86_64/jdk8u60/4407/hotspot/src/share/vm/prims/jni.cpp, line 709]
Event: 1.770 Thread 0x00007fa14d04e000 Implicit null exception at 0x00000001120d5c15 to 0x00000001120d5f61
Event: 1.770 Thread 0x00007fa14d04e000 Implicit null exception at 0x0000000112071efb to 0x0000000112071ff9
Event: 1.772 Thread 0x00007fa14d04e000 Implicit null exception at 0x0000000111f5332f to 0x0000000111f53399
Event: 8.647 Thread 0x00007fa14d04e000 Implicit null exception at 0x000000011229ed91 to 0x000000011229f335
Event: 8.653 Thread 0x00007fa14d04e000 Implicit null exception at 0x00000001122bef4f to 0x00000001122bf699
Event: 9.466 Thread 0x00007fa14d04e000 Implicit null exception at 0x0000000112674681 to 0x0000000112674ce1
Event: 9.471 Thread 0x00007fa14d04e000 Implicit null exception at 0x00000001124df2c8 to 0x00000001124df306
Event: 11.505 Thread 0x00007fa14d04e000 Exception <a 'java/lang/StackOverflowError'> (0x000000076c5601d8) thrown at [/Users/java_re/workspace/8-2-build-macosx-x86_64/jdk8u60/4407/hotspot/src/share/vm/runtime/javaCalls.cpp, line 386]
Event: 11.505 Thread 0x00007fa14d04e000 Exception <a 'java/lang/StackOverflowError'> (0x000000076c5601f8) thrown at [/Users/java_re/workspace/8-2-build-macosx-x86_64/jdk8u60/4407/hotspot/src/share/vm/runtime/javaCalls.cpp, line 386]

Events (10 events):
Event: 11.504 loading class org/tools4j/launcher/service/ExecutingCommand done
Event: 11.504 Thread 0x00007fa14a1df800 Thread added: 0x00007fa14a1df800
Event: 11.504 loading class org/tools4j/launcher/service/ExecutingCommand
Event: 11.504 loading class org/tools4j/launcher/service/ExecutingCommand done
Event: 11.504 Thread 0x00007fa14a17e800 Thread added: 0x00007fa14a17e800
Event: 11.505 loading class com/sun/javafx/scene/control/skin/TextAreaSkin$6
Event: 11.505 loading class com/sun/javafx/scene/control/skin/TextAreaSkin$6 done
Event: 11.505 loading class javafx/geometry/VerticalDirection
Event: 11.505 loading class javafx/geometry/VerticalDirection done
Event: 11.505 Executing VM operation: RevokeBias


Dynamic libraries:
0x00000000159be000 	/System/Library/Frameworks/Cocoa.framework/Versions/A/Cocoa
0x00000000159be000 	/System/Library/Frameworks/Security.framework/Versions/A/Security
0x00000000159be000 	/System/Library/Frameworks/ApplicationServices.framework/Versions/A/ApplicationServices
0x00000000159be000 	/usr/lib/libz.1.dylib
0x00000000159be000 	/usr/lib/libSystem.B.dylib
0x00000000159be000 	/usr/lib/libobjc.A.dylib
0x00000000159be000 	/System/Library/Frameworks/CoreFoundation.framework/Versions/A/CoreFoundation
0x00000000159be000 	/System/Library/Frameworks/Foundation.framework/Versions/C/Foundation
0x00000000159be000 	/System/Library/Frameworks/AppKit.framework/Versions/C/AppKit
0x00000000159be000 	/System/Library/Frameworks/CoreData.framework/Versions/A/CoreData
0x00000000159be000 	/System/Library/PrivateFrameworks/RemoteViewServices.framework/Versions/A/RemoteViewServices
0x00000000159be000 	/System/Library/PrivateFrameworks/UIFoundation.framework/Versions/A/UIFoundation
0x00000000159be000 	/System/Library/PrivateFrameworks/DFRFoundation.framework/Versions/A/DFRFoundation
0x00000000159be000 	/usr/lib/libenergytrace.dylib
0x00000000159be000 	/System/Library/PrivateFrameworks/SkyLight.framework/Versions/A/SkyLight
0x00000000159be000 	/System/Library/Frameworks/CoreGraphics.framework/Versions/A/CoreGraphics
0x00000000159be000 	/usr/lib/libScreenReader.dylib
0x00000000159be000 	/System/Library/Frameworks/Accelerate.framework/Versions/A/Accelerate
0x00000000159be000 	/System/Library/Frameworks/IOSurface.framework/Versions/A/IOSurface
0x00000000159be000 	/System/Library/Frameworks/AudioToolbox.framework/Versions/A/AudioToolbox
0x00000000159be000 	/System/Library/Frameworks/AudioUnit.framework/Versions/A/AudioUnit
0x00000000159be000 	/System/Library/PrivateFrameworks/DataDetectorsCore.framework/Versions/A/DataDetectorsCore
0x00000000159be000 	/System/Library/PrivateFrameworks/DesktopServicesPriv.framework/Versions/A/DesktopServicesPriv
0x00000000159be000 	/System/Library/Frameworks/Carbon.framework/Versions/A/Frameworks/HIToolbox.framework/Versions/A/HIToolbox
0x00000000159be000 	/usr/lib/libicucore.A.dylib
0x00000000159be000 	/System/Library/Frameworks/QuartzCore.framework/Versions/A/QuartzCore
0x00000000159be000 	/System/Library/Frameworks/Carbon.framework/Versions/A/Frameworks/SpeechRecognition.framework/Versions/A/SpeechRecognition
0x00000000159be000 	/usr/lib/libauto.dylib
0x00000000159be000 	/usr/lib/libxml2.2.dylib
0x00000000159be000 	/System/Library/PrivateFrameworks/CoreUI.framework/Versions/A/CoreUI
0x00000000159be000 	/System/Library/Frameworks/CoreAudio.framework/Versions/A/CoreAudio
0x00000000159be000 	/System/Library/Frameworks/DiskArbitration.framework/Versions/A/DiskArbitration
0x00000000159be000 	/usr/lib/liblangid.dylib
0x00000000159be000 	/System/Library/PrivateFrameworks/MultitouchSupport.framework/Versions/A/MultitouchSupport
0x00000000159be000 	/System/Library/Frameworks/IOKit.framework/Versions/A/IOKit
0x00000000159be000 	/usr/lib/libDiagnosticMessagesClient.dylib
0x00000000159be000 	/System/Library/Frameworks/CoreServices.framework/Versions/A/CoreServices
0x00000000159be000 	/System/Library/PrivateFrameworks/PerformanceAnalysis.framework/Versions/A/PerformanceAnalysis
0x00000000159be000 	/System/Library/PrivateFrameworks/GenerationalStorage.framework/Versions/A/GenerationalStorage
0x00000000159be000 	/System/Library/Frameworks/OpenGL.framework/Versions/A/OpenGL
0x00000000159be000 	/System/Library/Frameworks/CoreImage.framework/Versions/A/CoreImage
0x00000000159be000 	/System/Library/Frameworks/CoreText.framework/Versions/A/CoreText
0x00000000159be000 	/System/Library/Frameworks/ImageIO.framework/Versions/A/ImageIO
0x00000000159be000 	/System/Library/PrivateFrameworks/Backup.framework/Versions/A/Backup
0x00000000159be000 	/usr/lib/libarchive.2.dylib
0x00000000159be000 	/System/Library/Frameworks/CFNetwork.framework/Versions/A/CFNetwork
0x00000000159be000 	/System/Library/Frameworks/SystemConfiguration.framework/Versions/A/SystemConfiguration
0x00000000159be000 	/usr/lib/libCRFSuite.dylib
0x00000000159be000 	/usr/lib/libc++.1.dylib
0x00000000159be000 	/usr/lib/libc++abi.dylib
0x00000000159be000 	/usr/lib/system/libcache.dylib
0x00000000159be000 	/usr/lib/system/libcommonCrypto.dylib
0x00000000159be000 	/usr/lib/system/libcompiler_rt.dylib
0x00000000159be000 	/usr/lib/system/libcopyfile.dylib
0x00000000159be000 	/usr/lib/system/libcorecrypto.dylib
0x00000000159be000 	/usr/lib/system/libdispatch.dylib
0x00000000159be000 	/usr/lib/system/libdyld.dylib
0x00000000159be000 	/usr/lib/system/libkeymgr.dylib
0x00000000159be000 	/usr/lib/system/liblaunch.dylib
0x00000000159be000 	/usr/lib/system/libmacho.dylib
0x00000000159be000 	/usr/lib/system/libquarantine.dylib
0x00000000159be000 	/usr/lib/system/libremovefile.dylib
0x00000000159be000 	/usr/lib/system/libsystem_asl.dylib
0x00000000159be000 	/usr/lib/system/libsystem_blocks.dylib
0x00000000159be000 	/usr/lib/system/libsystem_c.dylib
0x00000000159be000 	/usr/lib/system/libsystem_configuration.dylib
0x00000000159be000 	/usr/lib/system/libsystem_coreservices.dylib
0x00000000159be000 	/usr/lib/system/libsystem_coretls.dylib
0x00000000159be000 	/usr/lib/system/libsystem_dnssd.dylib
0x00000000159be000 	/usr/lib/system/libsystem_info.dylib
0x00000000159be000 	/usr/lib/system/libsystem_kernel.dylib
0x00000000159be000 	/usr/lib/system/libsystem_m.dylib
0x00000000159be000 	/usr/lib/system/libsystem_malloc.dylib
0x00000000159be000 	/usr/lib/system/libsystem_network.dylib
0x00000000159be000 	/usr/lib/system/libsystem_networkextension.dylib
0x00000000159be000 	/usr/lib/system/libsystem_notify.dylib
0x00000000159be000 	/usr/lib/system/libsystem_platform.dylib
0x00000000159be000 	/usr/lib/system/libsystem_pthread.dylib
0x00000000159be000 	/usr/lib/system/libsystem_sandbox.dylib
0x00000000159be000 	/usr/lib/system/libsystem_secinit.dylib
0x00000000159be000 	/usr/lib/system/libsystem_symptoms.dylib
0x00000000159be000 	/usr/lib/system/libsystem_trace.dylib
0x00000000159be000 	/usr/lib/system/libunwind.dylib
0x00000000159be000 	/usr/lib/system/libxpc.dylib
0x00000000159be000 	/usr/lib/libbsm.0.dylib
0x00000000159be000 	/usr/lib/system/libkxld.dylib
0x00000000159be000 	/usr/lib/libcoretls.dylib
0x00000000159be000 	/usr/lib/libcoretls_cfhelpers.dylib
0x00000000159be000 	/usr/lib/libOpenScriptingUtil.dylib
0x00000000159be000 	/usr/lib/libpam.2.dylib
0x00000000159be000 	/usr/lib/libsqlite3.dylib
0x00000000159be000 	/usr/lib/libxar.1.dylib
0x00000000159be000 	/usr/lib/libbz2.1.0.dylib
0x00000000159be000 	/usr/lib/liblzma.5.dylib
0x00000000159be000 	/usr/lib/libnetwork.dylib
0x00000000159be000 	/usr/lib/libpcap.A.dylib
0x00000000159be000 	/System/Library/Frameworks/CoreServices.framework/Versions/A/Frameworks/FSEvents.framework/Versions/A/FSEvents
0x00000000159be000 	/System/Library/Frameworks/CoreServices.framework/Versions/A/Frameworks/CarbonCore.framework/Versions/A/CarbonCore
0x00000000159be000 	/System/Library/Frameworks/CoreServices.framework/Versions/A/Frameworks/Metadata.framework/Versions/A/Metadata
0x00000000159be000 	/System/Library/Frameworks/CoreServices.framework/Versions/A/Frameworks/OSServices.framework/Versions/A/OSServices
0x00000000159be000 	/System/Library/Frameworks/CoreServices.framework/Versions/A/Frameworks/SearchKit.framework/Versions/A/SearchKit
0x00000000159be000 	/System/Library/Frameworks/CoreServices.framework/Versions/A/Frameworks/AE.framework/Versions/A/AE
0x00000000159be000 	/System/Library/Frameworks/CoreServices.framework/Versions/A/Frameworks/LaunchServices.framework/Versions/A/LaunchServices
0x00000000159be000 	/System/Library/Frameworks/CoreServices.framework/Versions/A/Frameworks/DictionaryServices.framework/Versions/A/DictionaryServices
0x00000000159be000 	/System/Library/Frameworks/CoreServices.framework/Versions/A/Frameworks/SharedFileList.framework/Versions/A/SharedFileList
0x00000000159be000 	/System/Library/Frameworks/NetFS.framework/Versions/A/NetFS
0x00000000159be000 	/System/Library/PrivateFrameworks/NetAuth.framework/Versions/A/NetAuth
0x00000000159be000 	/System/Library/PrivateFrameworks/login.framework/Versions/A/Frameworks/loginsupport.framework/Versions/A/loginsupport
0x00000000159be000 	/System/Library/PrivateFrameworks/TCC.framework/Versions/A/TCC
0x00000000159be000 	/usr/lib/libmecabra.dylib
0x00000000159be000 	/System/Library/Frameworks/ApplicationServices.framework/Versions/A/Frameworks/ATS.framework/Versions/A/ATS
0x00000000159be000 	/System/Library/Frameworks/ApplicationServices.framework/Versions/A/Frameworks/ColorSync.framework/Versions/A/ColorSync
0x00000000159be000 	/System/Library/Frameworks/ApplicationServices.framework/Versions/A/Frameworks/HIServices.framework/Versions/A/HIServices
0x00000000159be000 	/System/Library/Frameworks/ApplicationServices.framework/Versions/A/Frameworks/LangAnalysis.framework/Versions/A/LangAnalysis
0x00000000159be000 	/System/Library/Frameworks/ApplicationServices.framework/Versions/A/Frameworks/PrintCore.framework/Versions/A/PrintCore
0x00000000159be000 	/System/Library/Frameworks/ApplicationServices.framework/Versions/A/Frameworks/QD.framework/Versions/A/QD
0x00000000159be000 	/System/Library/Frameworks/ApplicationServices.framework/Versions/A/Frameworks/SpeechSynthesis.framework/Versions/A/SpeechSynthesis
0x00000000159be000 	/System/Library/Frameworks/Accelerate.framework/Versions/A/Frameworks/vImage.framework/Versions/A/vImage
0x00000000159be000 	/System/Library/Frameworks/Accelerate.framework/Versions/A/Frameworks/vecLib.framework/Versions/A/vecLib
0x00000000159be000 	/System/Library/Frameworks/Accelerate.framework/Versions/A/Frameworks/vecLib.framework/Versions/A/libvDSP.dylib
0x00000000159be000 	/System/Library/Frameworks/Accelerate.framework/Versions/A/Frameworks/vecLib.framework/Versions/A/libBNNS.dylib
0x00000000159be000 	/System/Library/Frameworks/Accelerate.framework/Versions/A/Frameworks/vecLib.framework/Versions/A/libQuadrature.dylib
0x00000000159be000 	/System/Library/Frameworks/Accelerate.framework/Versions/A/Frameworks/vecLib.framework/Versions/A/libvMisc.dylib
0x00000000159be000 	/System/Library/Frameworks/Accelerate.framework/Versions/A/Frameworks/vecLib.framework/Versions/A/libLAPACK.dylib
0x00000000159be000 	/System/Library/Frameworks/Accelerate.framework/Versions/A/Frameworks/vecLib.framework/Versions/A/libBLAS.dylib
0x00000000159be000 	/System/Library/Frameworks/Accelerate.framework/Versions/A/Frameworks/vecLib.framework/Versions/A/libLinearAlgebra.dylib
0x00000000159be000 	/System/Library/Frameworks/Accelerate.framework/Versions/A/Frameworks/vecLib.framework/Versions/A/libSparseBLAS.dylib
0x00000000159be000 	/System/Library/Frameworks/ApplicationServices.framework/Versions/A/Frameworks/ATS.framework/Versions/A/Resources/libFontParser.dylib
0x00000000159be000 	/System/Library/Frameworks/ApplicationServices.framework/Versions/A/Frameworks/ATS.framework/Versions/A/Resources/libFontRegistry.dylib
0x00000000159be000 	/System/Library/Frameworks/ImageIO.framework/Versions/A/Resources/libJPEG.dylib
0x00000000159be000 	/System/Library/Frameworks/ImageIO.framework/Versions/A/Resources/libTIFF.dylib
0x00000000159be000 	/System/Library/Frameworks/ImageIO.framework/Versions/A/Resources/libPng.dylib
0x00000000159be000 	/System/Library/Frameworks/ImageIO.framework/Versions/A/Resources/libGIF.dylib
0x00000000159be000 	/System/Library/Frameworks/ImageIO.framework/Versions/A/Resources/libJP2.dylib
0x00000000159be000 	/System/Library/Frameworks/ImageIO.framework/Versions/A/Resources/libRadiance.dylib
0x00000000159be000 	/usr/lib/libcompression.dylib
0x00000000159be000 	/System/Library/PrivateFrameworks/AppleJPEG.framework/Versions/A/AppleJPEG
0x00000000159be000 	/usr/lib/libcups.2.dylib
0x00000000159be000 	/System/Library/Frameworks/Kerberos.framework/Versions/A/Kerberos
0x00000000159be000 	/System/Library/Frameworks/GSS.framework/Versions/A/GSS
0x00000000159be000 	/usr/lib/libresolv.9.dylib
0x00000000159be000 	/usr/lib/libiconv.2.dylib
0x00000000159be000 	/System/Library/PrivateFrameworks/Heimdal.framework/Versions/A/Heimdal
0x00000000159be000 	/usr/lib/libheimdal-asn1.dylib
0x00000000159be000 	/System/Library/Frameworks/OpenDirectory.framework/Versions/A/OpenDirectory
0x00000000159be000 	/System/Library/PrivateFrameworks/CommonAuth.framework/Versions/A/CommonAuth
0x00000000159be000 	/System/Library/Frameworks/OpenDirectory.framework/Versions/A/Frameworks/CFOpenDirectory.framework/Versions/A/CFOpenDirectory
0x00000000159be000 	/System/Library/Frameworks/SecurityFoundation.framework/Versions/A/SecurityFoundation
0x00000000159be000 	/System/Library/PrivateFrameworks/LanguageModeling.framework/Versions/A/LanguageModeling
0x00000000159be000 	/usr/lib/libmarisa.dylib
0x00000000159be000 	/usr/lib/libChineseTokenizer.dylib
0x00000000159be000 	/usr/lib/libcmph.dylib
0x00000000159be000 	/System/Library/PrivateFrameworks/CoreEmoji.framework/Versions/A/CoreEmoji
0x00000000159be000 	/System/Library/Frameworks/ServiceManagement.framework/Versions/A/ServiceManagement
0x00000000159be000 	/usr/lib/libxslt.1.dylib
0x00000000159be000 	/System/Library/Frameworks/Carbon.framework/Versions/A/Frameworks/Ink.framework/Versions/A/Ink
0x00000000159be000 	/System/Library/PrivateFrameworks/TextureIO.framework/Versions/A/TextureIO
0x00000000159be000 	/System/Library/Frameworks/Metal.framework/Versions/A/Metal
0x00000000159be000 	/usr/lib/libate.dylib
0x00000000159be000 	/System/Library/PrivateFrameworks/GPUCompiler.framework/libmetal_timestamp.dylib
0x00000000159be000 	/System/Library/Frameworks/OpenGL.framework/Versions/A/Libraries/libCoreFSCache.dylib
0x00000000159be000 	/System/Library/PrivateFrameworks/IOAccelerator.framework/Versions/A/IOAccelerator
0x00000000159be000 	/System/Library/Frameworks/CoreVideo.framework/Versions/A/CoreVideo
0x00000000159be000 	/usr/lib/libFosl_dynamic.dylib
0x00000000159be000 	/System/Library/PrivateFrameworks/MetalPerformanceShaders.framework/Versions/A/MetalPerformanceShaders
0x00000000159be000 	/System/Library/PrivateFrameworks/FaceCore.framework/Versions/A/FaceCore
0x00000000159be000 	/System/Library/Frameworks/OpenCL.framework/Versions/A/OpenCL
0x00000000159be000 	/System/Library/Frameworks/OpenGL.framework/Versions/A/Libraries/libGLU.dylib
0x00000000159be000 	/System/Library/Frameworks/OpenGL.framework/Versions/A/Libraries/libGFXShared.dylib
0x00000000159be000 	/System/Library/Frameworks/OpenGL.framework/Versions/A/Libraries/libGL.dylib
0x00000000159be000 	/System/Library/Frameworks/OpenGL.framework/Versions/A/Libraries/libGLImage.dylib
0x00000000159be000 	/System/Library/Frameworks/OpenGL.framework/Versions/A/Libraries/libCVMSPluginSupport.dylib
0x00000000159be000 	/System/Library/Frameworks/OpenGL.framework/Versions/A/Libraries/libCoreVMClient.dylib
0x00000000159be000 	/System/Library/PrivateFrameworks/CrashReporterSupport.framework/Versions/A/CrashReporterSupport
0x00000000159be000 	/System/Library/PrivateFrameworks/Sharing.framework/Versions/A/Sharing
0x00000000159be000 	/System/Library/PrivateFrameworks/IconServices.framework/Versions/A/IconServices
0x00000000159be000 	/System/Library/PrivateFrameworks/ProtocolBuffer.framework/Versions/A/ProtocolBuffer
0x00000000159be000 	/System/Library/PrivateFrameworks/Apple80211.framework/Versions/A/Apple80211
0x00000000159be000 	/System/Library/Frameworks/CoreWLAN.framework/Versions/A/CoreWLAN
0x00000000159be000 	/System/Library/PrivateFrameworks/CoreUtils.framework/Versions/A/CoreUtils
0x00000000159be000 	/System/Library/Frameworks/IOBluetooth.framework/Versions/A/IOBluetooth
0x00000000159be000 	/System/Library/PrivateFrameworks/CoreWiFi.framework/Versions/A/CoreWiFi
0x00000000159be000 	/System/Library/Frameworks/CoreBluetooth.framework/Versions/A/CoreBluetooth
0x00000000159be000 	/System/Library/Frameworks/CoreDisplay.framework/Versions/A/CoreDisplay
0x00000000159be000 	/System/Library/PrivateFrameworks/IOPresentment.framework/Versions/A/IOPresentment
0x00000000159be000 	/System/Library/PrivateFrameworks/DSExternalDisplay.framework/Versions/A/DSExternalDisplay
0x00000000159be000 	/System/Library/PrivateFrameworks/DebugSymbols.framework/Versions/A/DebugSymbols
0x00000000159be000 	/System/Library/PrivateFrameworks/CoreSymbolication.framework/Versions/A/CoreSymbolication
0x00000000159be000 	/System/Library/PrivateFrameworks/Symbolication.framework/Versions/A/Symbolication
0x00000000159be000 	/System/Library/PrivateFrameworks/AppleFSCompression.framework/Versions/A/AppleFSCompression
0x00000000159be000 	/System/Library/PrivateFrameworks/SpeechRecognitionCore.framework/Versions/A/SpeechRecognitionCore
0x00000000159be000 	/System/Library/PrivateFrameworks/ChunkingLibrary.framework/Versions/A/ChunkingLibrary
0x0000000108a00000 	/Library/Java/JavaVirtualMachines/jdk1.8.0_60.jdk/Contents/Home/jre/lib/server/libjvm.dylib
0x00000000159be000 	/usr/lib/libstdc++.6.dylib
0x000000010797f000 	/Library/Java/JavaVirtualMachines/jdk1.8.0_60.jdk/Contents/Home/jre/lib/libverify.dylib
0x000000010798d000 	/Library/Java/JavaVirtualMachines/jdk1.8.0_60.jdk/Contents/Home/jre/lib/libjava.dylib
0x00000001079c3000 	/Library/Java/JavaVirtualMachines/jdk1.8.0_60.jdk/Contents/Home/jre/lib/libinstrument.dylib
0x00000001079f0000 	/Library/Java/JavaVirtualMachines/jdk1.8.0_60.jdk/Contents/Home/jre/lib/libzip.dylib
0x000000010da47000 	/System/Library/Frameworks/JavaVM.framework/Frameworks/JavaRuntimeSupport.framework/JavaRuntimeSupport
0x000000010da61000 	/System/Library/Frameworks/JavaVM.framework/Versions/A/Frameworks/JavaNativeFoundation.framework/Versions/A/JavaNativeFoundation
0x000000010da76000 	/System/Library/Frameworks/JavaVM.framework/Versions/A/JavaVM
0x00000000159be000 	/System/Library/Frameworks/Carbon.framework/Versions/A/Carbon
0x000000010da83000 	/System/Library/PrivateFrameworks/JavaLaunching.framework/Versions/A/JavaLaunching
0x00000000159be000 	/System/Library/Frameworks/Carbon.framework/Versions/A/Frameworks/CommonPanels.framework/Versions/A/CommonPanels
0x00000000159be000 	/System/Library/Frameworks/Carbon.framework/Versions/A/Frameworks/Help.framework/Versions/A/Help
0x00000000159be000 	/System/Library/Frameworks/Carbon.framework/Versions/A/Frameworks/ImageCapture.framework/Versions/A/ImageCapture
0x00000000159be000 	/System/Library/Frameworks/Carbon.framework/Versions/A/Frameworks/OpenScripting.framework/Versions/A/OpenScripting
0x00000000159be000 	/System/Library/Frameworks/Carbon.framework/Versions/A/Frameworks/Print.framework/Versions/A/Print
0x00000000159be000 	/System/Library/Frameworks/Carbon.framework/Versions/A/Frameworks/SecurityHI.framework/Versions/A/SecurityHI
0x000000010f5b3000 	/Library/Java/JavaVirtualMachines/jdk1.8.0_60.jdk/Contents/Home/jre/lib/libnet.dylib
0x000000010f6a8000 	/Library/Java/JavaVirtualMachines/jdk1.8.0_60.jdk/Contents/Home/jre/lib/libprism_es2.dylib
0x00000000159be000 	/System/Library/Frameworks/OpenGL.framework/Versions/A/Resources/GLEngine.bundle/GLEngine
0x00000000159be000 	/System/Library/Frameworks/OpenGL.framework/Versions/A/Libraries/libGLProgrammability.dylib
0x000000010f70e000 	/System/Library/Extensions/AppleIntelHD3000GraphicsGLDriver.bundle/Contents/MacOS/AppleIntelHD3000GraphicsGLDriver
0x00000000159be000 	/System/Library/PrivateFrameworks/GPUSupport.framework/Versions/A/Libraries/libGPUSupport.dylib
0x000000010fbca000 	/System/Library/Extensions/AMDRadeonX3000GLDriver.bundle/Contents/MacOS/AMDRadeonX3000GLDriver
0x00000000159be000 	/System/Library/PrivateFrameworks/GPUSupport.framework/Versions/A/Libraries/libGPUSupportMercury.dylib
0x000000010fcab000 	/System/Library/Extensions/AMDRadeonX3000GLDriver.bundle/Contents/MacOS/ATIRadeonX3000SCLib.dylib
0x00000000159be000 	/System/Library/Frameworks/OpenGL.framework/Versions/A/Resources/GLRendererFloat.bundle/GLRendererFloat
0x00000000159be000 	/System/Library/Frameworks/OpenCL.framework/Versions/A/Libraries/libcldcpuengine.dylib
0x00000000159be000 	/usr/lib/libcrypto.0.9.8.dylib
0x00000000159be000 	/System/Library/PrivateFrameworks/TrustEvaluationAgent.framework/Versions/A/TrustEvaluationAgent
0x000000010ff52000 	/Library/Java/JavaVirtualMachines/jdk1.8.0_60.jdk/Contents/Home/jre/lib/libglass.dylib
0x00000000159be000 	/System/Library/PrivateFrameworks/CoreServicesInternal.framework/Versions/A/CoreServicesInternal
0x00000000159be000 	/System/Library/CoreServices/RawCamera.bundle/Contents/MacOS/RawCamera
0x00000000159be000 	/System/Library/Frameworks/Accelerate.framework/Versions/A/Frameworks/vImage.framework/Versions/A/Libraries/libCGInterfaces.dylib
0x00000000159be000 	/System/Library/PrivateFrameworks/FamilyControls.framework/Versions/A/FamilyControls
0x00000000159be000 	/System/Library/PrivateFrameworks/CommerceKit.framework/Versions/A/Frameworks/CommerceCore.framework/Versions/A/CommerceCore
0x00000000159be000 	/System/Library/PrivateFrameworks/SystemAdministration.framework/Versions/A/SystemAdministration
0x00000000159be000 	/System/Library/PrivateFrameworks/AppContainer.framework/Versions/A/AppContainer
0x00000000159be000 	/System/Library/PrivateFrameworks/SecCodeWrapper.framework/Versions/A/SecCodeWrapper
0x00000000159be000 	/System/Library/Frameworks/DirectoryService.framework/Versions/A/DirectoryService
0x00000000159be000 	/System/Library/PrivateFrameworks/DiskImages.framework/Versions/A/DiskImages
0x00000000159be000 	/System/Library/PrivateFrameworks/LoginUIKit.framework/Versions/A/Frameworks/LoginUICore.framework/Versions/A/LoginUICore
0x00000000159be000 	/usr/lib/libCoreStorage.dylib
0x00000000159be000 	/usr/lib/libcsfde.dylib
0x00000000159be000 	/usr/lib/libodfde.dylib
0x00000000159be000 	/System/Library/Frameworks/DiscRecording.framework/Versions/A/DiscRecording
0x00000000159be000 	/usr/lib/libcurl.4.dylib
0x00000000159be000 	/System/Library/PrivateFrameworks/MediaKit.framework/Versions/A/MediaKit
0x00000000159be000 	/System/Library/PrivateFrameworks/ProtectedCloudStorage.framework/Versions/A/ProtectedCloudStorage
0x00000000159be000 	/System/Library/PrivateFrameworks/EFILogin.framework/Versions/A/EFILogin
0x00000000159be000 	/usr/lib/libutil.dylib
0x00000000159be000 	/System/Library/Frameworks/LDAP.framework/Versions/A/LDAP
0x00000000159be000 	/usr/lib/libsasl2.2.dylib
0x00000000159be000 	/System/Library/PrivateFrameworks/CoreDaemon.framework/Versions/B/CoreDaemon
0x00000000159be000 	/System/Library/PrivateFrameworks/AppleSRP.framework/Versions/A/AppleSRP
0x00000000159be000 	/System/Library/PrivateFrameworks/APFS.framework/Versions/A/APFS
0x00000001101c1000 	/System/Library/PrivateFrameworks/AccessibilityBundles.framework/AccessibilityBundles
0x0000000111b11000 	/Library/Java/JavaVirtualMachines/jdk1.8.0_60.jdk/Contents/Home/jre/lib/libawt.dylib
0x000000012a4c1000 	/Library/Java/JavaVirtualMachines/jdk1.8.0_60.jdk/Contents/Home/jre/lib/./libmlib_image.dylib
0x0000000111bb9000 	/Library/Java/JavaVirtualMachines/jdk1.8.0_60.jdk/Contents/Home/jre/lib/libawt_lwawt.dylib
0x000000012a58d000 	/Library/Java/JavaVirtualMachines/jdk1.8.0_60.jdk/Contents/Home/jre/lib/./libosxapp.dylib
0x00000000159be000 	/System/Library/Frameworks/ExceptionHandling.framework/Versions/A/ExceptionHandling
0x000000012a7a9000 	/private/var/folders/s_/5scqxqc91vj4_bs3hswwgsdm0000gn/T/jna-97419/jna4880435720149206223.tmp
0x0000000111c6e000 	/Library/Java/JavaVirtualMachines/jdk1.8.0_60.jdk/Contents/Home/jre/lib/libjavafx_font.dylib
0x00000000159be000 	/System/Library/Frameworks/ApplicationServices.framework/Versions/A/Frameworks/ATS.framework/Versions/A/Resources/libTrueTypeScaler.dylib
0x0000000110385000 	/Library/Java/JavaVirtualMachines/jdk1.8.0_60.jdk/Contents/Home/jre/lib/libnio.dylib
0x00000000159be000 	/System/Library/PrivateFrameworks/ViewBridge.framework/Versions/A/ViewBridge
0x00000000159be000 	/System/Library/PrivateFrameworks/XPCService.framework/Versions/A/XPCService
0x00000000159be000 	/System/Library/PrivateFrameworks/AppSandbox.framework/Versions/A/AppSandbox
0x00000000159be000 	/usr/lib/libsandbox.1.dylib
0x00000000159be000 	/usr/lib/libMatch.1.dylib
0x000000012cb93000 	/Library/Java/JavaVirtualMachines/jdk1.8.0_60.jdk/Contents/Home/jre/lib/libprism_common.dylib

VM Arguments:
jvm_args: -DworkingDir=src/test/resources/test1 -javaagent:/Applications/IntelliJ IDEA CE.app/Contents/lib/idea_rt.jar=54985:/Applications/IntelliJ IDEA CE.app/Contents/bin -Dfile.encoding=UTF-8 
java_command: org.tools4j.launcher.javafx.Main
java_class_path (initial): /Library/Java/JavaVirtualMachines/jdk1.8.0_60.jdk/Contents/Home/lib/ant-javafx.jar:/Library/Java/JavaVirtualMachines/jdk1.8.0_60.jdk/Contents/Home/lib/dt.jar:/Library/Java/JavaVirtualMachines/jdk1.8.0_60.jdk/Contents/Home/lib/javafx-mx.jar:/Library/Java/JavaVirtualMachines/jdk1.8.0_60.jdk/Contents/Home/lib/jconsole.jar:/Library/Java/JavaVirtualMachines/jdk1.8.0_60.jdk/Contents/Home/lib/packager.jar:/Library/Java/JavaVirtualMachines/jdk1.8.0_60.jdk/Contents/Home/lib/sa-jdi.jar:/Library/Java/JavaVirtualMachines/jdk1.8.0_60.jdk/Contents/Home/lib/tools.jar:/Library/Java/JavaVirtualMachines/jdk1.8.0_60.jdk/Contents/Home/jre/lib/charsets.jar:/Library/Java/JavaVirtualMachines/jdk1.8.0_60.jdk/Contents/Home/jre/lib/deploy.jar:/Library/Java/JavaVirtualMachines/jdk1.8.0_60.jdk/Contents/Home/jre/lib/javaws.jar:/Library/Java/JavaVirtualMachines/jdk1.8.0_60.jdk/Contents/Home/jre/lib/jce.jar:/Library/Java/JavaVirtualMachines/jdk1.8.0_60.jdk/Contents/Home/jre/lib/jfr.jar:/Library/Java/JavaVirtualMachines/jdk1.8.0_60.jdk/Contents/Home/jre/lib/jfxswt.jar:/Library/Java/JavaVirtualMachines/jdk1.8.0_60.jdk/Contents/Home/jre/lib/jsse.jar:/Library/Java/JavaVirtualMachines/jdk1.8.0_60.jdk/Contents/Home/jre/lib/management-agent.jar:/Library/Java/JavaVirtualMachines/jdk1.8.0_60.jdk/Contents/Home/jre/lib/plugin.jar:/Library/Java/JavaVirtualMachines/jdk1.8.0_60.jdk/Contents/Home/jre/lib/resources.jar:/Library/Java/JavaVirtualMachines/jdk1.8.0_60.jdk/Contents/Home/jre/lib/rt.jar:/Library/Java/JavaVirtualMachines/jdk1.8.0_60.jdk/Contents/Home/jre/lib/ext/cldrdata.jar:/Library/Java/JavaVirtualMachines/jdk1.8.0_60.jdk/Contents/Home/jre/lib/ext/dnsns.jar:/Library/Java/JavaVirtualMachines/jdk1.8.0_60.jdk/Contents/Home/jre/lib/ext/jaccess.jar:/Library/Java/JavaVirtualMachines/jdk1.8.0_60.jdk/Contents/Home/jre/lib/ext/jfxrt.jar:/Library/Java/JavaVirtualMachines/jdk1.8.0_60.jdk/Contents/Home/jre/lib/ext/localedata.jar:/Library/Java/JavaVirtualMachines/jdk1.8.0_60.jdk/Conten
Launcher Type: SUN_STANDARD

Environment Variables:
JAVA_HOME=/Library/Java/JavaVirtualMachines/jdk1.7.0_10.jdk/Contents/Home
PATH=/Users/ben/dev/bin/apache-maven-3.1.1/bin:/opt/local/bin:/opt/local/sbin:/Users/ben/dev/bin/gradle-3.3/bin:/Users/ben/dev/bin/apache-ant-1.9.3/bin:/Users/ben/dev/bin/adt-bundle-mac-x86_64-20140321/sdk/tools:/Users/ben/q/m32:/usr/local/bin:/usr/bin:/bin:/usr/sbin:/sbin:/opt/X11/bin:/usr/local/git/bin:/usr/local/MacGPG2/bin
SHELL=/bin/bash
DISPLAY=/private/tmp/com.apple.launchd.f7nwd5gC38/org.macosforge.xquartz:0

Signal Handlers:
SIGSEGV: [libjvm.dylib+0x5a6d31], sa_mask[0]=11111111011111110111111111111111, sa_flags=SA_ONSTACK|SA_RESTART|SA_SIGINFO
SIGBUS: [libjvm.dylib+0x5a6d31], sa_mask[0]=11111111011111110111111111111111, sa_flags=SA_RESTART|SA_SIGINFO
SIGFPE: [libjvm.dylib+0x480a4c], sa_mask[0]=11111111011111110111111111111111, sa_flags=SA_RESTART|SA_SIGINFO
SIGPIPE: [libjvm.dylib+0x480a4c], sa_mask[0]=11111111011111110111111111111111, sa_flags=SA_RESTART|SA_SIGINFO
SIGXFSZ: [libjvm.dylib+0x480a4c], sa_mask[0]=11111111011111110111111111111111, sa_flags=SA_RESTART|SA_SIGINFO
SIGILL: [libjvm.dylib+0x480a4c], sa_mask[0]=11111111011111110111111111111111, sa_flags=SA_RESTART|SA_SIGINFO
SIGUSR1: SIG_DFL, sa_mask[0]=00000000000000000000000000000000, sa_flags=none
SIGUSR2: [libjvm.dylib+0x48056a], sa_mask[0]=00100000000000000000000000000000, sa_flags=SA_RESTART|SA_SIGINFO
SIGHUP: [libjvm.dylib+0x47eb41], sa_mask[0]=11111111011111110111111111111111, sa_flags=SA_RESTART|SA_SIGINFO
SIGINT: [libjvm.dylib+0x47eb41], sa_mask[0]=11111111011111110111111111111111, sa_flags=SA_RESTART|SA_SIGINFO
SIGTERM: [libjvm.dylib+0x47eb41], sa_mask[0]=11111111011111110111111111111111, sa_flags=SA_RESTART|SA_SIGINFO
SIGQUIT: [libjvm.dylib+0x47eb41], sa_mask[0]=11111111011111110111111111111111, sa_flags=SA_RESTART|SA_SIGINFO


---------------  S Y S T E M  ---------------

OS:Bsduname:Darwin 16.6.0 Darwin Kernel Version 16.6.0: Fri Apr 14 16:21:16 PDT 2017; root:xnu-3789.60.24~6/RELEASE_X86_64 x86_64
rlimit: STACK 8192k, CORE 0k, NPROC 709, NOFILE 10240, AS infinity
load average:3.17 3.77 4.47

CPU:total 8 (4 cores per cpu, 2 threads per core) family 6 model 42 stepping 7, cmov, cx8, fxsr, mmx, sse, sse2, sse3, ssse3, sse4.1, sse4.2, popcnt, avx, aes, clmul, ht, tsc, tscinvbit

Memory: 4k page, physical 16777216k(362100k free)

/proc/meminfo:


vm_info: Java HotSpot(TM) 64-Bit Server VM (25.60-b23) for bsd-amd64 JRE (1.8.0_60-b27), built on Aug  4 2015 10:47:24 by "java_re" with gcc 4.2.1 (Based on Apple Inc. build 5658) (LLVM build 2336.11.00)

time: Fri Nov 24 06:41:52 2017
elapsed time: 11 seconds (0d 0h 0m 11s)

